2024-02-05 19:26:58,513 INFO [restartedMain] c.n.c.CommunityApplication [StartupInfoLogger.java:50] Starting CommunityApplication on zyf with PID 27336 (started by 章翼飞 in D:\findwork project\community)
2024-02-05 19:26:58,516 INFO [restartedMain] c.n.c.CommunityApplication [SpringApplication.java:675] No active profile set, falling back to default profiles: default
2024-02-05 19:26:58,544 INFO [restartedMain] o.s.b.d.e.DevToolsPropertyDefaultsPostProcessor [DeferredLog.java:227] Devtools property defaults active! Set 'spring.devtools.add-properties' to 'false' to disable
2024-02-05 19:26:58,544 INFO [restartedMain] o.s.b.d.e.DevToolsPropertyDefaultsPostProcessor [DeferredLog.java:227] For additional web related logging consider setting the 'logging.level.web' property to 'DEBUG'
2024-02-05 19:26:59,419 INFO [restartedMain] o.s.b.w.e.t.TomcatWebServer [TomcatWebServer.java:90] Tomcat initialized with port(s): 8080 (http)
2024-02-05 19:26:59,431 INFO [restartedMain] o.a.c.h.Http11NioProtocol [DirectJDKLog.java:173] Initializing ProtocolHandler ["http-nio-8080"]
2024-02-05 19:26:59,436 INFO [restartedMain] o.a.c.c.StandardService [DirectJDKLog.java:173] Starting service [Tomcat]
2024-02-05 19:26:59,437 INFO [restartedMain] o.a.c.c.StandardEngine [DirectJDKLog.java:173] Starting Servlet engine: [Apache Tomcat/9.0.19]
2024-02-05 19:26:59,508 INFO [restartedMain] o.a.c.c.C.[.[.[/community] [DirectJDKLog.java:173] Initializing Spring embedded WebApplicationContext
2024-02-05 19:26:59,508 INFO [restartedMain] o.s.w.c.ContextLoader [ServletWebServerApplicationContext.java:296] Root WebApplicationContext: initialization completed in 963 ms
2024-02-05 19:26:59,915 INFO [restartedMain] o.s.s.c.ThreadPoolTaskExecutor [ExecutorConfigurationSupport.java:171] Initializing ExecutorService 'applicationTaskExecutor'
2024-02-05 19:26:59,976 INFO [restartedMain] o.s.b.a.w.s.WelcomePageHandlerMapping [WelcomePageHandlerMapping.java:61] Adding welcome page template: index
2024-02-05 19:27:00,050 INFO [restartedMain] o.s.b.d.a.OptionalLiveReloadServer [OptionalLiveReloadServer.java:57] LiveReload server is running on port 35729
2024-02-05 19:27:00,067 INFO [restartedMain] o.a.c.h.Http11NioProtocol [DirectJDKLog.java:173] Starting ProtocolHandler ["http-nio-8080"]
2024-02-05 19:27:00,081 INFO [restartedMain] o.s.b.w.e.t.TomcatWebServer [TomcatWebServer.java:204] Tomcat started on port(s): 8080 (http) with context path '/community'
2024-02-05 19:27:00,082 INFO [restartedMain] c.n.c.CommunityApplication [StartupInfoLogger.java:59] Started CommunityApplication in 1.88 seconds (JVM running for 2.683)
2024-02-05 19:27:15,717 INFO [http-nio-8080-exec-1] o.a.c.c.C.[.[.[/community] [DirectJDKLog.java:173] Initializing Spring DispatcherServlet 'dispatcherServlet'
2024-02-05 19:27:15,717 INFO [http-nio-8080-exec-1] o.s.w.s.DispatcherServlet [FrameworkServlet.java:524] Initializing Servlet 'dispatcherServlet'
2024-02-05 19:27:15,722 INFO [http-nio-8080-exec-1] o.s.w.s.DispatcherServlet [FrameworkServlet.java:546] Completed initialization in 5 ms
2024-02-05 19:28:00,656 INFO [Thread-8] o.s.s.c.ThreadPoolTaskExecutor [ExecutorConfigurationSupport.java:208] Shutting down ExecutorService 'applicationTaskExecutor'
2024-02-05 19:28:01,110 INFO [restartedMain] c.n.c.CommunityApplication [StartupInfoLogger.java:50] Starting CommunityApplication on zyf with PID 27336 (started by 章翼飞 in D:\findwork project\community)
2024-02-05 19:28:01,111 INFO [restartedMain] c.n.c.CommunityApplication [SpringApplication.java:675] No active profile set, falling back to default profiles: default
2024-02-05 19:28:01,334 INFO [restartedMain] o.s.b.w.e.t.TomcatWebServer [TomcatWebServer.java:90] Tomcat initialized with port(s): 8080 (http)
2024-02-05 19:28:01,334 INFO [restartedMain] o.a.c.h.Http11NioProtocol [DirectJDKLog.java:173] Initializing ProtocolHandler ["http-nio-8080"]
2024-02-05 19:28:01,335 INFO [restartedMain] o.a.c.c.StandardService [DirectJDKLog.java:173] Starting service [Tomcat]
2024-02-05 19:28:01,335 INFO [restartedMain] o.a.c.c.StandardEngine [DirectJDKLog.java:173] Starting Servlet engine: [Apache Tomcat/9.0.19]
2024-02-05 19:28:01,352 INFO [restartedMain] o.a.c.c.C.[.[.[/community] [DirectJDKLog.java:173] Initializing Spring embedded WebApplicationContext
2024-02-05 19:28:01,352 INFO [restartedMain] o.s.w.c.ContextLoader [ServletWebServerApplicationContext.java:296] Root WebApplicationContext: initialization completed in 240 ms
2024-02-05 19:28:01,445 INFO [restartedMain] o.s.s.c.ThreadPoolTaskExecutor [ExecutorConfigurationSupport.java:171] Initializing ExecutorService 'applicationTaskExecutor'
2024-02-05 19:28:01,461 INFO [restartedMain] o.s.b.a.w.s.WelcomePageHandlerMapping [WelcomePageHandlerMapping.java:61] Adding welcome page template: index
2024-02-05 19:28:01,486 INFO [restartedMain] o.s.b.d.a.OptionalLiveReloadServer [OptionalLiveReloadServer.java:57] LiveReload server is running on port 35729
2024-02-05 19:28:01,493 INFO [restartedMain] o.a.c.h.Http11NioProtocol [DirectJDKLog.java:173] Starting ProtocolHandler ["http-nio-8080"]
2024-02-05 19:28:01,496 INFO [restartedMain] o.s.b.w.e.t.TomcatWebServer [TomcatWebServer.java:204] Tomcat started on port(s): 8080 (http) with context path '/community'
2024-02-05 19:28:01,497 INFO [restartedMain] c.n.c.CommunityApplication [StartupInfoLogger.java:59] Started CommunityApplication in 0.414 seconds (JVM running for 64.097)
2024-02-05 19:28:01,499 INFO [restartedMain] o.s.b.d.a.ConditionEvaluationDeltaLoggingListener [ConditionEvaluationDeltaLoggingListener.java:70] Condition evaluation unchanged
2024-02-05 19:28:01,689 INFO [http-nio-8080-exec-4] o.a.c.c.C.[.[.[/community] [DirectJDKLog.java:173] Initializing Spring DispatcherServlet 'dispatcherServlet'
2024-02-05 19:28:01,690 INFO [http-nio-8080-exec-4] o.s.w.s.DispatcherServlet [FrameworkServlet.java:524] Initializing Servlet 'dispatcherServlet'
2024-02-05 19:28:01,695 INFO [http-nio-8080-exec-4] o.s.w.s.DispatcherServlet [FrameworkServlet.java:546] Completed initialization in 5 ms
2024-02-05 19:28:13,075 INFO [Thread-17] o.s.s.c.ThreadPoolTaskExecutor [ExecutorConfigurationSupport.java:208] Shutting down ExecutorService 'applicationTaskExecutor'
2024-02-05 19:28:13,441 INFO [restartedMain] c.n.c.CommunityApplication [StartupInfoLogger.java:50] Starting CommunityApplication on zyf with PID 27336 (started by 章翼飞 in D:\findwork project\community)
2024-02-05 19:28:13,441 INFO [restartedMain] c.n.c.CommunityApplication [SpringApplication.java:675] No active profile set, falling back to default profiles: default
2024-02-05 19:28:13,571 INFO [restartedMain] o.s.b.w.e.t.TomcatWebServer [TomcatWebServer.java:90] Tomcat initialized with port(s): 8080 (http)
2024-02-05 19:28:13,572 INFO [restartedMain] o.a.c.h.Http11NioProtocol [DirectJDKLog.java:173] Initializing ProtocolHandler ["http-nio-8080"]
2024-02-05 19:28:13,572 INFO [restartedMain] o.a.c.c.StandardService [DirectJDKLog.java:173] Starting service [Tomcat]
2024-02-05 19:28:13,572 INFO [restartedMain] o.a.c.c.StandardEngine [DirectJDKLog.java:173] Starting Servlet engine: [Apache Tomcat/9.0.19]
2024-02-05 19:28:13,583 INFO [restartedMain] o.a.c.c.C.[.[.[/community] [DirectJDKLog.java:173] Initializing Spring embedded WebApplicationContext
2024-02-05 19:28:13,583 INFO [restartedMain] o.s.w.c.ContextLoader [ServletWebServerApplicationContext.java:296] Root WebApplicationContext: initialization completed in 141 ms
2024-02-05 19:28:13,665 INFO [restartedMain] o.s.s.c.ThreadPoolTaskExecutor [ExecutorConfigurationSupport.java:171] Initializing ExecutorService 'applicationTaskExecutor'
2024-02-05 19:28:13,684 INFO [restartedMain] o.s.b.a.w.s.WelcomePageHandlerMapping [WelcomePageHandlerMapping.java:61] Adding welcome page template: index
2024-02-05 19:28:13,707 INFO [restartedMain] o.s.b.d.a.OptionalLiveReloadServer [OptionalLiveReloadServer.java:57] LiveReload server is running on port 35729
2024-02-05 19:28:13,715 INFO [restartedMain] o.a.c.h.Http11NioProtocol [DirectJDKLog.java:173] Starting ProtocolHandler ["http-nio-8080"]
2024-02-05 19:28:13,718 INFO [restartedMain] o.s.b.w.e.t.TomcatWebServer [TomcatWebServer.java:204] Tomcat started on port(s): 8080 (http) with context path '/community'
2024-02-05 19:28:13,718 INFO [restartedMain] c.n.c.CommunityApplication [StartupInfoLogger.java:59] Started CommunityApplication in 0.298 seconds (JVM running for 76.319)
2024-02-05 19:28:13,719 INFO [restartedMain] o.s.b.d.a.ConditionEvaluationDeltaLoggingListener [ConditionEvaluationDeltaLoggingListener.java:70] Condition evaluation unchanged
2024-02-05 19:28:14,968 INFO [http-nio-8080-exec-1] o.a.c.c.C.[.[.[/community] [DirectJDKLog.java:173] Initializing Spring DispatcherServlet 'dispatcherServlet'
2024-02-05 19:28:14,969 INFO [http-nio-8080-exec-1] o.s.w.s.DispatcherServlet [FrameworkServlet.java:524] Initializing Servlet 'dispatcherServlet'
2024-02-05 19:28:14,972 INFO [http-nio-8080-exec-1] o.s.w.s.DispatcherServlet [FrameworkServlet.java:546] Completed initialization in 3 ms
2024-02-05 19:30:52,589 INFO [Thread-28] o.s.s.c.ThreadPoolTaskExecutor [ExecutorConfigurationSupport.java:208] Shutting down ExecutorService 'applicationTaskExecutor'
2024-02-05 19:30:55,194 INFO [restartedMain] c.n.c.CommunityApplication [StartupInfoLogger.java:50] Starting CommunityApplication on zyf with PID 28872 (started by 章翼飞 in D:\findwork project\community)
2024-02-05 19:30:55,196 INFO [restartedMain] c.n.c.CommunityApplication [SpringApplication.java:675] No active profile set, falling back to default profiles: default
2024-02-05 19:30:55,218 INFO [restartedMain] o.s.b.d.e.DevToolsPropertyDefaultsPostProcessor [DeferredLog.java:227] Devtools property defaults active! Set 'spring.devtools.add-properties' to 'false' to disable
2024-02-05 19:30:55,219 INFO [restartedMain] o.s.b.d.e.DevToolsPropertyDefaultsPostProcessor [DeferredLog.java:227] For additional web related logging consider setting the 'logging.level.web' property to 'DEBUG'
2024-02-05 19:30:55,983 INFO [restartedMain] o.s.b.w.e.t.TomcatWebServer [TomcatWebServer.java:90] Tomcat initialized with port(s): 8080 (http)
2024-02-05 19:30:55,992 INFO [restartedMain] o.a.c.h.Http11NioProtocol [DirectJDKLog.java:173] Initializing ProtocolHandler ["http-nio-8080"]
2024-02-05 19:30:55,996 INFO [restartedMain] o.a.c.c.StandardService [DirectJDKLog.java:173] Starting service [Tomcat]
2024-02-05 19:30:55,996 INFO [restartedMain] o.a.c.c.StandardEngine [DirectJDKLog.java:173] Starting Servlet engine: [Apache Tomcat/9.0.19]
2024-02-05 19:30:56,060 INFO [restartedMain] o.a.c.c.C.[.[.[/community] [DirectJDKLog.java:173] Initializing Spring embedded WebApplicationContext
2024-02-05 19:30:56,061 INFO [restartedMain] o.s.w.c.ContextLoader [ServletWebServerApplicationContext.java:296] Root WebApplicationContext: initialization completed in 841 ms
2024-02-05 19:30:56,407 INFO [restartedMain] o.s.s.c.ThreadPoolTaskExecutor [ExecutorConfigurationSupport.java:171] Initializing ExecutorService 'applicationTaskExecutor'
2024-02-05 19:30:56,461 INFO [restartedMain] o.s.b.a.w.s.WelcomePageHandlerMapping [WelcomePageHandlerMapping.java:61] Adding welcome page template: index
2024-02-05 19:30:56,527 INFO [restartedMain] o.s.b.d.a.OptionalLiveReloadServer [OptionalLiveReloadServer.java:57] LiveReload server is running on port 35729
2024-02-05 19:30:56,554 INFO [restartedMain] o.a.c.h.Http11NioProtocol [DirectJDKLog.java:173] Starting ProtocolHandler ["http-nio-8080"]
2024-02-05 19:30:56,571 INFO [restartedMain] o.s.b.w.e.t.TomcatWebServer [TomcatWebServer.java:204] Tomcat started on port(s): 8080 (http) with context path '/community'
2024-02-05 19:30:56,574 INFO [restartedMain] c.n.c.CommunityApplication [StartupInfoLogger.java:59] Started CommunityApplication in 1.629 seconds (JVM running for 2.242)
2024-02-05 19:30:58,542 INFO [http-nio-8080-exec-1] o.a.c.c.C.[.[.[/community] [DirectJDKLog.java:173] Initializing Spring DispatcherServlet 'dispatcherServlet'
2024-02-05 19:30:58,542 INFO [http-nio-8080-exec-1] o.s.w.s.DispatcherServlet [FrameworkServlet.java:524] Initializing Servlet 'dispatcherServlet'
2024-02-05 19:30:58,546 INFO [http-nio-8080-exec-1] o.s.w.s.DispatcherServlet [FrameworkServlet.java:546] Completed initialization in 4 ms
2024-02-05 19:38:02,271 INFO [Thread-11] o.s.s.c.ThreadPoolTaskExecutor [ExecutorConfigurationSupport.java:208] Shutting down ExecutorService 'applicationTaskExecutor'
2024-02-05 19:38:04,413 INFO [restartedMain] c.n.c.CommunityApplication [StartupInfoLogger.java:50] Starting CommunityApplication on zyf with PID 24744 (started by 章翼飞 in D:\findwork project\community)
2024-02-05 19:38:04,415 INFO [restartedMain] c.n.c.CommunityApplication [SpringApplication.java:675] No active profile set, falling back to default profiles: default
2024-02-05 19:38:04,435 INFO [restartedMain] o.s.b.d.e.DevToolsPropertyDefaultsPostProcessor [DeferredLog.java:227] Devtools property defaults active! Set 'spring.devtools.add-properties' to 'false' to disable
2024-02-05 19:38:04,436 INFO [restartedMain] o.s.b.d.e.DevToolsPropertyDefaultsPostProcessor [DeferredLog.java:227] For additional web related logging consider setting the 'logging.level.web' property to 'DEBUG'
2024-02-05 19:38:05,135 INFO [restartedMain] o.s.b.w.e.t.TomcatWebServer [TomcatWebServer.java:90] Tomcat initialized with port(s): 8080 (http)
2024-02-05 19:38:05,143 INFO [restartedMain] o.a.c.h.Http11NioProtocol [DirectJDKLog.java:173] Initializing ProtocolHandler ["http-nio-8080"]
2024-02-05 19:38:05,148 INFO [restartedMain] o.a.c.c.StandardService [DirectJDKLog.java:173] Starting service [Tomcat]
2024-02-05 19:38:05,149 INFO [restartedMain] o.a.c.c.StandardEngine [DirectJDKLog.java:173] Starting Servlet engine: [Apache Tomcat/9.0.19]
2024-02-05 19:38:05,223 INFO [restartedMain] o.a.c.c.C.[.[.[/community] [DirectJDKLog.java:173] Initializing Spring embedded WebApplicationContext
2024-02-05 19:38:05,224 INFO [restartedMain] o.s.w.c.ContextLoader [ServletWebServerApplicationContext.java:296] Root WebApplicationContext: initialization completed in 788 ms
2024-02-05 19:38:05,562 INFO [restartedMain] o.s.s.c.ThreadPoolTaskExecutor [ExecutorConfigurationSupport.java:171] Initializing ExecutorService 'applicationTaskExecutor'
2024-02-05 19:38:05,616 INFO [restartedMain] o.s.b.a.w.s.WelcomePageHandlerMapping [WelcomePageHandlerMapping.java:61] Adding welcome page template: index
2024-02-05 19:38:05,677 INFO [restartedMain] o.s.b.d.a.OptionalLiveReloadServer [OptionalLiveReloadServer.java:57] LiveReload server is running on port 35729
2024-02-05 19:38:05,694 INFO [restartedMain] o.a.c.h.Http11NioProtocol [DirectJDKLog.java:173] Starting ProtocolHandler ["http-nio-8080"]
2024-02-05 19:38:05,708 INFO [restartedMain] o.s.b.w.e.t.TomcatWebServer [TomcatWebServer.java:204] Tomcat started on port(s): 8080 (http) with context path '/community'
2024-02-05 19:38:05,710 INFO [restartedMain] c.n.c.CommunityApplication [StartupInfoLogger.java:59] Started CommunityApplication in 1.506 seconds (JVM running for 2.283)
2024-02-05 19:38:19,960 INFO [http-nio-8080-exec-1] o.a.c.c.C.[.[.[/community] [DirectJDKLog.java:173] Initializing Spring DispatcherServlet 'dispatcherServlet'
2024-02-05 19:38:19,960 INFO [http-nio-8080-exec-1] o.s.w.s.DispatcherServlet [FrameworkServlet.java:524] Initializing Servlet 'dispatcherServlet'
2024-02-05 19:38:19,967 INFO [http-nio-8080-exec-1] o.s.w.s.DispatcherServlet [FrameworkServlet.java:546] Completed initialization in 7 ms
2024-02-05 19:39:45,013 INFO [Thread-11] o.s.s.c.ThreadPoolTaskExecutor [ExecutorConfigurationSupport.java:208] Shutting down ExecutorService 'applicationTaskExecutor'
2024-02-05 19:39:47,330 INFO [restartedMain] c.n.c.CommunityApplication [StartupInfoLogger.java:50] Starting CommunityApplication on zyf with PID 17360 (started by 章翼飞 in D:\findwork project\community)
2024-02-05 19:39:47,332 INFO [restartedMain] c.n.c.CommunityApplication [SpringApplication.java:675] No active profile set, falling back to default profiles: default
2024-02-05 19:39:47,351 INFO [restartedMain] o.s.b.d.e.DevToolsPropertyDefaultsPostProcessor [DeferredLog.java:227] Devtools property defaults active! Set 'spring.devtools.add-properties' to 'false' to disable
2024-02-05 19:39:47,352 INFO [restartedMain] o.s.b.d.e.DevToolsPropertyDefaultsPostProcessor [DeferredLog.java:227] For additional web related logging consider setting the 'logging.level.web' property to 'DEBUG'
2024-02-05 19:39:48,034 INFO [restartedMain] o.s.b.w.e.t.TomcatWebServer [TomcatWebServer.java:90] Tomcat initialized with port(s): 8080 (http)
2024-02-05 19:39:48,042 INFO [restartedMain] o.a.c.h.Http11NioProtocol [DirectJDKLog.java:173] Initializing ProtocolHandler ["http-nio-8080"]
2024-02-05 19:39:48,047 INFO [restartedMain] o.a.c.c.StandardService [DirectJDKLog.java:173] Starting service [Tomcat]
2024-02-05 19:39:48,047 INFO [restartedMain] o.a.c.c.StandardEngine [DirectJDKLog.java:173] Starting Servlet engine: [Apache Tomcat/9.0.19]
2024-02-05 19:39:48,110 INFO [restartedMain] o.a.c.c.C.[.[.[/community] [DirectJDKLog.java:173] Initializing Spring embedded WebApplicationContext
2024-02-05 19:39:48,111 INFO [restartedMain] o.s.w.c.ContextLoader [ServletWebServerApplicationContext.java:296] Root WebApplicationContext: initialization completed in 759 ms
2024-02-05 19:39:48,435 INFO [restartedMain] o.s.s.c.ThreadPoolTaskExecutor [ExecutorConfigurationSupport.java:171] Initializing ExecutorService 'applicationTaskExecutor'
2024-02-05 19:39:48,485 INFO [restartedMain] o.s.b.a.w.s.WelcomePageHandlerMapping [WelcomePageHandlerMapping.java:61] Adding welcome page template: index
2024-02-05 19:39:48,542 INFO [restartedMain] o.s.b.d.a.OptionalLiveReloadServer [OptionalLiveReloadServer.java:57] LiveReload server is running on port 35729
2024-02-05 19:39:48,557 INFO [restartedMain] o.a.c.h.Http11NioProtocol [DirectJDKLog.java:173] Starting ProtocolHandler ["http-nio-8080"]
2024-02-05 19:39:48,570 INFO [restartedMain] o.s.b.w.e.t.TomcatWebServer [TomcatWebServer.java:204] Tomcat started on port(s): 8080 (http) with context path '/community'
2024-02-05 19:39:48,571 INFO [restartedMain] c.n.c.CommunityApplication [StartupInfoLogger.java:59] Started CommunityApplication in 1.458 seconds (JVM running for 2.067)
2024-02-05 19:39:52,317 INFO [http-nio-8080-exec-1] o.a.c.c.C.[.[.[/community] [DirectJDKLog.java:173] Initializing Spring DispatcherServlet 'dispatcherServlet'
2024-02-05 19:39:52,317 INFO [http-nio-8080-exec-1] o.s.w.s.DispatcherServlet [FrameworkServlet.java:524] Initializing Servlet 'dispatcherServlet'
2024-02-05 19:39:52,321 INFO [http-nio-8080-exec-1] o.s.w.s.DispatcherServlet [FrameworkServlet.java:546] Completed initialization in 4 ms
2024-02-05 19:41:53,888 INFO [Thread-11] o.s.s.c.ThreadPoolTaskExecutor [ExecutorConfigurationSupport.java:208] Shutting down ExecutorService 'applicationTaskExecutor'
2024-02-05 19:41:56,270 INFO [restartedMain] c.n.c.CommunityApplication [StartupInfoLogger.java:50] Starting CommunityApplication on zyf with PID 19680 (started by 章翼飞 in D:\findwork project\community)
2024-02-05 19:41:56,272 INFO [restartedMain] c.n.c.CommunityApplication [SpringApplication.java:675] No active profile set, falling back to default profiles: default
2024-02-05 19:41:56,293 INFO [restartedMain] o.s.b.d.e.DevToolsPropertyDefaultsPostProcessor [DeferredLog.java:227] Devtools property defaults active! Set 'spring.devtools.add-properties' to 'false' to disable
2024-02-05 19:41:56,293 INFO [restartedMain] o.s.b.d.e.DevToolsPropertyDefaultsPostProcessor [DeferredLog.java:227] For additional web related logging consider setting the 'logging.level.web' property to 'DEBUG'
2024-02-05 19:41:56,988 INFO [restartedMain] o.s.b.w.e.t.TomcatWebServer [TomcatWebServer.java:90] Tomcat initialized with port(s): 8080 (http)
2024-02-05 19:41:56,996 INFO [restartedMain] o.a.c.h.Http11NioProtocol [DirectJDKLog.java:173] Initializing ProtocolHandler ["http-nio-8080"]
2024-02-05 19:41:57,001 INFO [restartedMain] o.a.c.c.StandardService [DirectJDKLog.java:173] Starting service [Tomcat]
2024-02-05 19:41:57,001 INFO [restartedMain] o.a.c.c.StandardEngine [DirectJDKLog.java:173] Starting Servlet engine: [Apache Tomcat/9.0.19]
2024-02-05 19:41:57,067 INFO [restartedMain] o.a.c.c.C.[.[.[/community] [DirectJDKLog.java:173] Initializing Spring embedded WebApplicationContext
2024-02-05 19:41:57,067 INFO [restartedMain] o.s.w.c.ContextLoader [ServletWebServerApplicationContext.java:296] Root WebApplicationContext: initialization completed in 774 ms
2024-02-05 19:41:57,405 INFO [restartedMain] o.s.s.c.ThreadPoolTaskExecutor [ExecutorConfigurationSupport.java:171] Initializing ExecutorService 'applicationTaskExecutor'
2024-02-05 19:41:57,463 INFO [restartedMain] o.s.b.a.w.s.WelcomePageHandlerMapping [WelcomePageHandlerMapping.java:61] Adding welcome page template: index
2024-02-05 19:41:57,522 INFO [restartedMain] o.s.b.d.a.OptionalLiveReloadServer [OptionalLiveReloadServer.java:57] LiveReload server is running on port 35729
2024-02-05 19:41:57,538 INFO [restartedMain] o.a.c.h.Http11NioProtocol [DirectJDKLog.java:173] Starting ProtocolHandler ["http-nio-8080"]
2024-02-05 19:41:57,550 INFO [restartedMain] o.s.b.w.e.t.TomcatWebServer [TomcatWebServer.java:204] Tomcat started on port(s): 8080 (http) with context path '/community'
2024-02-05 19:41:57,552 INFO [restartedMain] c.n.c.CommunityApplication [StartupInfoLogger.java:59] Started CommunityApplication in 1.494 seconds (JVM running for 2.119)
2024-02-05 19:42:02,412 INFO [http-nio-8080-exec-1] o.a.c.c.C.[.[.[/community] [DirectJDKLog.java:173] Initializing Spring DispatcherServlet 'dispatcherServlet'
2024-02-05 19:42:02,413 INFO [http-nio-8080-exec-1] o.s.w.s.DispatcherServlet [FrameworkServlet.java:524] Initializing Servlet 'dispatcherServlet'
2024-02-05 19:42:02,418 INFO [http-nio-8080-exec-1] o.s.w.s.DispatcherServlet [FrameworkServlet.java:546] Completed initialization in 5 ms
2024-02-05 19:47:02,255 INFO [Thread-11] o.s.s.c.ThreadPoolTaskExecutor [ExecutorConfigurationSupport.java:208] Shutting down ExecutorService 'applicationTaskExecutor'
2024-02-05 19:47:04,248 INFO [restartedMain] c.n.c.CommunityApplication [StartupInfoLogger.java:50] Starting CommunityApplication on zyf with PID 9000 (started by 章翼飞 in D:\findwork project\community)
2024-02-05 19:47:04,250 INFO [restartedMain] c.n.c.CommunityApplication [SpringApplication.java:675] No active profile set, falling back to default profiles: default
2024-02-05 19:47:04,269 INFO [restartedMain] o.s.b.d.e.DevToolsPropertyDefaultsPostProcessor [DeferredLog.java:227] Devtools property defaults active! Set 'spring.devtools.add-properties' to 'false' to disable
2024-02-05 19:47:04,269 INFO [restartedMain] o.s.b.d.e.DevToolsPropertyDefaultsPostProcessor [DeferredLog.java:227] For additional web related logging consider setting the 'logging.level.web' property to 'DEBUG'
2024-02-05 19:47:04,944 INFO [restartedMain] o.s.b.w.e.t.TomcatWebServer [TomcatWebServer.java:90] Tomcat initialized with port(s): 8080 (http)
2024-02-05 19:47:04,951 INFO [restartedMain] o.a.c.h.Http11NioProtocol [DirectJDKLog.java:173] Initializing ProtocolHandler ["http-nio-8080"]
2024-02-05 19:47:04,956 INFO [restartedMain] o.a.c.c.StandardService [DirectJDKLog.java:173] Starting service [Tomcat]
2024-02-05 19:47:04,957 INFO [restartedMain] o.a.c.c.StandardEngine [DirectJDKLog.java:173] Starting Servlet engine: [Apache Tomcat/9.0.19]
2024-02-05 19:47:05,023 INFO [restartedMain] o.a.c.c.C.[.[.[/community] [DirectJDKLog.java:173] Initializing Spring embedded WebApplicationContext
2024-02-05 19:47:05,023 INFO [restartedMain] o.s.w.c.ContextLoader [ServletWebServerApplicationContext.java:296] Root WebApplicationContext: initialization completed in 753 ms
2024-02-05 19:47:05,361 INFO [restartedMain] o.s.s.c.ThreadPoolTaskExecutor [ExecutorConfigurationSupport.java:171] Initializing ExecutorService 'applicationTaskExecutor'
2024-02-05 19:47:05,416 INFO [restartedMain] o.s.b.a.w.s.WelcomePageHandlerMapping [WelcomePageHandlerMapping.java:61] Adding welcome page template: index
2024-02-05 19:47:05,477 INFO [restartedMain] o.s.b.d.a.OptionalLiveReloadServer [OptionalLiveReloadServer.java:57] LiveReload server is running on port 35729
2024-02-05 19:47:05,492 INFO [restartedMain] o.a.c.h.Http11NioProtocol [DirectJDKLog.java:173] Starting ProtocolHandler ["http-nio-8080"]
2024-02-05 19:47:05,503 INFO [restartedMain] o.s.b.w.e.t.TomcatWebServer [TomcatWebServer.java:204] Tomcat started on port(s): 8080 (http) with context path '/community'
2024-02-05 19:47:05,505 INFO [restartedMain] c.n.c.CommunityApplication [StartupInfoLogger.java:59] Started CommunityApplication in 1.47 seconds (JVM running for 2.127)
2024-02-05 19:47:10,190 INFO [http-nio-8080-exec-1] o.a.c.c.C.[.[.[/community] [DirectJDKLog.java:173] Initializing Spring DispatcherServlet 'dispatcherServlet'
2024-02-05 19:47:10,190 INFO [http-nio-8080-exec-1] o.s.w.s.DispatcherServlet [FrameworkServlet.java:524] Initializing Servlet 'dispatcherServlet'
2024-02-05 19:47:10,194 INFO [http-nio-8080-exec-1] o.s.w.s.DispatcherServlet [FrameworkServlet.java:546] Completed initialization in 4 ms
2024-02-05 19:48:44,448 INFO [Thread-11] o.s.s.c.ThreadPoolTaskExecutor [ExecutorConfigurationSupport.java:208] Shutting down ExecutorService 'applicationTaskExecutor'
2024-02-05 19:48:57,501 INFO [restartedMain] c.n.c.CommunityApplication [StartupInfoLogger.java:50] Starting CommunityApplication on zyf with PID 28124 (started by 章翼飞 in D:\findwork project\community)
2024-02-05 19:48:57,503 INFO [restartedMain] c.n.c.CommunityApplication [SpringApplication.java:675] No active profile set, falling back to default profiles: default
2024-02-05 19:48:57,521 INFO [restartedMain] o.s.b.d.e.DevToolsPropertyDefaultsPostProcessor [DeferredLog.java:227] Devtools property defaults active! Set 'spring.devtools.add-properties' to 'false' to disable
2024-02-05 19:48:57,522 INFO [restartedMain] o.s.b.d.e.DevToolsPropertyDefaultsPostProcessor [DeferredLog.java:227] For additional web related logging consider setting the 'logging.level.web' property to 'DEBUG'
2024-02-05 19:48:58,167 INFO [restartedMain] o.s.b.w.e.t.TomcatWebServer [TomcatWebServer.java:90] Tomcat initialized with port(s): 8080 (http)
2024-02-05 19:48:58,174 INFO [restartedMain] o.a.c.h.Http11NioProtocol [DirectJDKLog.java:173] Initializing ProtocolHandler ["http-nio-8080"]
2024-02-05 19:48:58,178 INFO [restartedMain] o.a.c.c.StandardService [DirectJDKLog.java:173] Starting service [Tomcat]
2024-02-05 19:48:58,178 INFO [restartedMain] o.a.c.c.StandardEngine [DirectJDKLog.java:173] Starting Servlet engine: [Apache Tomcat/9.0.19]
2024-02-05 19:48:58,233 INFO [restartedMain] o.a.c.c.C.[.[.[/community] [DirectJDKLog.java:173] Initializing Spring embedded WebApplicationContext
2024-02-05 19:48:58,233 INFO [restartedMain] o.s.w.c.ContextLoader [ServletWebServerApplicationContext.java:296] Root WebApplicationContext: initialization completed in 711 ms
2024-02-05 19:48:58,564 INFO [restartedMain] o.s.s.c.ThreadPoolTaskExecutor [ExecutorConfigurationSupport.java:171] Initializing ExecutorService 'applicationTaskExecutor'
2024-02-05 19:48:58,612 INFO [restartedMain] o.s.b.a.w.s.WelcomePageHandlerMapping [WelcomePageHandlerMapping.java:61] Adding welcome page template: index
2024-02-05 19:48:58,665 INFO [restartedMain] o.s.b.d.a.OptionalLiveReloadServer [OptionalLiveReloadServer.java:57] LiveReload server is running on port 35729
2024-02-05 19:48:58,679 INFO [restartedMain] o.a.c.h.Http11NioProtocol [DirectJDKLog.java:173] Starting ProtocolHandler ["http-nio-8080"]
2024-02-05 19:48:58,690 INFO [restartedMain] o.s.b.w.e.t.TomcatWebServer [TomcatWebServer.java:204] Tomcat started on port(s): 8080 (http) with context path '/community'
2024-02-05 19:48:58,691 INFO [restartedMain] c.n.c.CommunityApplication [StartupInfoLogger.java:59] Started CommunityApplication in 1.383 seconds (JVM running for 1.936)
2024-02-05 19:49:05,685 INFO [http-nio-8080-exec-1] o.a.c.c.C.[.[.[/community] [DirectJDKLog.java:173] Initializing Spring DispatcherServlet 'dispatcherServlet'
2024-02-05 19:49:05,686 INFO [http-nio-8080-exec-1] o.s.w.s.DispatcherServlet [FrameworkServlet.java:524] Initializing Servlet 'dispatcherServlet'
2024-02-05 19:49:05,689 INFO [http-nio-8080-exec-1] o.s.w.s.DispatcherServlet [FrameworkServlet.java:546] Completed initialization in 3 ms
2024-02-05 19:55:24,687 INFO [Thread-11] o.s.s.c.ThreadPoolTaskExecutor [ExecutorConfigurationSupport.java:208] Shutting down ExecutorService 'applicationTaskExecutor'
2024-02-05 19:55:26,921 INFO [restartedMain] c.n.c.CommunityApplication [StartupInfoLogger.java:50] Starting CommunityApplication on zyf with PID 12292 (started by 章翼飞 in D:\findwork project\community)
2024-02-05 19:55:26,922 INFO [restartedMain] c.n.c.CommunityApplication [SpringApplication.java:675] No active profile set, falling back to default profiles: default
2024-02-05 19:55:26,940 INFO [restartedMain] o.s.b.d.e.DevToolsPropertyDefaultsPostProcessor [DeferredLog.java:227] Devtools property defaults active! Set 'spring.devtools.add-properties' to 'false' to disable
2024-02-05 19:55:26,941 INFO [restartedMain] o.s.b.d.e.DevToolsPropertyDefaultsPostProcessor [DeferredLog.java:227] For additional web related logging consider setting the 'logging.level.web' property to 'DEBUG'
2024-02-05 19:55:27,547 INFO [restartedMain] o.s.b.w.e.t.TomcatWebServer [TomcatWebServer.java:90] Tomcat initialized with port(s): 8080 (http)
2024-02-05 19:55:27,554 INFO [restartedMain] o.a.c.h.Http11NioProtocol [DirectJDKLog.java:173] Initializing ProtocolHandler ["http-nio-8080"]
2024-02-05 19:55:27,559 INFO [restartedMain] o.a.c.c.StandardService [DirectJDKLog.java:173] Starting service [Tomcat]
2024-02-05 19:55:27,559 INFO [restartedMain] o.a.c.c.StandardEngine [DirectJDKLog.java:173] Starting Servlet engine: [Apache Tomcat/9.0.19]
2024-02-05 19:55:27,616 INFO [restartedMain] o.a.c.c.C.[.[.[/community] [DirectJDKLog.java:173] Initializing Spring embedded WebApplicationContext
2024-02-05 19:55:27,617 INFO [restartedMain] o.s.w.c.ContextLoader [ServletWebServerApplicationContext.java:296] Root WebApplicationContext: initialization completed in 676 ms
2024-02-05 19:55:27,927 INFO [restartedMain] o.s.s.c.ThreadPoolTaskExecutor [ExecutorConfigurationSupport.java:171] Initializing ExecutorService 'applicationTaskExecutor'
2024-02-05 19:55:27,975 INFO [restartedMain] o.s.b.a.w.s.WelcomePageHandlerMapping [WelcomePageHandlerMapping.java:61] Adding welcome page template: index
2024-02-05 19:55:28,026 INFO [restartedMain] o.s.b.d.a.OptionalLiveReloadServer [OptionalLiveReloadServer.java:57] LiveReload server is running on port 35729
2024-02-05 19:55:28,040 INFO [restartedMain] o.a.c.h.Http11NioProtocol [DirectJDKLog.java:173] Starting ProtocolHandler ["http-nio-8080"]
2024-02-05 19:55:28,052 INFO [restartedMain] o.s.b.w.e.t.TomcatWebServer [TomcatWebServer.java:204] Tomcat started on port(s): 8080 (http) with context path '/community'
2024-02-05 19:55:28,053 INFO [restartedMain] c.n.c.CommunityApplication [StartupInfoLogger.java:59] Started CommunityApplication in 1.326 seconds (JVM running for 1.906)
2024-02-05 19:55:33,359 INFO [http-nio-8080-exec-1] o.a.c.c.C.[.[.[/community] [DirectJDKLog.java:173] Initializing Spring DispatcherServlet 'dispatcherServlet'
2024-02-05 19:55:33,359 INFO [http-nio-8080-exec-1] o.s.w.s.DispatcherServlet [FrameworkServlet.java:524] Initializing Servlet 'dispatcherServlet'
2024-02-05 19:55:33,363 INFO [http-nio-8080-exec-1] o.s.w.s.DispatcherServlet [FrameworkServlet.java:546] Completed initialization in 4 ms
2024-02-05 19:56:16,584 INFO [Thread-11] o.s.s.c.ThreadPoolTaskExecutor [ExecutorConfigurationSupport.java:208] Shutting down ExecutorService 'applicationTaskExecutor'
2024-02-05 19:56:19,936 INFO [restartedMain] c.n.c.CommunityApplication [StartupInfoLogger.java:50] Starting CommunityApplication on zyf with PID 29428 (started by 章翼飞 in D:\findwork project\community)
2024-02-05 19:56:19,938 INFO [restartedMain] c.n.c.CommunityApplication [SpringApplication.java:675] No active profile set, falling back to default profiles: default
2024-02-05 19:56:19,957 INFO [restartedMain] o.s.b.d.e.DevToolsPropertyDefaultsPostProcessor [DeferredLog.java:227] Devtools property defaults active! Set 'spring.devtools.add-properties' to 'false' to disable
2024-02-05 19:56:19,957 INFO [restartedMain] o.s.b.d.e.DevToolsPropertyDefaultsPostProcessor [DeferredLog.java:227] For additional web related logging consider setting the 'logging.level.web' property to 'DEBUG'
2024-02-05 19:56:20,622 INFO [restartedMain] o.s.b.w.e.t.TomcatWebServer [TomcatWebServer.java:90] Tomcat initialized with port(s): 8080 (http)
2024-02-05 19:56:20,629 INFO [restartedMain] o.a.c.h.Http11NioProtocol [DirectJDKLog.java:173] Initializing ProtocolHandler ["http-nio-8080"]
2024-02-05 19:56:20,634 INFO [restartedMain] o.a.c.c.StandardService [DirectJDKLog.java:173] Starting service [Tomcat]
2024-02-05 19:56:20,634 INFO [restartedMain] o.a.c.c.StandardEngine [DirectJDKLog.java:173] Starting Servlet engine: [Apache Tomcat/9.0.19]
2024-02-05 19:56:20,690 INFO [restartedMain] o.a.c.c.C.[.[.[/community] [DirectJDKLog.java:173] Initializing Spring embedded WebApplicationContext
2024-02-05 19:56:20,690 INFO [restartedMain] o.s.w.c.ContextLoader [ServletWebServerApplicationContext.java:296] Root WebApplicationContext: initialization completed in 732 ms
2024-02-05 19:56:21,011 INFO [restartedMain] o.s.s.c.ThreadPoolTaskExecutor [ExecutorConfigurationSupport.java:171] Initializing ExecutorService 'applicationTaskExecutor'
2024-02-05 19:56:21,059 INFO [restartedMain] o.s.b.a.w.s.WelcomePageHandlerMapping [WelcomePageHandlerMapping.java:61] Adding welcome page template: index
2024-02-05 19:56:21,113 INFO [restartedMain] o.s.b.d.a.OptionalLiveReloadServer [OptionalLiveReloadServer.java:57] LiveReload server is running on port 35729
2024-02-05 19:56:21,128 INFO [restartedMain] o.a.c.h.Http11NioProtocol [DirectJDKLog.java:173] Starting ProtocolHandler ["http-nio-8080"]
2024-02-05 19:56:21,139 INFO [restartedMain] o.s.b.w.e.t.TomcatWebServer [TomcatWebServer.java:204] Tomcat started on port(s): 8080 (http) with context path '/community'
2024-02-05 19:56:21,140 INFO [restartedMain] c.n.c.CommunityApplication [StartupInfoLogger.java:59] Started CommunityApplication in 1.403 seconds (JVM running for 1.974)
2024-02-05 19:56:21,282 INFO [http-nio-8080-exec-1] o.a.c.c.C.[.[.[/community] [DirectJDKLog.java:173] Initializing Spring DispatcherServlet 'dispatcherServlet'
2024-02-05 19:56:21,283 INFO [http-nio-8080-exec-1] o.s.w.s.DispatcherServlet [FrameworkServlet.java:524] Initializing Servlet 'dispatcherServlet'
2024-02-05 19:56:21,286 INFO [http-nio-8080-exec-1] o.s.w.s.DispatcherServlet [FrameworkServlet.java:546] Completed initialization in 3 ms
2024-02-05 20:01:20,562 INFO [Thread-11] o.s.s.c.ThreadPoolTaskExecutor [ExecutorConfigurationSupport.java:208] Shutting down ExecutorService 'applicationTaskExecutor'
2024-02-05 20:18:48,559 INFO [main] c.n.c.MapperTests [StartupInfoLogger.java:50] Starting MapperTests on zyf with PID 17332 (started by 章翼飞 in D:\findwork project\community)
2024-02-05 20:18:48,561 INFO [main] c.n.c.MapperTests [SpringApplication.java:675] No active profile set, falling back to default profiles: default
2024-02-05 20:18:49,976 INFO [main] o.s.s.c.ThreadPoolTaskExecutor [ExecutorConfigurationSupport.java:171] Initializing ExecutorService 'applicationTaskExecutor'
2024-02-05 20:18:50,108 INFO [main] o.s.b.a.w.s.WelcomePageHandlerMapping [WelcomePageHandlerMapping.java:61] Adding welcome page template: index
2024-02-05 20:18:50,290 INFO [main] o.s.s.c.ThreadPoolTaskExecutor [ExecutorConfigurationSupport.java:208] Shutting down ExecutorService 'applicationTaskExecutor'
2024-02-05 20:18:50,298 INFO [main] o.s.b.a.l.ConditionEvaluationReportLoggingListener [ConditionEvaluationReportLoggingListener.java:142] 

Error starting ApplicationContext. To display the conditions report re-run your application with 'debug' enabled.
2024-02-05 20:19:31,219 INFO [main] c.n.c.MapperTests [StartupInfoLogger.java:50] Starting MapperTests on zyf with PID 32060 (started by 章翼飞 in D:\findwork project\community)
2024-02-05 20:19:31,221 INFO [main] c.n.c.MapperTests [SpringApplication.java:675] No active profile set, falling back to default profiles: default
2024-02-05 20:19:32,592 INFO [main] o.s.s.c.ThreadPoolTaskExecutor [ExecutorConfigurationSupport.java:171] Initializing ExecutorService 'applicationTaskExecutor'
2024-02-05 20:19:32,713 INFO [main] o.s.b.a.w.s.WelcomePageHandlerMapping [WelcomePageHandlerMapping.java:61] Adding welcome page template: index
2024-02-05 20:19:32,885 INFO [main] c.n.c.MapperTests [StartupInfoLogger.java:59] Started MapperTests in 1.867 seconds (JVM running for 2.462)
2024-02-05 20:19:33,073 INFO [main] c.z.h.HikariDataSource [HikariDataSource.java:110] HikariPool-1 - Starting...
2024-02-05 20:19:33,208 INFO [main] c.z.h.HikariDataSource [HikariDataSource.java:123] HikariPool-1 - Start completed.
2024-02-05 20:19:33,286 INFO [Thread-3] o.s.s.c.ThreadPoolTaskExecutor [ExecutorConfigurationSupport.java:208] Shutting down ExecutorService 'applicationTaskExecutor'
2024-02-05 20:19:33,287 INFO [Thread-3] c.z.h.HikariDataSource [HikariDataSource.java:350] HikariPool-1 - Shutdown initiated...
2024-02-05 20:19:33,295 INFO [Thread-3] c.z.h.HikariDataSource [HikariDataSource.java:352] HikariPool-1 - Shutdown completed.
2024-02-05 20:20:16,876 INFO [main] c.n.c.MapperTests [StartupInfoLogger.java:50] Starting MapperTests on zyf with PID 2768 (started by 章翼飞 in D:\findwork project\community)
2024-02-05 20:20:16,877 INFO [main] c.n.c.MapperTests [SpringApplication.java:675] No active profile set, falling back to default profiles: default
2024-02-05 20:20:18,289 INFO [main] o.s.s.c.ThreadPoolTaskExecutor [ExecutorConfigurationSupport.java:171] Initializing ExecutorService 'applicationTaskExecutor'
2024-02-05 20:20:18,413 INFO [main] o.s.b.a.w.s.WelcomePageHandlerMapping [WelcomePageHandlerMapping.java:61] Adding welcome page template: index
2024-02-05 20:20:18,576 INFO [main] c.n.c.MapperTests [StartupInfoLogger.java:59] Started MapperTests in 1.91 seconds (JVM running for 2.492)
2024-02-05 20:20:18,701 INFO [main] c.z.h.HikariDataSource [HikariDataSource.java:110] HikariPool-1 - Starting...
2024-02-05 20:20:18,817 INFO [main] c.z.h.HikariDataSource [HikariDataSource.java:123] HikariPool-1 - Start completed.
2024-02-05 20:20:18,870 INFO [Thread-3] o.s.s.c.ThreadPoolTaskExecutor [ExecutorConfigurationSupport.java:208] Shutting down ExecutorService 'applicationTaskExecutor'
2024-02-05 20:20:18,871 INFO [Thread-3] c.z.h.HikariDataSource [HikariDataSource.java:350] HikariPool-1 - Shutdown initiated...
2024-02-05 20:20:18,877 INFO [Thread-3] c.z.h.HikariDataSource [HikariDataSource.java:352] HikariPool-1 - Shutdown completed.
2024-02-05 20:22:30,698 INFO [main] c.n.c.MapperTests [StartupInfoLogger.java:50] Starting MapperTests on zyf with PID 17360 (started by 章翼飞 in D:\findwork project\community)
2024-02-05 20:22:30,700 INFO [main] c.n.c.MapperTests [SpringApplication.java:675] No active profile set, falling back to default profiles: default
2024-02-05 20:22:32,139 INFO [main] o.s.s.c.ThreadPoolTaskExecutor [ExecutorConfigurationSupport.java:171] Initializing ExecutorService 'applicationTaskExecutor'
2024-02-05 20:22:32,267 INFO [main] o.s.b.a.w.s.WelcomePageHandlerMapping [WelcomePageHandlerMapping.java:61] Adding welcome page template: index
2024-02-05 20:22:32,451 INFO [main] c.n.c.MapperTests [StartupInfoLogger.java:59] Started MapperTests in 1.969 seconds (JVM running for 2.595)
2024-02-05 20:22:32,622 INFO [main] c.z.h.HikariDataSource [HikariDataSource.java:110] HikariPool-1 - Starting...
2024-02-05 20:22:32,773 INFO [main] c.z.h.HikariDataSource [HikariDataSource.java:123] HikariPool-1 - Start completed.
2024-02-05 20:22:32,862 INFO [Thread-3] o.s.s.c.ThreadPoolTaskExecutor [ExecutorConfigurationSupport.java:208] Shutting down ExecutorService 'applicationTaskExecutor'
2024-02-05 20:22:32,863 INFO [Thread-3] c.z.h.HikariDataSource [HikariDataSource.java:350] HikariPool-1 - Shutdown initiated...
2024-02-05 20:22:32,869 INFO [Thread-3] c.z.h.HikariDataSource [HikariDataSource.java:352] HikariPool-1 - Shutdown completed.
2024-02-05 21:19:57,311 INFO [restartedMain] c.n.c.CommunityApplication [StartupInfoLogger.java:50] Starting CommunityApplication on zyf with PID 7824 (started by 章翼飞 in D:\findwork project\community)
2024-02-05 21:19:57,313 INFO [restartedMain] c.n.c.CommunityApplication [SpringApplication.java:675] No active profile set, falling back to default profiles: default
2024-02-05 21:19:57,335 INFO [restartedMain] o.s.b.d.e.DevToolsPropertyDefaultsPostProcessor [DeferredLog.java:227] Devtools property defaults active! Set 'spring.devtools.add-properties' to 'false' to disable
2024-02-05 21:19:57,335 INFO [restartedMain] o.s.b.d.e.DevToolsPropertyDefaultsPostProcessor [DeferredLog.java:227] For additional web related logging consider setting the 'logging.level.web' property to 'DEBUG'
2024-02-05 21:19:58,030 INFO [restartedMain] o.s.b.w.e.t.TomcatWebServer [TomcatWebServer.java:90] Tomcat initialized with port(s): 8080 (http)
2024-02-05 21:19:58,039 INFO [restartedMain] o.a.c.h.Http11NioProtocol [DirectJDKLog.java:173] Initializing ProtocolHandler ["http-nio-8080"]
2024-02-05 21:19:58,043 INFO [restartedMain] o.a.c.c.StandardService [DirectJDKLog.java:173] Starting service [Tomcat]
2024-02-05 21:19:58,043 INFO [restartedMain] o.a.c.c.StandardEngine [DirectJDKLog.java:173] Starting Servlet engine: [Apache Tomcat/9.0.19]
2024-02-05 21:19:58,105 INFO [restartedMain] o.a.c.c.C.[.[.[/community] [DirectJDKLog.java:173] Initializing Spring embedded WebApplicationContext
2024-02-05 21:19:58,106 INFO [restartedMain] o.s.w.c.ContextLoader [ServletWebServerApplicationContext.java:296] Root WebApplicationContext: initialization completed in 771 ms
2024-02-05 21:19:58,458 INFO [restartedMain] o.s.s.c.ThreadPoolTaskExecutor [ExecutorConfigurationSupport.java:171] Initializing ExecutorService 'applicationTaskExecutor'
2024-02-05 21:19:58,511 INFO [restartedMain] o.s.b.a.w.s.WelcomePageHandlerMapping [WelcomePageHandlerMapping.java:61] Adding welcome page template: index
2024-02-05 21:19:58,572 INFO [restartedMain] o.s.b.d.a.OptionalLiveReloadServer [OptionalLiveReloadServer.java:57] LiveReload server is running on port 35729
2024-02-05 21:19:58,589 INFO [restartedMain] o.a.c.h.Http11NioProtocol [DirectJDKLog.java:173] Starting ProtocolHandler ["http-nio-8080"]
2024-02-05 21:19:58,600 INFO [restartedMain] o.s.b.w.e.t.TomcatWebServer [TomcatWebServer.java:204] Tomcat started on port(s): 8080 (http) with context path '/community'
2024-02-05 21:19:58,603 INFO [restartedMain] c.n.c.CommunityApplication [StartupInfoLogger.java:59] Started CommunityApplication in 1.52 seconds (JVM running for 2.112)
2024-02-05 21:20:17,244 INFO [http-nio-8080-exec-1] o.a.c.c.C.[.[.[/community] [DirectJDKLog.java:173] Initializing Spring DispatcherServlet 'dispatcherServlet'
2024-02-05 21:20:17,245 INFO [http-nio-8080-exec-1] o.s.w.s.DispatcherServlet [FrameworkServlet.java:524] Initializing Servlet 'dispatcherServlet'
2024-02-05 21:20:17,251 INFO [http-nio-8080-exec-1] o.s.w.s.DispatcherServlet [FrameworkServlet.java:546] Completed initialization in 6 ms
2024-02-05 21:21:08,123 INFO [http-nio-8080-exec-9] c.z.h.HikariDataSource [HikariDataSource.java:110] HikariPool-1 - Starting...
2024-02-05 21:21:08,203 INFO [http-nio-8080-exec-9] c.z.h.HikariDataSource [HikariDataSource.java:123] HikariPool-1 - Start completed.
2024-02-05 21:31:25,662 INFO [Thread-11] o.s.s.c.ThreadPoolTaskExecutor [ExecutorConfigurationSupport.java:208] Shutting down ExecutorService 'applicationTaskExecutor'
2024-02-05 21:31:25,662 INFO [Thread-11] c.z.h.HikariDataSource [HikariDataSource.java:350] HikariPool-1 - Shutdown initiated...
2024-02-05 21:31:25,688 INFO [Thread-11] c.z.h.HikariDataSource [HikariDataSource.java:352] HikariPool-1 - Shutdown completed.
2024-02-05 21:31:28,707 INFO [restartedMain] c.n.c.CommunityApplication [StartupInfoLogger.java:50] Starting CommunityApplication on zyf with PID 2332 (started by 章翼飞 in D:\findwork project\community)
2024-02-05 21:31:28,708 INFO [restartedMain] c.n.c.CommunityApplication [SpringApplication.java:675] No active profile set, falling back to default profiles: default
2024-02-05 21:31:28,740 INFO [restartedMain] o.s.b.d.e.DevToolsPropertyDefaultsPostProcessor [DeferredLog.java:227] Devtools property defaults active! Set 'spring.devtools.add-properties' to 'false' to disable
2024-02-05 21:31:28,740 INFO [restartedMain] o.s.b.d.e.DevToolsPropertyDefaultsPostProcessor [DeferredLog.java:227] For additional web related logging consider setting the 'logging.level.web' property to 'DEBUG'
2024-02-05 21:31:29,427 INFO [restartedMain] o.s.b.w.e.t.TomcatWebServer [TomcatWebServer.java:90] Tomcat initialized with port(s): 8080 (http)
2024-02-05 21:31:29,436 INFO [restartedMain] o.a.c.h.Http11NioProtocol [DirectJDKLog.java:173] Initializing ProtocolHandler ["http-nio-8080"]
2024-02-05 21:31:29,441 INFO [restartedMain] o.a.c.c.StandardService [DirectJDKLog.java:173] Starting service [Tomcat]
2024-02-05 21:31:29,441 INFO [restartedMain] o.a.c.c.StandardEngine [DirectJDKLog.java:173] Starting Servlet engine: [Apache Tomcat/9.0.19]
2024-02-05 21:31:29,513 INFO [restartedMain] o.a.c.c.C.[.[.[/community] [DirectJDKLog.java:173] Initializing Spring embedded WebApplicationContext
2024-02-05 21:31:29,513 INFO [restartedMain] o.s.w.c.ContextLoader [ServletWebServerApplicationContext.java:296] Root WebApplicationContext: initialization completed in 773 ms
2024-02-05 21:31:29,868 INFO [restartedMain] o.s.s.c.ThreadPoolTaskExecutor [ExecutorConfigurationSupport.java:171] Initializing ExecutorService 'applicationTaskExecutor'
2024-02-05 21:31:29,923 INFO [restartedMain] o.s.b.a.w.s.WelcomePageHandlerMapping [WelcomePageHandlerMapping.java:61] Adding welcome page template: index
2024-02-05 21:31:29,984 INFO [restartedMain] o.s.b.d.a.OptionalLiveReloadServer [OptionalLiveReloadServer.java:57] LiveReload server is running on port 35729
2024-02-05 21:31:29,999 INFO [restartedMain] o.a.c.h.Http11NioProtocol [DirectJDKLog.java:173] Starting ProtocolHandler ["http-nio-8080"]
2024-02-05 21:31:30,011 INFO [restartedMain] o.s.b.w.e.t.TomcatWebServer [TomcatWebServer.java:204] Tomcat started on port(s): 8080 (http) with context path '/community'
2024-02-05 21:31:30,013 INFO [restartedMain] c.n.c.CommunityApplication [StartupInfoLogger.java:59] Started CommunityApplication in 1.516 seconds (JVM running for 2.629)
2024-02-05 21:31:37,881 INFO [http-nio-8080-exec-1] o.a.c.c.C.[.[.[/community] [DirectJDKLog.java:173] Initializing Spring DispatcherServlet 'dispatcherServlet'
2024-02-05 21:31:37,881 INFO [http-nio-8080-exec-1] o.s.w.s.DispatcherServlet [FrameworkServlet.java:524] Initializing Servlet 'dispatcherServlet'
2024-02-05 21:31:37,885 INFO [http-nio-8080-exec-1] o.s.w.s.DispatcherServlet [FrameworkServlet.java:546] Completed initialization in 4 ms
2024-02-05 21:31:37,923 INFO [http-nio-8080-exec-1] c.z.h.HikariDataSource [HikariDataSource.java:110] HikariPool-1 - Starting...
2024-02-05 21:31:38,001 INFO [http-nio-8080-exec-1] c.z.h.HikariDataSource [HikariDataSource.java:123] HikariPool-1 - Start completed.
2024-02-05 21:34:28,037 INFO [Thread-12] o.s.s.c.ThreadPoolTaskExecutor [ExecutorConfigurationSupport.java:208] Shutting down ExecutorService 'applicationTaskExecutor'
2024-02-05 21:34:28,038 INFO [Thread-12] c.z.h.HikariDataSource [HikariDataSource.java:350] HikariPool-1 - Shutdown initiated...
2024-02-05 21:34:28,048 INFO [Thread-12] c.z.h.HikariDataSource [HikariDataSource.java:352] HikariPool-1 - Shutdown completed.
2024-02-05 21:34:31,940 INFO [restartedMain] c.n.c.CommunityApplication [StartupInfoLogger.java:50] Starting CommunityApplication on zyf with PID 32260 (started by 章翼飞 in D:\findwork project\community)
2024-02-05 21:34:31,942 INFO [restartedMain] c.n.c.CommunityApplication [SpringApplication.java:675] No active profile set, falling back to default profiles: default
2024-02-05 21:34:31,971 INFO [restartedMain] o.s.b.d.e.DevToolsPropertyDefaultsPostProcessor [DeferredLog.java:227] Devtools property defaults active! Set 'spring.devtools.add-properties' to 'false' to disable
2024-02-05 21:34:31,971 INFO [restartedMain] o.s.b.d.e.DevToolsPropertyDefaultsPostProcessor [DeferredLog.java:227] For additional web related logging consider setting the 'logging.level.web' property to 'DEBUG'
2024-02-05 21:34:32,659 INFO [restartedMain] o.s.b.w.e.t.TomcatWebServer [TomcatWebServer.java:90] Tomcat initialized with port(s): 8080 (http)
2024-02-05 21:34:32,667 INFO [restartedMain] o.a.c.h.Http11NioProtocol [DirectJDKLog.java:173] Initializing ProtocolHandler ["http-nio-8080"]
2024-02-05 21:34:32,681 INFO [restartedMain] o.a.c.c.StandardService [DirectJDKLog.java:173] Starting service [Tomcat]
2024-02-05 21:34:32,681 INFO [restartedMain] o.a.c.c.StandardEngine [DirectJDKLog.java:173] Starting Servlet engine: [Apache Tomcat/9.0.19]
2024-02-05 21:34:32,741 INFO [restartedMain] o.a.c.c.C.[.[.[/community] [DirectJDKLog.java:173] Initializing Spring embedded WebApplicationContext
2024-02-05 21:34:32,741 INFO [restartedMain] o.s.w.c.ContextLoader [ServletWebServerApplicationContext.java:296] Root WebApplicationContext: initialization completed in 769 ms
2024-02-05 21:34:33,088 INFO [restartedMain] o.s.s.c.ThreadPoolTaskExecutor [ExecutorConfigurationSupport.java:171] Initializing ExecutorService 'applicationTaskExecutor'
2024-02-05 21:34:33,142 INFO [restartedMain] o.s.b.a.w.s.WelcomePageHandlerMapping [WelcomePageHandlerMapping.java:61] Adding welcome page template: index
2024-02-05 21:34:33,204 INFO [restartedMain] o.s.b.d.a.OptionalLiveReloadServer [OptionalLiveReloadServer.java:57] LiveReload server is running on port 35729
2024-02-05 21:34:33,221 INFO [restartedMain] o.a.c.h.Http11NioProtocol [DirectJDKLog.java:173] Starting ProtocolHandler ["http-nio-8080"]
2024-02-05 21:34:33,234 INFO [restartedMain] o.s.b.w.e.t.TomcatWebServer [TomcatWebServer.java:204] Tomcat started on port(s): 8080 (http) with context path '/community'
2024-02-05 21:34:33,236 INFO [restartedMain] c.n.c.CommunityApplication [StartupInfoLogger.java:59] Started CommunityApplication in 1.525 seconds (JVM running for 2.137)
2024-02-05 21:34:39,710 INFO [http-nio-8080-exec-1] o.a.c.c.C.[.[.[/community] [DirectJDKLog.java:173] Initializing Spring DispatcherServlet 'dispatcherServlet'
2024-02-05 21:34:39,710 INFO [http-nio-8080-exec-1] o.s.w.s.DispatcherServlet [FrameworkServlet.java:524] Initializing Servlet 'dispatcherServlet'
2024-02-05 21:34:39,714 INFO [http-nio-8080-exec-1] o.s.w.s.DispatcherServlet [FrameworkServlet.java:546] Completed initialization in 4 ms
2024-02-05 21:35:10,133 INFO [http-nio-8080-exec-6] c.z.h.HikariDataSource [HikariDataSource.java:110] HikariPool-1 - Starting...
2024-02-05 21:35:10,371 INFO [http-nio-8080-exec-6] c.z.h.HikariDataSource [HikariDataSource.java:123] HikariPool-1 - Start completed.
2024-02-05 21:35:47,684 INFO [Thread-11] o.s.s.c.ThreadPoolTaskExecutor [ExecutorConfigurationSupport.java:208] Shutting down ExecutorService 'applicationTaskExecutor'
2024-02-05 21:35:47,684 INFO [Thread-11] c.z.h.HikariDataSource [HikariDataSource.java:350] HikariPool-1 - Shutdown initiated...
2024-02-05 21:35:47,694 INFO [Thread-11] c.z.h.HikariDataSource [HikariDataSource.java:352] HikariPool-1 - Shutdown completed.
2024-02-05 21:35:53,085 INFO [restartedMain] c.n.c.CommunityApplication [StartupInfoLogger.java:50] Starting CommunityApplication on zyf with PID 19604 (started by 章翼飞 in D:\findwork project\community)
2024-02-05 21:35:53,087 INFO [restartedMain] c.n.c.CommunityApplication [SpringApplication.java:675] No active profile set, falling back to default profiles: default
2024-02-05 21:35:53,121 INFO [restartedMain] o.s.b.d.e.DevToolsPropertyDefaultsPostProcessor [DeferredLog.java:227] Devtools property defaults active! Set 'spring.devtools.add-properties' to 'false' to disable
2024-02-05 21:35:53,122 INFO [restartedMain] o.s.b.d.e.DevToolsPropertyDefaultsPostProcessor [DeferredLog.java:227] For additional web related logging consider setting the 'logging.level.web' property to 'DEBUG'
2024-02-05 21:35:53,934 INFO [restartedMain] o.s.b.w.e.t.TomcatWebServer [TomcatWebServer.java:90] Tomcat initialized with port(s): 8080 (http)
2024-02-05 21:35:53,943 INFO [restartedMain] o.a.c.h.Http11NioProtocol [DirectJDKLog.java:173] Initializing ProtocolHandler ["http-nio-8080"]
2024-02-05 21:35:53,948 INFO [restartedMain] o.a.c.c.StandardService [DirectJDKLog.java:173] Starting service [Tomcat]
2024-02-05 21:35:53,948 INFO [restartedMain] o.a.c.c.StandardEngine [DirectJDKLog.java:173] Starting Servlet engine: [Apache Tomcat/9.0.19]
2024-02-05 21:35:54,029 INFO [restartedMain] o.a.c.c.C.[.[.[/community] [DirectJDKLog.java:173] Initializing Spring embedded WebApplicationContext
2024-02-05 21:35:54,030 INFO [restartedMain] o.s.w.c.ContextLoader [ServletWebServerApplicationContext.java:296] Root WebApplicationContext: initialization completed in 897 ms
2024-02-05 21:35:54,435 INFO [restartedMain] o.s.s.c.ThreadPoolTaskExecutor [ExecutorConfigurationSupport.java:171] Initializing ExecutorService 'applicationTaskExecutor'
2024-02-05 21:35:54,495 INFO [restartedMain] o.s.b.a.w.s.WelcomePageHandlerMapping [WelcomePageHandlerMapping.java:61] Adding welcome page template: index
2024-02-05 21:35:54,568 INFO [restartedMain] o.s.b.d.a.OptionalLiveReloadServer [OptionalLiveReloadServer.java:57] LiveReload server is running on port 35729
2024-02-05 21:35:54,586 INFO [restartedMain] o.a.c.h.Http11NioProtocol [DirectJDKLog.java:173] Starting ProtocolHandler ["http-nio-8080"]
2024-02-05 21:35:54,600 INFO [restartedMain] o.s.b.w.e.t.TomcatWebServer [TomcatWebServer.java:204] Tomcat started on port(s): 8080 (http) with context path '/community'
2024-02-05 21:35:54,602 INFO [restartedMain] c.n.c.CommunityApplication [StartupInfoLogger.java:59] Started CommunityApplication in 1.768 seconds (JVM running for 2.401)
2024-02-05 21:35:57,227 INFO [http-nio-8080-exec-1] o.a.c.c.C.[.[.[/community] [DirectJDKLog.java:173] Initializing Spring DispatcherServlet 'dispatcherServlet'
2024-02-05 21:35:57,227 INFO [http-nio-8080-exec-1] o.s.w.s.DispatcherServlet [FrameworkServlet.java:524] Initializing Servlet 'dispatcherServlet'
2024-02-05 21:35:57,231 INFO [http-nio-8080-exec-1] o.s.w.s.DispatcherServlet [FrameworkServlet.java:546] Completed initialization in 4 ms
2024-02-05 21:36:11,074 INFO [http-nio-8080-exec-1] c.z.h.HikariDataSource [HikariDataSource.java:110] HikariPool-1 - Starting...
2024-02-05 21:36:11,092 INFO [Thread-12] o.s.s.c.ThreadPoolTaskExecutor [ExecutorConfigurationSupport.java:208] Shutting down ExecutorService 'applicationTaskExecutor'
2024-02-05 21:36:11,195 INFO [http-nio-8080-exec-1] c.z.h.HikariDataSource [HikariDataSource.java:123] HikariPool-1 - Start completed.
2024-02-05 21:36:16,623 INFO [restartedMain] c.n.c.CommunityApplication [StartupInfoLogger.java:50] Starting CommunityApplication on zyf with PID 16048 (started by 章翼飞 in D:\findwork project\community)
2024-02-05 21:36:16,625 INFO [restartedMain] c.n.c.CommunityApplication [SpringApplication.java:675] No active profile set, falling back to default profiles: default
2024-02-05 21:36:16,657 INFO [restartedMain] o.s.b.d.e.DevToolsPropertyDefaultsPostProcessor [DeferredLog.java:227] Devtools property defaults active! Set 'spring.devtools.add-properties' to 'false' to disable
2024-02-05 21:36:16,657 INFO [restartedMain] o.s.b.d.e.DevToolsPropertyDefaultsPostProcessor [DeferredLog.java:227] For additional web related logging consider setting the 'logging.level.web' property to 'DEBUG'
2024-02-05 21:36:17,389 INFO [restartedMain] o.s.b.w.e.t.TomcatWebServer [TomcatWebServer.java:90] Tomcat initialized with port(s): 8080 (http)
2024-02-05 21:36:17,397 INFO [restartedMain] o.a.c.h.Http11NioProtocol [DirectJDKLog.java:173] Initializing ProtocolHandler ["http-nio-8080"]
2024-02-05 21:36:17,403 INFO [restartedMain] o.a.c.c.StandardService [DirectJDKLog.java:173] Starting service [Tomcat]
2024-02-05 21:36:17,403 INFO [restartedMain] o.a.c.c.StandardEngine [DirectJDKLog.java:173] Starting Servlet engine: [Apache Tomcat/9.0.19]
2024-02-05 21:36:17,465 INFO [restartedMain] o.a.c.c.C.[.[.[/community] [DirectJDKLog.java:173] Initializing Spring embedded WebApplicationContext
2024-02-05 21:36:17,465 INFO [restartedMain] o.s.w.c.ContextLoader [ServletWebServerApplicationContext.java:296] Root WebApplicationContext: initialization completed in 808 ms
2024-02-05 21:36:17,856 INFO [restartedMain] o.s.s.c.ThreadPoolTaskExecutor [ExecutorConfigurationSupport.java:171] Initializing ExecutorService 'applicationTaskExecutor'
2024-02-05 21:36:17,921 INFO [restartedMain] o.s.b.a.w.s.WelcomePageHandlerMapping [WelcomePageHandlerMapping.java:61] Adding welcome page template: index
2024-02-05 21:36:17,987 INFO [restartedMain] o.s.b.d.a.OptionalLiveReloadServer [OptionalLiveReloadServer.java:57] LiveReload server is running on port 35729
2024-02-05 21:36:18,004 INFO [restartedMain] o.a.c.h.Http11NioProtocol [DirectJDKLog.java:173] Starting ProtocolHandler ["http-nio-8080"]
2024-02-05 21:36:18,017 INFO [restartedMain] o.s.b.w.e.t.TomcatWebServer [TomcatWebServer.java:204] Tomcat started on port(s): 8080 (http) with context path '/community'
2024-02-05 21:36:18,019 INFO [restartedMain] c.n.c.CommunityApplication [StartupInfoLogger.java:59] Started CommunityApplication in 1.62 seconds (JVM running for 2.254)
2024-02-05 21:36:20,655 INFO [http-nio-8080-exec-1] o.a.c.c.C.[.[.[/community] [DirectJDKLog.java:173] Initializing Spring DispatcherServlet 'dispatcherServlet'
2024-02-05 21:36:20,655 INFO [http-nio-8080-exec-1] o.s.w.s.DispatcherServlet [FrameworkServlet.java:524] Initializing Servlet 'dispatcherServlet'
2024-02-05 21:36:20,659 INFO [http-nio-8080-exec-1] o.s.w.s.DispatcherServlet [FrameworkServlet.java:546] Completed initialization in 4 ms
2024-02-05 21:37:32,860 INFO [Thread-11] o.s.s.c.ThreadPoolTaskExecutor [ExecutorConfigurationSupport.java:208] Shutting down ExecutorService 'applicationTaskExecutor'
2024-02-05 21:37:36,773 INFO [restartedMain] c.n.c.CommunityApplication [StartupInfoLogger.java:50] Starting CommunityApplication on zyf with PID 25260 (started by 章翼飞 in D:\findwork project\community)
2024-02-05 21:37:36,775 INFO [restartedMain] c.n.c.CommunityApplication [SpringApplication.java:675] No active profile set, falling back to default profiles: default
2024-02-05 21:37:36,807 INFO [restartedMain] o.s.b.d.e.DevToolsPropertyDefaultsPostProcessor [DeferredLog.java:227] Devtools property defaults active! Set 'spring.devtools.add-properties' to 'false' to disable
2024-02-05 21:37:36,807 INFO [restartedMain] o.s.b.d.e.DevToolsPropertyDefaultsPostProcessor [DeferredLog.java:227] For additional web related logging consider setting the 'logging.level.web' property to 'DEBUG'
2024-02-05 21:37:37,570 INFO [restartedMain] o.s.b.w.e.t.TomcatWebServer [TomcatWebServer.java:90] Tomcat initialized with port(s): 8080 (http)
2024-02-05 21:37:37,579 INFO [restartedMain] o.a.c.h.Http11NioProtocol [DirectJDKLog.java:173] Initializing ProtocolHandler ["http-nio-8080"]
2024-02-05 21:37:37,584 INFO [restartedMain] o.a.c.c.StandardService [DirectJDKLog.java:173] Starting service [Tomcat]
2024-02-05 21:37:37,584 INFO [restartedMain] o.a.c.c.StandardEngine [DirectJDKLog.java:173] Starting Servlet engine: [Apache Tomcat/9.0.19]
2024-02-05 21:37:37,657 INFO [restartedMain] o.a.c.c.C.[.[.[/community] [DirectJDKLog.java:173] Initializing Spring embedded WebApplicationContext
2024-02-05 21:37:37,657 INFO [restartedMain] o.s.w.c.ContextLoader [ServletWebServerApplicationContext.java:296] Root WebApplicationContext: initialization completed in 850 ms
2024-02-05 21:37:38,030 INFO [restartedMain] o.s.s.c.ThreadPoolTaskExecutor [ExecutorConfigurationSupport.java:171] Initializing ExecutorService 'applicationTaskExecutor'
2024-02-05 21:37:38,096 INFO [restartedMain] o.s.b.a.w.s.WelcomePageHandlerMapping [WelcomePageHandlerMapping.java:61] Adding welcome page template: index
2024-02-05 21:37:38,176 INFO [restartedMain] o.s.b.d.a.OptionalLiveReloadServer [OptionalLiveReloadServer.java:57] LiveReload server is running on port 35729
2024-02-05 21:37:38,194 INFO [restartedMain] o.a.c.h.Http11NioProtocol [DirectJDKLog.java:173] Starting ProtocolHandler ["http-nio-8080"]
2024-02-05 21:37:38,207 INFO [restartedMain] o.s.b.w.e.t.TomcatWebServer [TomcatWebServer.java:204] Tomcat started on port(s): 8080 (http) with context path '/community'
2024-02-05 21:37:38,209 INFO [restartedMain] c.n.c.CommunityApplication [StartupInfoLogger.java:59] Started CommunityApplication in 1.673 seconds (JVM running for 2.269)
2024-02-05 21:37:40,611 INFO [http-nio-8080-exec-1] o.a.c.c.C.[.[.[/community] [DirectJDKLog.java:173] Initializing Spring DispatcherServlet 'dispatcherServlet'
2024-02-05 21:37:40,611 INFO [http-nio-8080-exec-1] o.s.w.s.DispatcherServlet [FrameworkServlet.java:524] Initializing Servlet 'dispatcherServlet'
2024-02-05 21:37:40,615 INFO [http-nio-8080-exec-1] o.s.w.s.DispatcherServlet [FrameworkServlet.java:546] Completed initialization in 4 ms
2024-02-05 21:44:20,732 INFO [Thread-11] o.s.s.c.ThreadPoolTaskExecutor [ExecutorConfigurationSupport.java:208] Shutting down ExecutorService 'applicationTaskExecutor'
2024-02-05 21:44:27,970 INFO [restartedMain] c.n.c.CommunityApplication [StartupInfoLogger.java:50] Starting CommunityApplication on zyf with PID 20772 (started by 章翼飞 in D:\findwork project\community)
2024-02-05 21:44:27,973 INFO [restartedMain] c.n.c.CommunityApplication [SpringApplication.java:675] No active profile set, falling back to default profiles: default
2024-02-05 21:44:28,025 INFO [restartedMain] o.s.b.d.e.DevToolsPropertyDefaultsPostProcessor [DeferredLog.java:227] Devtools property defaults active! Set 'spring.devtools.add-properties' to 'false' to disable
2024-02-05 21:44:28,026 INFO [restartedMain] o.s.b.d.e.DevToolsPropertyDefaultsPostProcessor [DeferredLog.java:227] For additional web related logging consider setting the 'logging.level.web' property to 'DEBUG'
2024-02-05 21:44:28,948 INFO [restartedMain] o.s.b.w.e.t.TomcatWebServer [TomcatWebServer.java:90] Tomcat initialized with port(s): 8080 (http)
2024-02-05 21:44:28,957 INFO [restartedMain] o.a.c.h.Http11NioProtocol [DirectJDKLog.java:173] Initializing ProtocolHandler ["http-nio-8080"]
2024-02-05 21:44:28,962 INFO [restartedMain] o.a.c.c.StandardService [DirectJDKLog.java:173] Starting service [Tomcat]
2024-02-05 21:44:28,962 INFO [restartedMain] o.a.c.c.StandardEngine [DirectJDKLog.java:173] Starting Servlet engine: [Apache Tomcat/9.0.19]
2024-02-05 21:44:29,028 INFO [restartedMain] o.a.c.c.C.[.[.[/community] [DirectJDKLog.java:173] Initializing Spring embedded WebApplicationContext
2024-02-05 21:44:29,028 INFO [restartedMain] o.s.w.c.ContextLoader [ServletWebServerApplicationContext.java:296] Root WebApplicationContext: initialization completed in 1002 ms
2024-02-05 21:44:29,493 INFO [restartedMain] o.s.s.c.ThreadPoolTaskExecutor [ExecutorConfigurationSupport.java:171] Initializing ExecutorService 'applicationTaskExecutor'
2024-02-05 21:44:29,561 INFO [restartedMain] o.s.b.a.w.s.WelcomePageHandlerMapping [WelcomePageHandlerMapping.java:61] Adding welcome page template: index
2024-02-05 21:44:29,633 INFO [restartedMain] o.s.b.d.a.OptionalLiveReloadServer [OptionalLiveReloadServer.java:57] LiveReload server is running on port 35729
2024-02-05 21:44:29,651 INFO [restartedMain] o.a.c.h.Http11NioProtocol [DirectJDKLog.java:173] Starting ProtocolHandler ["http-nio-8080"]
2024-02-05 21:44:29,666 INFO [restartedMain] o.s.b.w.e.t.TomcatWebServer [TomcatWebServer.java:204] Tomcat started on port(s): 8080 (http) with context path '/community'
2024-02-05 21:44:29,668 INFO [restartedMain] c.n.c.CommunityApplication [StartupInfoLogger.java:59] Started CommunityApplication in 1.996 seconds (JVM running for 2.679)
2024-02-05 21:44:32,667 INFO [http-nio-8080-exec-1] o.a.c.c.C.[.[.[/community] [DirectJDKLog.java:173] Initializing Spring DispatcherServlet 'dispatcherServlet'
2024-02-05 21:44:32,667 INFO [http-nio-8080-exec-1] o.s.w.s.DispatcherServlet [FrameworkServlet.java:524] Initializing Servlet 'dispatcherServlet'
2024-02-05 21:44:32,671 INFO [http-nio-8080-exec-1] o.s.w.s.DispatcherServlet [FrameworkServlet.java:546] Completed initialization in 4 ms
2024-02-05 21:49:52,925 INFO [Thread-12] o.s.s.c.ThreadPoolTaskExecutor [ExecutorConfigurationSupport.java:208] Shutting down ExecutorService 'applicationTaskExecutor'
2024-02-05 21:49:57,727 INFO [restartedMain] c.n.c.CommunityApplication [StartupInfoLogger.java:50] Starting CommunityApplication on zyf with PID 23372 (started by 章翼飞 in D:\findwork project\community)
2024-02-05 21:49:57,729 INFO [restartedMain] c.n.c.CommunityApplication [SpringApplication.java:675] No active profile set, falling back to default profiles: default
2024-02-05 21:49:57,753 INFO [restartedMain] o.s.b.d.e.DevToolsPropertyDefaultsPostProcessor [DeferredLog.java:227] Devtools property defaults active! Set 'spring.devtools.add-properties' to 'false' to disable
2024-02-05 21:49:57,753 INFO [restartedMain] o.s.b.d.e.DevToolsPropertyDefaultsPostProcessor [DeferredLog.java:227] For additional web related logging consider setting the 'logging.level.web' property to 'DEBUG'
2024-02-05 21:49:58,566 INFO [restartedMain] o.s.b.w.e.t.TomcatWebServer [TomcatWebServer.java:90] Tomcat initialized with port(s): 8080 (http)
2024-02-05 21:49:58,576 INFO [restartedMain] o.a.c.h.Http11NioProtocol [DirectJDKLog.java:173] Initializing ProtocolHandler ["http-nio-8080"]
2024-02-05 21:49:58,581 INFO [restartedMain] o.a.c.c.StandardService [DirectJDKLog.java:173] Starting service [Tomcat]
2024-02-05 21:49:58,581 INFO [restartedMain] o.a.c.c.StandardEngine [DirectJDKLog.java:173] Starting Servlet engine: [Apache Tomcat/9.0.19]
2024-02-05 21:49:58,644 INFO [restartedMain] o.a.c.c.C.[.[.[/community] [DirectJDKLog.java:173] Initializing Spring embedded WebApplicationContext
2024-02-05 21:49:58,644 INFO [restartedMain] o.s.w.c.ContextLoader [ServletWebServerApplicationContext.java:296] Root WebApplicationContext: initialization completed in 891 ms
2024-02-05 21:49:59,022 INFO [restartedMain] o.s.s.c.ThreadPoolTaskExecutor [ExecutorConfigurationSupport.java:171] Initializing ExecutorService 'applicationTaskExecutor'
2024-02-05 21:49:59,079 INFO [restartedMain] o.s.b.a.w.s.WelcomePageHandlerMapping [WelcomePageHandlerMapping.java:61] Adding welcome page template: index
2024-02-05 21:49:59,143 INFO [restartedMain] o.s.b.d.a.OptionalLiveReloadServer [OptionalLiveReloadServer.java:57] LiveReload server is running on port 35729
2024-02-05 21:49:59,161 INFO [restartedMain] o.a.c.h.Http11NioProtocol [DirectJDKLog.java:173] Starting ProtocolHandler ["http-nio-8080"]
2024-02-05 21:49:59,175 INFO [restartedMain] o.s.b.w.e.t.TomcatWebServer [TomcatWebServer.java:204] Tomcat started on port(s): 8080 (http) with context path '/community'
2024-02-05 21:49:59,176 INFO [restartedMain] c.n.c.CommunityApplication [StartupInfoLogger.java:59] Started CommunityApplication in 1.725 seconds (JVM running for 2.365)
2024-02-05 21:50:00,794 INFO [http-nio-8080-exec-1] o.a.c.c.C.[.[.[/community] [DirectJDKLog.java:173] Initializing Spring DispatcherServlet 'dispatcherServlet'
2024-02-05 21:50:00,794 INFO [http-nio-8080-exec-1] o.s.w.s.DispatcherServlet [FrameworkServlet.java:524] Initializing Servlet 'dispatcherServlet'
2024-02-05 21:50:00,798 INFO [http-nio-8080-exec-1] o.s.w.s.DispatcherServlet [FrameworkServlet.java:546] Completed initialization in 4 ms
2024-02-05 21:50:13,283 INFO [http-nio-8080-exec-6] c.z.h.HikariDataSource [HikariDataSource.java:110] HikariPool-1 - Starting...
2024-02-05 21:50:13,362 INFO [http-nio-8080-exec-6] c.z.h.HikariDataSource [HikariDataSource.java:123] HikariPool-1 - Start completed.
2024-02-05 21:51:31,359 INFO [Thread-9] o.s.s.c.ThreadPoolTaskExecutor [ExecutorConfigurationSupport.java:208] Shutting down ExecutorService 'applicationTaskExecutor'
2024-02-05 21:51:31,359 INFO [Thread-9] c.z.h.HikariDataSource [HikariDataSource.java:350] HikariPool-1 - Shutdown initiated...
2024-02-05 21:51:31,365 INFO [Thread-9] c.z.h.HikariDataSource [HikariDataSource.java:352] HikariPool-1 - Shutdown completed.
2024-02-05 21:51:31,749 INFO [restartedMain] c.n.c.CommunityApplication [StartupInfoLogger.java:50] Starting CommunityApplication on zyf with PID 23372 (started by 章翼飞 in D:\findwork project\community)
2024-02-05 21:51:31,749 INFO [restartedMain] c.n.c.CommunityApplication [SpringApplication.java:675] No active profile set, falling back to default profiles: default
2024-02-05 21:51:31,909 INFO [restartedMain] o.s.b.w.e.t.TomcatWebServer [TomcatWebServer.java:90] Tomcat initialized with port(s): 8080 (http)
2024-02-05 21:51:31,909 INFO [restartedMain] o.a.c.h.Http11NioProtocol [DirectJDKLog.java:173] Initializing ProtocolHandler ["http-nio-8080"]
2024-02-05 21:51:31,910 INFO [restartedMain] o.a.c.c.StandardService [DirectJDKLog.java:173] Starting service [Tomcat]
2024-02-05 21:51:31,910 INFO [restartedMain] o.a.c.c.StandardEngine [DirectJDKLog.java:173] Starting Servlet engine: [Apache Tomcat/9.0.19]
2024-02-05 21:51:31,925 INFO [restartedMain] o.a.c.c.C.[.[.[/community] [DirectJDKLog.java:173] Initializing Spring embedded WebApplicationContext
2024-02-05 21:51:31,925 INFO [restartedMain] o.s.w.c.ContextLoader [ServletWebServerApplicationContext.java:296] Root WebApplicationContext: initialization completed in 175 ms
2024-02-05 21:51:32,013 INFO [restartedMain] o.s.s.c.ThreadPoolTaskExecutor [ExecutorConfigurationSupport.java:171] Initializing ExecutorService 'applicationTaskExecutor'
2024-02-05 21:51:32,030 INFO [restartedMain] o.s.b.a.w.s.WelcomePageHandlerMapping [WelcomePageHandlerMapping.java:61] Adding welcome page template: index
2024-02-05 21:51:32,052 INFO [restartedMain] o.s.b.d.a.OptionalLiveReloadServer [OptionalLiveReloadServer.java:57] LiveReload server is running on port 35729
2024-02-05 21:51:32,060 INFO [restartedMain] o.a.c.h.Http11NioProtocol [DirectJDKLog.java:173] Starting ProtocolHandler ["http-nio-8080"]
2024-02-05 21:51:32,064 INFO [restartedMain] o.s.b.w.e.t.TomcatWebServer [TomcatWebServer.java:204] Tomcat started on port(s): 8080 (http) with context path '/community'
2024-02-05 21:51:32,064 INFO [restartedMain] c.n.c.CommunityApplication [StartupInfoLogger.java:59] Started CommunityApplication in 0.341 seconds (JVM running for 95.254)
2024-02-05 21:51:32,066 INFO [restartedMain] o.s.b.d.a.ConditionEvaluationDeltaLoggingListener [ConditionEvaluationDeltaLoggingListener.java:70] Condition evaluation unchanged
2024-02-05 21:51:46,118 INFO [Thread-23] o.s.s.c.ThreadPoolTaskExecutor [ExecutorConfigurationSupport.java:208] Shutting down ExecutorService 'applicationTaskExecutor'
2024-02-05 21:51:51,197 INFO [restartedMain] c.n.c.CommunityApplication [StartupInfoLogger.java:50] Starting CommunityApplication on zyf with PID 31532 (started by 章翼飞 in D:\findwork project\community)
2024-02-05 21:51:51,198 INFO [restartedMain] c.n.c.CommunityApplication [SpringApplication.java:675] No active profile set, falling back to default profiles: default
2024-02-05 21:51:51,219 INFO [restartedMain] o.s.b.d.e.DevToolsPropertyDefaultsPostProcessor [DeferredLog.java:227] Devtools property defaults active! Set 'spring.devtools.add-properties' to 'false' to disable
2024-02-05 21:51:51,219 INFO [restartedMain] o.s.b.d.e.DevToolsPropertyDefaultsPostProcessor [DeferredLog.java:227] For additional web related logging consider setting the 'logging.level.web' property to 'DEBUG'
2024-02-05 21:51:51,900 INFO [restartedMain] o.s.b.w.e.t.TomcatWebServer [TomcatWebServer.java:90] Tomcat initialized with port(s): 8080 (http)
2024-02-05 21:51:51,908 INFO [restartedMain] o.a.c.h.Http11NioProtocol [DirectJDKLog.java:173] Initializing ProtocolHandler ["http-nio-8080"]
2024-02-05 21:51:51,913 INFO [restartedMain] o.a.c.c.StandardService [DirectJDKLog.java:173] Starting service [Tomcat]
2024-02-05 21:51:51,913 INFO [restartedMain] o.a.c.c.StandardEngine [DirectJDKLog.java:173] Starting Servlet engine: [Apache Tomcat/9.0.19]
2024-02-05 21:51:51,980 INFO [restartedMain] o.a.c.c.C.[.[.[/community] [DirectJDKLog.java:173] Initializing Spring embedded WebApplicationContext
2024-02-05 21:51:51,980 INFO [restartedMain] o.s.w.c.ContextLoader [ServletWebServerApplicationContext.java:296] Root WebApplicationContext: initialization completed in 761 ms
2024-02-05 21:51:52,329 INFO [restartedMain] o.s.s.c.ThreadPoolTaskExecutor [ExecutorConfigurationSupport.java:171] Initializing ExecutorService 'applicationTaskExecutor'
2024-02-05 21:51:52,383 INFO [restartedMain] o.s.b.a.w.s.WelcomePageHandlerMapping [WelcomePageHandlerMapping.java:61] Adding welcome page template: index
2024-02-05 21:51:52,440 INFO [restartedMain] o.s.b.d.a.OptionalLiveReloadServer [OptionalLiveReloadServer.java:57] LiveReload server is running on port 35729
2024-02-05 21:51:52,456 INFO [restartedMain] o.a.c.h.Http11NioProtocol [DirectJDKLog.java:173] Starting ProtocolHandler ["http-nio-8080"]
2024-02-05 21:51:52,468 INFO [restartedMain] o.s.b.w.e.t.TomcatWebServer [TomcatWebServer.java:204] Tomcat started on port(s): 8080 (http) with context path '/community'
2024-02-05 21:51:52,470 INFO [restartedMain] c.n.c.CommunityApplication [StartupInfoLogger.java:59] Started CommunityApplication in 1.491 seconds (JVM running for 2.088)
2024-02-05 21:51:56,828 INFO [http-nio-8080-exec-1] o.a.c.c.C.[.[.[/community] [DirectJDKLog.java:173] Initializing Spring DispatcherServlet 'dispatcherServlet'
2024-02-05 21:51:56,828 INFO [http-nio-8080-exec-1] o.s.w.s.DispatcherServlet [FrameworkServlet.java:524] Initializing Servlet 'dispatcherServlet'
2024-02-05 21:51:56,833 INFO [http-nio-8080-exec-1] o.s.w.s.DispatcherServlet [FrameworkServlet.java:546] Completed initialization in 5 ms
2024-02-05 21:52:04,009 INFO [http-nio-8080-exec-7] c.z.h.HikariDataSource [HikariDataSource.java:110] HikariPool-1 - Starting...
2024-02-05 21:52:04,106 INFO [http-nio-8080-exec-7] c.z.h.HikariDataSource [HikariDataSource.java:123] HikariPool-1 - Start completed.
2024-02-05 21:52:11,549 INFO [Thread-11] o.s.s.c.ThreadPoolTaskExecutor [ExecutorConfigurationSupport.java:208] Shutting down ExecutorService 'applicationTaskExecutor'
2024-02-05 21:52:11,550 INFO [Thread-11] c.z.h.HikariDataSource [HikariDataSource.java:350] HikariPool-1 - Shutdown initiated...
2024-02-05 21:52:11,561 INFO [Thread-11] c.z.h.HikariDataSource [HikariDataSource.java:352] HikariPool-1 - Shutdown completed.
2024-02-05 21:59:57,991 INFO [restartedMain] c.n.c.CommunityApplication [StartupInfoLogger.java:50] Starting CommunityApplication on zyf with PID 6728 (started by 章翼飞 in D:\findwork project\community)
2024-02-05 21:59:57,992 INFO [restartedMain] c.n.c.CommunityApplication [SpringApplication.java:675] No active profile set, falling back to default profiles: default
2024-02-05 21:59:58,013 INFO [restartedMain] o.s.b.d.e.DevToolsPropertyDefaultsPostProcessor [DeferredLog.java:227] Devtools property defaults active! Set 'spring.devtools.add-properties' to 'false' to disable
2024-02-05 21:59:58,013 INFO [restartedMain] o.s.b.d.e.DevToolsPropertyDefaultsPostProcessor [DeferredLog.java:227] For additional web related logging consider setting the 'logging.level.web' property to 'DEBUG'
2024-02-05 21:59:58,817 INFO [restartedMain] o.s.b.w.e.t.TomcatWebServer [TomcatWebServer.java:90] Tomcat initialized with port(s): 8080 (http)
2024-02-05 21:59:58,832 INFO [restartedMain] o.a.c.h.Http11NioProtocol [DirectJDKLog.java:173] Initializing ProtocolHandler ["http-nio-8080"]
2024-02-05 21:59:58,839 INFO [restartedMain] o.a.c.c.StandardService [DirectJDKLog.java:173] Starting service [Tomcat]
2024-02-05 21:59:58,839 INFO [restartedMain] o.a.c.c.StandardEngine [DirectJDKLog.java:173] Starting Servlet engine: [Apache Tomcat/9.0.19]
2024-02-05 21:59:58,930 INFO [restartedMain] o.a.c.c.C.[.[.[/community] [DirectJDKLog.java:173] Initializing Spring embedded WebApplicationContext
2024-02-05 21:59:58,931 INFO [restartedMain] o.s.w.c.ContextLoader [ServletWebServerApplicationContext.java:296] Root WebApplicationContext: initialization completed in 918 ms
2024-02-05 21:59:59,373 INFO [restartedMain] o.s.s.c.ThreadPoolTaskExecutor [ExecutorConfigurationSupport.java:171] Initializing ExecutorService 'applicationTaskExecutor'
2024-02-05 21:59:59,436 INFO [restartedMain] o.s.b.a.w.s.WelcomePageHandlerMapping [WelcomePageHandlerMapping.java:61] Adding welcome page template: index
2024-02-05 21:59:59,503 INFO [restartedMain] o.s.b.d.a.OptionalLiveReloadServer [OptionalLiveReloadServer.java:57] LiveReload server is running on port 35729
2024-02-05 21:59:59,520 INFO [restartedMain] o.a.c.h.Http11NioProtocol [DirectJDKLog.java:173] Starting ProtocolHandler ["http-nio-8080"]
2024-02-05 21:59:59,537 INFO [restartedMain] o.s.b.w.e.t.TomcatWebServer [TomcatWebServer.java:204] Tomcat started on port(s): 8080 (http) with context path '/community'
2024-02-05 21:59:59,539 INFO [restartedMain] c.n.c.CommunityApplication [StartupInfoLogger.java:59] Started CommunityApplication in 1.784 seconds (JVM running for 2.364)
2024-02-05 22:00:06,230 INFO [http-nio-8080-exec-1] o.a.c.c.C.[.[.[/community] [DirectJDKLog.java:173] Initializing Spring DispatcherServlet 'dispatcherServlet'
2024-02-05 22:00:06,230 INFO [http-nio-8080-exec-1] o.s.w.s.DispatcherServlet [FrameworkServlet.java:524] Initializing Servlet 'dispatcherServlet'
2024-02-05 22:00:06,234 INFO [http-nio-8080-exec-1] o.s.w.s.DispatcherServlet [FrameworkServlet.java:546] Completed initialization in 4 ms
2024-02-05 22:00:22,597 INFO [http-nio-8080-exec-1] c.z.h.HikariDataSource [HikariDataSource.java:110] HikariPool-1 - Starting...
2024-02-05 22:00:22,692 INFO [http-nio-8080-exec-1] c.z.h.HikariDataSource [HikariDataSource.java:123] HikariPool-1 - Start completed.
2024-02-05 22:05:03,694 INFO [Thread-12] o.s.s.c.ThreadPoolTaskExecutor [ExecutorConfigurationSupport.java:208] Shutting down ExecutorService 'applicationTaskExecutor'
2024-02-05 22:05:03,695 INFO [Thread-12] c.z.h.HikariDataSource [HikariDataSource.java:350] HikariPool-1 - Shutdown initiated...
2024-02-05 22:05:03,699 INFO [Thread-12] c.z.h.HikariDataSource [HikariDataSource.java:352] HikariPool-1 - Shutdown completed.
2024-02-05 22:05:44,696 INFO [restartedMain] c.n.c.CommunityApplication [StartupInfoLogger.java:50] Starting CommunityApplication on zyf with PID 28508 (started by 章翼飞 in D:\findwork project\community)
2024-02-05 22:05:44,699 INFO [restartedMain] c.n.c.CommunityApplication [SpringApplication.java:675] No active profile set, falling back to default profiles: default
2024-02-05 22:05:44,731 INFO [restartedMain] o.s.b.d.e.DevToolsPropertyDefaultsPostProcessor [DeferredLog.java:227] Devtools property defaults active! Set 'spring.devtools.add-properties' to 'false' to disable
2024-02-05 22:05:44,731 INFO [restartedMain] o.s.b.d.e.DevToolsPropertyDefaultsPostProcessor [DeferredLog.java:227] For additional web related logging consider setting the 'logging.level.web' property to 'DEBUG'
2024-02-05 22:05:45,580 INFO [restartedMain] o.s.b.w.e.t.TomcatWebServer [TomcatWebServer.java:90] Tomcat initialized with port(s): 8080 (http)
2024-02-05 22:05:45,589 INFO [restartedMain] o.a.c.h.Http11NioProtocol [DirectJDKLog.java:173] Initializing ProtocolHandler ["http-nio-8080"]
2024-02-05 22:05:45,595 INFO [restartedMain] o.a.c.c.StandardService [DirectJDKLog.java:173] Starting service [Tomcat]
2024-02-05 22:05:45,595 INFO [restartedMain] o.a.c.c.StandardEngine [DirectJDKLog.java:173] Starting Servlet engine: [Apache Tomcat/9.0.19]
2024-02-05 22:05:45,661 INFO [restartedMain] o.a.c.c.C.[.[.[/community] [DirectJDKLog.java:173] Initializing Spring embedded WebApplicationContext
2024-02-05 22:05:45,662 INFO [restartedMain] o.s.w.c.ContextLoader [ServletWebServerApplicationContext.java:296] Root WebApplicationContext: initialization completed in 930 ms
2024-02-05 22:05:46,082 INFO [restartedMain] o.s.s.c.ThreadPoolTaskExecutor [ExecutorConfigurationSupport.java:171] Initializing ExecutorService 'applicationTaskExecutor'
2024-02-05 22:05:46,145 INFO [restartedMain] o.s.b.a.w.s.WelcomePageHandlerMapping [WelcomePageHandlerMapping.java:61] Adding welcome page template: index
2024-02-05 22:05:46,213 INFO [restartedMain] o.s.b.d.a.OptionalLiveReloadServer [OptionalLiveReloadServer.java:57] LiveReload server is running on port 35729
2024-02-05 22:05:46,232 INFO [restartedMain] o.a.c.h.Http11NioProtocol [DirectJDKLog.java:173] Starting ProtocolHandler ["http-nio-8080"]
2024-02-05 22:05:46,244 INFO [restartedMain] o.s.b.w.e.t.TomcatWebServer [TomcatWebServer.java:204] Tomcat started on port(s): 8080 (http) with context path '/community'
2024-02-05 22:05:46,246 INFO [restartedMain] c.n.c.CommunityApplication [StartupInfoLogger.java:59] Started CommunityApplication in 1.819 seconds (JVM running for 2.512)
2024-02-05 22:05:50,235 INFO [http-nio-8080-exec-1] o.a.c.c.C.[.[.[/community] [DirectJDKLog.java:173] Initializing Spring DispatcherServlet 'dispatcherServlet'
2024-02-05 22:05:50,235 INFO [http-nio-8080-exec-1] o.s.w.s.DispatcherServlet [FrameworkServlet.java:524] Initializing Servlet 'dispatcherServlet'
2024-02-05 22:05:50,239 INFO [http-nio-8080-exec-1] o.s.w.s.DispatcherServlet [FrameworkServlet.java:546] Completed initialization in 4 ms
2024-02-05 22:06:57,969 INFO [Thread-12] o.s.s.c.ThreadPoolTaskExecutor [ExecutorConfigurationSupport.java:208] Shutting down ExecutorService 'applicationTaskExecutor'
2024-02-05 22:07:03,364 INFO [restartedMain] c.n.c.CommunityApplication [StartupInfoLogger.java:50] Starting CommunityApplication on zyf with PID 22640 (started by 章翼飞 in D:\findwork project\community)
2024-02-05 22:07:03,366 INFO [restartedMain] c.n.c.CommunityApplication [SpringApplication.java:675] No active profile set, falling back to default profiles: default
2024-02-05 22:07:03,400 INFO [restartedMain] o.s.b.d.e.DevToolsPropertyDefaultsPostProcessor [DeferredLog.java:227] Devtools property defaults active! Set 'spring.devtools.add-properties' to 'false' to disable
2024-02-05 22:07:03,400 INFO [restartedMain] o.s.b.d.e.DevToolsPropertyDefaultsPostProcessor [DeferredLog.java:227] For additional web related logging consider setting the 'logging.level.web' property to 'DEBUG'
2024-02-05 22:07:04,223 INFO [restartedMain] o.s.b.w.e.t.TomcatWebServer [TomcatWebServer.java:90] Tomcat initialized with port(s): 8080 (http)
2024-02-05 22:07:04,232 INFO [restartedMain] o.a.c.h.Http11NioProtocol [DirectJDKLog.java:173] Initializing ProtocolHandler ["http-nio-8080"]
2024-02-05 22:07:04,238 INFO [restartedMain] o.a.c.c.StandardService [DirectJDKLog.java:173] Starting service [Tomcat]
2024-02-05 22:07:04,239 INFO [restartedMain] o.a.c.c.StandardEngine [DirectJDKLog.java:173] Starting Servlet engine: [Apache Tomcat/9.0.19]
2024-02-05 22:07:04,315 INFO [restartedMain] o.a.c.c.C.[.[.[/community] [DirectJDKLog.java:173] Initializing Spring embedded WebApplicationContext
2024-02-05 22:07:04,315 INFO [restartedMain] o.s.w.c.ContextLoader [ServletWebServerApplicationContext.java:296] Root WebApplicationContext: initialization completed in 915 ms
2024-02-05 22:07:04,695 INFO [restartedMain] o.s.s.c.ThreadPoolTaskExecutor [ExecutorConfigurationSupport.java:171] Initializing ExecutorService 'applicationTaskExecutor'
2024-02-05 22:07:04,763 INFO [restartedMain] o.s.b.a.w.s.WelcomePageHandlerMapping [WelcomePageHandlerMapping.java:61] Adding welcome page template: index
2024-02-05 22:07:04,835 INFO [restartedMain] o.s.b.d.a.OptionalLiveReloadServer [OptionalLiveReloadServer.java:57] LiveReload server is running on port 35729
2024-02-05 22:07:04,854 INFO [restartedMain] o.a.c.h.Http11NioProtocol [DirectJDKLog.java:173] Starting ProtocolHandler ["http-nio-8080"]
2024-02-05 22:07:04,868 INFO [restartedMain] o.s.b.w.e.t.TomcatWebServer [TomcatWebServer.java:204] Tomcat started on port(s): 8080 (http) with context path '/community'
2024-02-05 22:07:04,870 INFO [restartedMain] c.n.c.CommunityApplication [StartupInfoLogger.java:59] Started CommunityApplication in 1.772 seconds (JVM running for 2.444)
2024-02-05 22:07:06,837 INFO [http-nio-8080-exec-1] o.a.c.c.C.[.[.[/community] [DirectJDKLog.java:173] Initializing Spring DispatcherServlet 'dispatcherServlet'
2024-02-05 22:07:06,837 INFO [http-nio-8080-exec-1] o.s.w.s.DispatcherServlet [FrameworkServlet.java:524] Initializing Servlet 'dispatcherServlet'
2024-02-05 22:07:06,841 INFO [http-nio-8080-exec-1] o.s.w.s.DispatcherServlet [FrameworkServlet.java:546] Completed initialization in 4 ms
2024-02-05 22:10:47,130 INFO [http-nio-8080-exec-3] c.z.h.HikariDataSource [HikariDataSource.java:110] HikariPool-1 - Starting...
2024-02-05 22:10:47,143 INFO [Thread-12] o.s.s.c.ThreadPoolTaskExecutor [ExecutorConfigurationSupport.java:208] Shutting down ExecutorService 'applicationTaskExecutor'
2024-02-05 22:10:47,233 INFO [http-nio-8080-exec-3] c.z.h.HikariDataSource [HikariDataSource.java:123] HikariPool-1 - Start completed.
2024-02-05 22:10:53,168 INFO [restartedMain] c.n.c.CommunityApplication [StartupInfoLogger.java:50] Starting CommunityApplication on zyf with PID 28212 (started by 章翼飞 in D:\findwork project\community)
2024-02-05 22:10:53,169 INFO [restartedMain] c.n.c.CommunityApplication [SpringApplication.java:675] No active profile set, falling back to default profiles: default
2024-02-05 22:10:53,189 INFO [restartedMain] o.s.b.d.e.DevToolsPropertyDefaultsPostProcessor [DeferredLog.java:227] Devtools property defaults active! Set 'spring.devtools.add-properties' to 'false' to disable
2024-02-05 22:10:53,190 INFO [restartedMain] o.s.b.d.e.DevToolsPropertyDefaultsPostProcessor [DeferredLog.java:227] For additional web related logging consider setting the 'logging.level.web' property to 'DEBUG'
2024-02-05 22:10:53,903 INFO [restartedMain] o.s.b.w.e.t.TomcatWebServer [TomcatWebServer.java:90] Tomcat initialized with port(s): 8080 (http)
2024-02-05 22:10:53,915 INFO [restartedMain] o.a.c.h.Http11NioProtocol [DirectJDKLog.java:173] Initializing ProtocolHandler ["http-nio-8080"]
2024-02-05 22:10:53,921 INFO [restartedMain] o.a.c.c.StandardService [DirectJDKLog.java:173] Starting service [Tomcat]
2024-02-05 22:10:53,921 INFO [restartedMain] o.a.c.c.StandardEngine [DirectJDKLog.java:173] Starting Servlet engine: [Apache Tomcat/9.0.19]
2024-02-05 22:10:53,989 INFO [restartedMain] o.a.c.c.C.[.[.[/community] [DirectJDKLog.java:173] Initializing Spring embedded WebApplicationContext
2024-02-05 22:10:53,990 INFO [restartedMain] o.s.w.c.ContextLoader [ServletWebServerApplicationContext.java:296] Root WebApplicationContext: initialization completed in 800 ms
2024-02-05 22:10:54,371 INFO [restartedMain] o.s.s.c.ThreadPoolTaskExecutor [ExecutorConfigurationSupport.java:171] Initializing ExecutorService 'applicationTaskExecutor'
2024-02-05 22:10:54,426 INFO [restartedMain] o.s.b.a.w.s.WelcomePageHandlerMapping [WelcomePageHandlerMapping.java:61] Adding welcome page template: index
2024-02-05 22:10:54,494 INFO [restartedMain] o.s.b.d.a.OptionalLiveReloadServer [OptionalLiveReloadServer.java:57] LiveReload server is running on port 35729
2024-02-05 22:10:54,511 INFO [restartedMain] o.a.c.h.Http11NioProtocol [DirectJDKLog.java:173] Starting ProtocolHandler ["http-nio-8080"]
2024-02-05 22:10:54,524 INFO [restartedMain] o.s.b.w.e.t.TomcatWebServer [TomcatWebServer.java:204] Tomcat started on port(s): 8080 (http) with context path '/community'
2024-02-05 22:10:54,526 INFO [restartedMain] c.n.c.CommunityApplication [StartupInfoLogger.java:59] Started CommunityApplication in 1.576 seconds (JVM running for 2.163)
2024-02-05 22:10:57,264 INFO [http-nio-8080-exec-1] o.a.c.c.C.[.[.[/community] [DirectJDKLog.java:173] Initializing Spring DispatcherServlet 'dispatcherServlet'
2024-02-05 22:10:57,264 INFO [http-nio-8080-exec-1] o.s.w.s.DispatcherServlet [FrameworkServlet.java:524] Initializing Servlet 'dispatcherServlet'
2024-02-05 22:10:57,268 INFO [http-nio-8080-exec-1] o.s.w.s.DispatcherServlet [FrameworkServlet.java:546] Completed initialization in 3 ms
2024-02-05 22:11:05,434 INFO [http-nio-8080-exec-7] c.z.h.HikariDataSource [HikariDataSource.java:110] HikariPool-1 - Starting...
2024-02-05 22:11:05,570 INFO [http-nio-8080-exec-7] c.z.h.HikariDataSource [HikariDataSource.java:123] HikariPool-1 - Start completed.
2024-02-05 22:12:10,313 INFO [Thread-11] o.s.s.c.ThreadPoolTaskExecutor [ExecutorConfigurationSupport.java:208] Shutting down ExecutorService 'applicationTaskExecutor'
2024-02-05 22:12:10,315 INFO [Thread-11] c.z.h.HikariDataSource [HikariDataSource.java:350] HikariPool-1 - Shutdown initiated...
2024-02-05 22:12:10,319 INFO [Thread-11] c.z.h.HikariDataSource [HikariDataSource.java:352] HikariPool-1 - Shutdown completed.
