2024-02-19 13:55:03,102 INFO [restartedMain] c.n.c.CommunityApplication [StartupInfoLogger.java:50] Starting CommunityApplication on zyf with PID 20056 (started by 章翼飞 in D:\findwork project\community)
2024-02-19 13:55:03,108 INFO [restartedMain] c.n.c.CommunityApplication [SpringApplication.java:675] No active profile set, falling back to default profiles: default
2024-02-19 13:55:03,167 INFO [restartedMain] o.s.b.d.e.DevToolsPropertyDefaultsPostProcessor [DeferredLog.java:227] Devtools property defaults active! Set 'spring.devtools.add-properties' to 'false' to disable
2024-02-19 13:55:03,167 INFO [restartedMain] o.s.b.d.e.DevToolsPropertyDefaultsPostProcessor [DeferredLog.java:227] For additional web related logging consider setting the 'logging.level.web' property to 'DEBUG'
2024-02-19 13:55:03,852 INFO [restartedMain] o.s.d.r.c.RepositoryConfigurationDelegate [RepositoryConfigurationDelegate.java:244] Multiple Spring Data modules found, entering strict repository configuration mode!
2024-02-19 13:55:03,854 INFO [restartedMain] o.s.d.r.c.RepositoryConfigurationDelegate [RepositoryConfigurationDelegate.java:126] Bootstrapping Spring Data repositories in DEFAULT mode.
2024-02-19 13:55:03,877 INFO [restartedMain] o.s.d.r.c.RepositoryConfigurationDelegate [RepositoryConfigurationDelegate.java:182] Finished Spring Data repository scanning in 11ms. Found 0 repository interfaces.
2024-02-19 13:55:04,191 INFO [restartedMain] o.s.c.s.PostProcessorRegistrationDelegate$BeanPostProcessorChecker [PostProcessorRegistrationDelegate.java:330] Bean 'org.springframework.transaction.annotation.ProxyTransactionManagementConfiguration' of type [org.springframework.transaction.annotation.ProxyTransactionManagementConfiguration$$EnhancerBySpringCGLIB$$ff01eec2] is not eligible for getting processed by all BeanPostProcessors (for example: not eligible for auto-proxying)
2024-02-19 13:55:04,537 INFO [restartedMain] o.s.b.w.e.t.TomcatWebServer [TomcatWebServer.java:90] Tomcat initialized with port(s): 8080 (http)
2024-02-19 13:55:04,547 INFO [restartedMain] o.a.c.h.Http11NioProtocol [DirectJDKLog.java:173] Initializing ProtocolHandler ["http-nio-8080"]
2024-02-19 13:55:04,553 INFO [restartedMain] o.a.c.c.StandardService [DirectJDKLog.java:173] Starting service [Tomcat]
2024-02-19 13:55:04,553 INFO [restartedMain] o.a.c.c.StandardEngine [DirectJDKLog.java:173] Starting Servlet engine: [Apache Tomcat/9.0.19]
2024-02-19 13:55:04,621 INFO [restartedMain] o.a.c.c.C.[.[.[/community] [DirectJDKLog.java:173] Initializing Spring embedded WebApplicationContext
2024-02-19 13:55:04,621 INFO [restartedMain] o.s.w.c.ContextLoader [ServletWebServerApplicationContext.java:296] Root WebApplicationContext: initialization completed in 1453 ms
2024-02-19 13:55:05,308 INFO [restartedMain] o.s.s.c.ThreadPoolTaskExecutor [ExecutorConfigurationSupport.java:171] Initializing ExecutorService 'applicationTaskExecutor'
2024-02-19 13:55:05,395 INFO [restartedMain] o.s.b.a.w.s.WelcomePageHandlerMapping [WelcomePageHandlerMapping.java:61] Adding welcome page template: index
2024-02-19 13:55:05,587 INFO [restartedMain] o.s.b.d.a.OptionalLiveReloadServer [OptionalLiveReloadServer.java:57] LiveReload server is running on port 35729
2024-02-19 13:55:05,605 INFO [restartedMain] o.a.c.h.Http11NioProtocol [DirectJDKLog.java:173] Starting ProtocolHandler ["http-nio-8080"]
2024-02-19 13:55:05,618 INFO [restartedMain] o.s.b.w.e.t.TomcatWebServer [TomcatWebServer.java:204] Tomcat started on port(s): 8080 (http) with context path '/community'
2024-02-19 13:55:05,621 INFO [restartedMain] c.n.c.CommunityApplication [StartupInfoLogger.java:59] Started CommunityApplication in 2.906 seconds (JVM running for 3.98)
2024-02-19 13:55:31,874 INFO [http-nio-8080-exec-7] o.a.c.c.C.[.[.[/community] [DirectJDKLog.java:173] Initializing Spring DispatcherServlet 'dispatcherServlet'
2024-02-19 13:55:31,875 INFO [http-nio-8080-exec-7] o.s.w.s.DispatcherServlet [FrameworkServlet.java:524] Initializing Servlet 'dispatcherServlet'
2024-02-19 13:55:31,891 INFO [http-nio-8080-exec-7] o.s.w.s.DispatcherServlet [FrameworkServlet.java:546] Completed initialization in 16 ms
2024-02-19 13:55:31,925 INFO [http-nio-8080-exec-7] c.n.c.a.ServiceLogAspect [ServiceLogAspect.java:34] 用户[0:0:0:0:0:0:0:1],在[2024-02-19 13:55:31]，访问了[com.newcode.community.service.UserService.findLoginTicket].
2024-02-19 13:55:31,947 INFO [http-nio-8080-exec-7] c.z.h.HikariDataSource [HikariDataSource.java:110] HikariPool-1 - Starting...
2024-02-19 13:55:32,055 INFO [http-nio-8080-exec-7] c.z.h.HikariDataSource [HikariDataSource.java:123] HikariPool-1 - Start completed.
2024-02-19 13:55:32,133 INFO [http-nio-8080-exec-7] c.n.c.a.ServiceLogAspect [ServiceLogAspect.java:34] 用户[0:0:0:0:0:0:0:1],在[2024-02-19 13:55:32]，访问了[com.newcode.community.service.DiscussPostService.findDiscussPostsRows].
2024-02-19 13:55:32,157 INFO [http-nio-8080-exec-7] c.n.c.a.ServiceLogAspect [ServiceLogAspect.java:34] 用户[0:0:0:0:0:0:0:1],在[2024-02-19 13:55:32]，访问了[com.newcode.community.service.DiscussPostService.findDiscussPosts].
2024-02-19 13:55:32,167 INFO [http-nio-8080-exec-7] c.n.c.a.ServiceLogAspect [ServiceLogAspect.java:34] 用户[0:0:0:0:0:0:0:1],在[2024-02-19 13:55:32]，访问了[com.newcode.community.service.UserService.findUserById].
2024-02-19 13:55:32,175 INFO [http-nio-8080-exec-7] c.n.c.a.ServiceLogAspect [ServiceLogAspect.java:34] 用户[0:0:0:0:0:0:0:1],在[2024-02-19 13:55:32]，访问了[com.newcode.community.service.LikeService.findEntityLikeCount].
2024-02-19 13:55:32,256 INFO [http-nio-8080-exec-7] i.l.c.EpollProvider [EpollProvider.java:68] Starting without optional epoll library
2024-02-19 13:55:32,257 INFO [http-nio-8080-exec-7] i.l.c.KqueueProvider [KqueueProvider.java:70] Starting without optional kqueue library
2024-02-19 13:55:32,872 INFO [http-nio-8080-exec-7] c.n.c.a.ServiceLogAspect [ServiceLogAspect.java:34] 用户[0:0:0:0:0:0:0:1],在[2024-02-19 13:55:32]，访问了[com.newcode.community.service.UserService.findUserById].
2024-02-19 13:55:32,876 INFO [http-nio-8080-exec-7] c.n.c.a.ServiceLogAspect [ServiceLogAspect.java:34] 用户[0:0:0:0:0:0:0:1],在[2024-02-19 13:55:32]，访问了[com.newcode.community.service.LikeService.findEntityLikeCount].
2024-02-19 13:55:32,877 INFO [http-nio-8080-exec-7] c.n.c.a.ServiceLogAspect [ServiceLogAspect.java:34] 用户[0:0:0:0:0:0:0:1],在[2024-02-19 13:55:32]，访问了[com.newcode.community.service.UserService.findUserById].
2024-02-19 13:55:32,880 INFO [http-nio-8080-exec-7] c.n.c.a.ServiceLogAspect [ServiceLogAspect.java:34] 用户[0:0:0:0:0:0:0:1],在[2024-02-19 13:55:32]，访问了[com.newcode.community.service.LikeService.findEntityLikeCount].
2024-02-19 13:55:32,882 INFO [http-nio-8080-exec-7] c.n.c.a.ServiceLogAspect [ServiceLogAspect.java:34] 用户[0:0:0:0:0:0:0:1],在[2024-02-19 13:55:32]，访问了[com.newcode.community.service.UserService.findUserById].
2024-02-19 13:55:32,884 INFO [http-nio-8080-exec-7] c.n.c.a.ServiceLogAspect [ServiceLogAspect.java:34] 用户[0:0:0:0:0:0:0:1],在[2024-02-19 13:55:32]，访问了[com.newcode.community.service.LikeService.findEntityLikeCount].
2024-02-19 13:55:32,885 INFO [http-nio-8080-exec-7] c.n.c.a.ServiceLogAspect [ServiceLogAspect.java:34] 用户[0:0:0:0:0:0:0:1],在[2024-02-19 13:55:32]，访问了[com.newcode.community.service.UserService.findUserById].
2024-02-19 13:55:32,887 INFO [http-nio-8080-exec-7] c.n.c.a.ServiceLogAspect [ServiceLogAspect.java:34] 用户[0:0:0:0:0:0:0:1],在[2024-02-19 13:55:32]，访问了[com.newcode.community.service.LikeService.findEntityLikeCount].
2024-02-19 13:55:32,888 INFO [http-nio-8080-exec-7] c.n.c.a.ServiceLogAspect [ServiceLogAspect.java:34] 用户[0:0:0:0:0:0:0:1],在[2024-02-19 13:55:32]，访问了[com.newcode.community.service.UserService.findUserById].
2024-02-19 13:55:32,890 INFO [http-nio-8080-exec-7] c.n.c.a.ServiceLogAspect [ServiceLogAspect.java:34] 用户[0:0:0:0:0:0:0:1],在[2024-02-19 13:55:32]，访问了[com.newcode.community.service.LikeService.findEntityLikeCount].
2024-02-19 13:55:32,892 INFO [http-nio-8080-exec-7] c.n.c.a.ServiceLogAspect [ServiceLogAspect.java:34] 用户[0:0:0:0:0:0:0:1],在[2024-02-19 13:55:32]，访问了[com.newcode.community.service.UserService.findUserById].
2024-02-19 13:55:32,895 INFO [http-nio-8080-exec-7] c.n.c.a.ServiceLogAspect [ServiceLogAspect.java:34] 用户[0:0:0:0:0:0:0:1],在[2024-02-19 13:55:32]，访问了[com.newcode.community.service.LikeService.findEntityLikeCount].
2024-02-19 13:55:32,896 INFO [http-nio-8080-exec-7] c.n.c.a.ServiceLogAspect [ServiceLogAspect.java:34] 用户[0:0:0:0:0:0:0:1],在[2024-02-19 13:55:32]，访问了[com.newcode.community.service.UserService.findUserById].
2024-02-19 13:55:32,898 INFO [http-nio-8080-exec-7] c.n.c.a.ServiceLogAspect [ServiceLogAspect.java:34] 用户[0:0:0:0:0:0:0:1],在[2024-02-19 13:55:32]，访问了[com.newcode.community.service.LikeService.findEntityLikeCount].
2024-02-19 13:55:32,899 INFO [http-nio-8080-exec-7] c.n.c.a.ServiceLogAspect [ServiceLogAspect.java:34] 用户[0:0:0:0:0:0:0:1],在[2024-02-19 13:55:32]，访问了[com.newcode.community.service.UserService.findUserById].
2024-02-19 13:55:32,902 INFO [http-nio-8080-exec-7] c.n.c.a.ServiceLogAspect [ServiceLogAspect.java:34] 用户[0:0:0:0:0:0:0:1],在[2024-02-19 13:55:32]，访问了[com.newcode.community.service.LikeService.findEntityLikeCount].
2024-02-19 13:55:32,904 INFO [http-nio-8080-exec-7] c.n.c.a.ServiceLogAspect [ServiceLogAspect.java:34] 用户[0:0:0:0:0:0:0:1],在[2024-02-19 13:55:32]，访问了[com.newcode.community.service.UserService.findUserById].
2024-02-19 13:55:32,907 INFO [http-nio-8080-exec-7] c.n.c.a.ServiceLogAspect [ServiceLogAspect.java:34] 用户[0:0:0:0:0:0:0:1],在[2024-02-19 13:55:32]，访问了[com.newcode.community.service.LikeService.findEntityLikeCount].
2024-02-19 13:55:34,295 INFO [http-nio-8080-exec-6] c.n.c.a.ServiceLogAspect [ServiceLogAspect.java:34] 用户[0:0:0:0:0:0:0:1],在[2024-02-19 13:55:34]，访问了[com.newcode.community.service.UserService.findLoginTicket].
2024-02-19 13:55:34,299 INFO [http-nio-8080-exec-6] c.n.c.a.ServiceLogAspect [ServiceLogAspect.java:34] 用户[0:0:0:0:0:0:0:1],在[2024-02-19 13:55:34]，访问了[com.newcode.community.service.DiscussPostService.findDiscussPostsRows].
2024-02-19 13:55:34,302 INFO [http-nio-8080-exec-6] c.n.c.a.ServiceLogAspect [ServiceLogAspect.java:34] 用户[0:0:0:0:0:0:0:1],在[2024-02-19 13:55:34]，访问了[com.newcode.community.service.DiscussPostService.findDiscussPosts].
2024-02-19 13:55:34,318 INFO [http-nio-8080-exec-6] c.n.c.a.ServiceLogAspect [ServiceLogAspect.java:34] 用户[0:0:0:0:0:0:0:1],在[2024-02-19 13:55:34]，访问了[com.newcode.community.service.UserService.findUserById].
2024-02-19 13:55:34,321 INFO [http-nio-8080-exec-6] c.n.c.a.ServiceLogAspect [ServiceLogAspect.java:34] 用户[0:0:0:0:0:0:0:1],在[2024-02-19 13:55:34]，访问了[com.newcode.community.service.LikeService.findEntityLikeCount].
2024-02-19 13:55:34,323 INFO [http-nio-8080-exec-6] c.n.c.a.ServiceLogAspect [ServiceLogAspect.java:34] 用户[0:0:0:0:0:0:0:1],在[2024-02-19 13:55:34]，访问了[com.newcode.community.service.UserService.findUserById].
2024-02-19 13:55:34,327 INFO [http-nio-8080-exec-6] c.n.c.a.ServiceLogAspect [ServiceLogAspect.java:34] 用户[0:0:0:0:0:0:0:1],在[2024-02-19 13:55:34]，访问了[com.newcode.community.service.LikeService.findEntityLikeCount].
2024-02-19 13:55:34,329 INFO [http-nio-8080-exec-6] c.n.c.a.ServiceLogAspect [ServiceLogAspect.java:34] 用户[0:0:0:0:0:0:0:1],在[2024-02-19 13:55:34]，访问了[com.newcode.community.service.UserService.findUserById].
2024-02-19 13:55:34,332 INFO [http-nio-8080-exec-6] c.n.c.a.ServiceLogAspect [ServiceLogAspect.java:34] 用户[0:0:0:0:0:0:0:1],在[2024-02-19 13:55:34]，访问了[com.newcode.community.service.LikeService.findEntityLikeCount].
2024-02-19 13:55:34,336 INFO [http-nio-8080-exec-6] c.n.c.a.ServiceLogAspect [ServiceLogAspect.java:34] 用户[0:0:0:0:0:0:0:1],在[2024-02-19 13:55:34]，访问了[com.newcode.community.service.UserService.findUserById].
2024-02-19 13:55:34,339 INFO [http-nio-8080-exec-6] c.n.c.a.ServiceLogAspect [ServiceLogAspect.java:34] 用户[0:0:0:0:0:0:0:1],在[2024-02-19 13:55:34]，访问了[com.newcode.community.service.LikeService.findEntityLikeCount].
2024-02-19 13:55:34,342 INFO [http-nio-8080-exec-6] c.n.c.a.ServiceLogAspect [ServiceLogAspect.java:34] 用户[0:0:0:0:0:0:0:1],在[2024-02-19 13:55:34]，访问了[com.newcode.community.service.UserService.findUserById].
2024-02-19 13:55:34,346 INFO [http-nio-8080-exec-6] c.n.c.a.ServiceLogAspect [ServiceLogAspect.java:34] 用户[0:0:0:0:0:0:0:1],在[2024-02-19 13:55:34]，访问了[com.newcode.community.service.LikeService.findEntityLikeCount].
2024-02-19 13:55:34,348 INFO [http-nio-8080-exec-6] c.n.c.a.ServiceLogAspect [ServiceLogAspect.java:34] 用户[0:0:0:0:0:0:0:1],在[2024-02-19 13:55:34]，访问了[com.newcode.community.service.UserService.findUserById].
2024-02-19 13:55:34,357 INFO [http-nio-8080-exec-6] c.n.c.a.ServiceLogAspect [ServiceLogAspect.java:34] 用户[0:0:0:0:0:0:0:1],在[2024-02-19 13:55:34]，访问了[com.newcode.community.service.LikeService.findEntityLikeCount].
2024-02-19 13:55:34,361 INFO [http-nio-8080-exec-6] c.n.c.a.ServiceLogAspect [ServiceLogAspect.java:34] 用户[0:0:0:0:0:0:0:1],在[2024-02-19 13:55:34]，访问了[com.newcode.community.service.UserService.findUserById].
2024-02-19 13:55:34,365 INFO [http-nio-8080-exec-6] c.n.c.a.ServiceLogAspect [ServiceLogAspect.java:34] 用户[0:0:0:0:0:0:0:1],在[2024-02-19 13:55:34]，访问了[com.newcode.community.service.LikeService.findEntityLikeCount].
2024-02-19 13:55:34,367 INFO [http-nio-8080-exec-6] c.n.c.a.ServiceLogAspect [ServiceLogAspect.java:34] 用户[0:0:0:0:0:0:0:1],在[2024-02-19 13:55:34]，访问了[com.newcode.community.service.UserService.findUserById].
2024-02-19 13:55:34,372 INFO [http-nio-8080-exec-6] c.n.c.a.ServiceLogAspect [ServiceLogAspect.java:34] 用户[0:0:0:0:0:0:0:1],在[2024-02-19 13:55:34]，访问了[com.newcode.community.service.LikeService.findEntityLikeCount].
2024-02-19 13:55:34,374 INFO [http-nio-8080-exec-6] c.n.c.a.ServiceLogAspect [ServiceLogAspect.java:34] 用户[0:0:0:0:0:0:0:1],在[2024-02-19 13:55:34]，访问了[com.newcode.community.service.UserService.findUserById].
2024-02-19 13:55:34,378 INFO [http-nio-8080-exec-6] c.n.c.a.ServiceLogAspect [ServiceLogAspect.java:34] 用户[0:0:0:0:0:0:0:1],在[2024-02-19 13:55:34]，访问了[com.newcode.community.service.LikeService.findEntityLikeCount].
2024-02-19 13:55:34,379 INFO [http-nio-8080-exec-6] c.n.c.a.ServiceLogAspect [ServiceLogAspect.java:34] 用户[0:0:0:0:0:0:0:1],在[2024-02-19 13:55:34]，访问了[com.newcode.community.service.UserService.findUserById].
2024-02-19 13:55:34,382 INFO [http-nio-8080-exec-6] c.n.c.a.ServiceLogAspect [ServiceLogAspect.java:34] 用户[0:0:0:0:0:0:0:1],在[2024-02-19 13:55:34]，访问了[com.newcode.community.service.LikeService.findEntityLikeCount].
2024-02-19 13:56:18,702 INFO [http-nio-8080-exec-7] c.n.c.a.ServiceLogAspect [ServiceLogAspect.java:34] 用户[0:0:0:0:0:0:0:1],在[2024-02-19 13:56:18]，访问了[com.newcode.community.service.UserService.findLoginTicket].
2024-02-19 13:56:18,705 INFO [http-nio-8080-exec-7] c.n.c.a.ServiceLogAspect [ServiceLogAspect.java:34] 用户[0:0:0:0:0:0:0:1],在[2024-02-19 13:56:18]，访问了[com.newcode.community.service.DiscussPostService.findDiscussPostsRows].
2024-02-19 13:56:18,707 INFO [http-nio-8080-exec-7] c.n.c.a.ServiceLogAspect [ServiceLogAspect.java:34] 用户[0:0:0:0:0:0:0:1],在[2024-02-19 13:56:18]，访问了[com.newcode.community.service.DiscussPostService.findDiscussPosts].
2024-02-19 13:56:18,711 INFO [http-nio-8080-exec-7] c.n.c.a.ServiceLogAspect [ServiceLogAspect.java:34] 用户[0:0:0:0:0:0:0:1],在[2024-02-19 13:56:18]，访问了[com.newcode.community.service.UserService.findUserById].
2024-02-19 13:56:18,713 INFO [http-nio-8080-exec-7] c.n.c.a.ServiceLogAspect [ServiceLogAspect.java:34] 用户[0:0:0:0:0:0:0:1],在[2024-02-19 13:56:18]，访问了[com.newcode.community.service.LikeService.findEntityLikeCount].
2024-02-19 13:56:18,715 INFO [http-nio-8080-exec-7] c.n.c.a.ServiceLogAspect [ServiceLogAspect.java:34] 用户[0:0:0:0:0:0:0:1],在[2024-02-19 13:56:18]，访问了[com.newcode.community.service.UserService.findUserById].
2024-02-19 13:56:18,718 INFO [http-nio-8080-exec-7] c.n.c.a.ServiceLogAspect [ServiceLogAspect.java:34] 用户[0:0:0:0:0:0:0:1],在[2024-02-19 13:56:18]，访问了[com.newcode.community.service.LikeService.findEntityLikeCount].
2024-02-19 13:56:18,720 INFO [http-nio-8080-exec-7] c.n.c.a.ServiceLogAspect [ServiceLogAspect.java:34] 用户[0:0:0:0:0:0:0:1],在[2024-02-19 13:56:18]，访问了[com.newcode.community.service.UserService.findUserById].
2024-02-19 13:56:18,723 INFO [http-nio-8080-exec-7] c.n.c.a.ServiceLogAspect [ServiceLogAspect.java:34] 用户[0:0:0:0:0:0:0:1],在[2024-02-19 13:56:18]，访问了[com.newcode.community.service.LikeService.findEntityLikeCount].
2024-02-19 13:56:18,724 INFO [http-nio-8080-exec-7] c.n.c.a.ServiceLogAspect [ServiceLogAspect.java:34] 用户[0:0:0:0:0:0:0:1],在[2024-02-19 13:56:18]，访问了[com.newcode.community.service.UserService.findUserById].
2024-02-19 13:56:18,726 INFO [http-nio-8080-exec-7] c.n.c.a.ServiceLogAspect [ServiceLogAspect.java:34] 用户[0:0:0:0:0:0:0:1],在[2024-02-19 13:56:18]，访问了[com.newcode.community.service.LikeService.findEntityLikeCount].
2024-02-19 13:56:18,727 INFO [http-nio-8080-exec-7] c.n.c.a.ServiceLogAspect [ServiceLogAspect.java:34] 用户[0:0:0:0:0:0:0:1],在[2024-02-19 13:56:18]，访问了[com.newcode.community.service.UserService.findUserById].
2024-02-19 13:56:18,729 INFO [http-nio-8080-exec-7] c.n.c.a.ServiceLogAspect [ServiceLogAspect.java:34] 用户[0:0:0:0:0:0:0:1],在[2024-02-19 13:56:18]，访问了[com.newcode.community.service.LikeService.findEntityLikeCount].
2024-02-19 13:56:18,730 INFO [http-nio-8080-exec-7] c.n.c.a.ServiceLogAspect [ServiceLogAspect.java:34] 用户[0:0:0:0:0:0:0:1],在[2024-02-19 13:56:18]，访问了[com.newcode.community.service.UserService.findUserById].
2024-02-19 13:56:18,731 INFO [http-nio-8080-exec-7] c.n.c.a.ServiceLogAspect [ServiceLogAspect.java:34] 用户[0:0:0:0:0:0:0:1],在[2024-02-19 13:56:18]，访问了[com.newcode.community.service.LikeService.findEntityLikeCount].
2024-02-19 13:56:18,732 INFO [http-nio-8080-exec-7] c.n.c.a.ServiceLogAspect [ServiceLogAspect.java:34] 用户[0:0:0:0:0:0:0:1],在[2024-02-19 13:56:18]，访问了[com.newcode.community.service.UserService.findUserById].
2024-02-19 13:56:18,734 INFO [http-nio-8080-exec-7] c.n.c.a.ServiceLogAspect [ServiceLogAspect.java:34] 用户[0:0:0:0:0:0:0:1],在[2024-02-19 13:56:18]，访问了[com.newcode.community.service.LikeService.findEntityLikeCount].
2024-02-19 13:56:18,735 INFO [http-nio-8080-exec-7] c.n.c.a.ServiceLogAspect [ServiceLogAspect.java:34] 用户[0:0:0:0:0:0:0:1],在[2024-02-19 13:56:18]，访问了[com.newcode.community.service.UserService.findUserById].
2024-02-19 13:56:18,737 INFO [http-nio-8080-exec-7] c.n.c.a.ServiceLogAspect [ServiceLogAspect.java:34] 用户[0:0:0:0:0:0:0:1],在[2024-02-19 13:56:18]，访问了[com.newcode.community.service.LikeService.findEntityLikeCount].
2024-02-19 13:56:18,740 INFO [http-nio-8080-exec-7] c.n.c.a.ServiceLogAspect [ServiceLogAspect.java:34] 用户[0:0:0:0:0:0:0:1],在[2024-02-19 13:56:18]，访问了[com.newcode.community.service.UserService.findUserById].
2024-02-19 13:56:18,741 INFO [http-nio-8080-exec-7] c.n.c.a.ServiceLogAspect [ServiceLogAspect.java:34] 用户[0:0:0:0:0:0:0:1],在[2024-02-19 13:56:18]，访问了[com.newcode.community.service.LikeService.findEntityLikeCount].
2024-02-19 13:56:18,742 INFO [http-nio-8080-exec-7] c.n.c.a.ServiceLogAspect [ServiceLogAspect.java:34] 用户[0:0:0:0:0:0:0:1],在[2024-02-19 13:56:18]，访问了[com.newcode.community.service.UserService.findUserById].
2024-02-19 13:56:18,744 INFO [http-nio-8080-exec-7] c.n.c.a.ServiceLogAspect [ServiceLogAspect.java:34] 用户[0:0:0:0:0:0:0:1],在[2024-02-19 13:56:18]，访问了[com.newcode.community.service.LikeService.findEntityLikeCount].
2024-02-19 13:56:20,627 INFO [http-nio-8080-exec-6] c.n.c.a.ServiceLogAspect [ServiceLogAspect.java:34] 用户[0:0:0:0:0:0:0:1],在[2024-02-19 13:56:20]，访问了[com.newcode.community.service.UserService.findLoginTicket].
2024-02-19 13:56:20,717 INFO [http-nio-8080-exec-9] c.n.c.a.ServiceLogAspect [ServiceLogAspect.java:34] 用户[0:0:0:0:0:0:0:1],在[2024-02-19 13:56:20]，访问了[com.newcode.community.service.UserService.findLoginTicket].
2024-02-19 13:56:30,584 INFO [http-nio-8080-exec-7] c.n.c.a.ServiceLogAspect [ServiceLogAspect.java:34] 用户[0:0:0:0:0:0:0:1],在[2024-02-19 13:56:30]，访问了[com.newcode.community.service.UserService.findLoginTicket].
2024-02-19 13:56:30,613 INFO [http-nio-8080-exec-7] c.n.c.a.ServiceLogAspect [ServiceLogAspect.java:34] 用户[0:0:0:0:0:0:0:1],在[2024-02-19 13:56:30]，访问了[com.newcode.community.service.UserService.login].
2024-02-19 13:56:30,647 INFO [http-nio-8080-exec-2] c.n.c.a.ServiceLogAspect [ServiceLogAspect.java:34] 用户[0:0:0:0:0:0:0:1],在[2024-02-19 13:56:30]，访问了[com.newcode.community.service.UserService.findLoginTicket].
2024-02-19 13:56:30,648 INFO [http-nio-8080-exec-2] c.n.c.a.ServiceLogAspect [ServiceLogAspect.java:34] 用户[0:0:0:0:0:0:0:1],在[2024-02-19 13:56:30]，访问了[com.newcode.community.service.UserService.findUserById].
2024-02-19 13:56:30,652 INFO [http-nio-8080-exec-2] c.n.c.a.ServiceLogAspect [ServiceLogAspect.java:34] 用户[0:0:0:0:0:0:0:1],在[2024-02-19 13:56:30]，访问了[com.newcode.community.service.DiscussPostService.findDiscussPostsRows].
2024-02-19 13:56:30,654 INFO [http-nio-8080-exec-2] c.n.c.a.ServiceLogAspect [ServiceLogAspect.java:34] 用户[0:0:0:0:0:0:0:1],在[2024-02-19 13:56:30]，访问了[com.newcode.community.service.DiscussPostService.findDiscussPosts].
2024-02-19 13:56:30,657 INFO [http-nio-8080-exec-2] c.n.c.a.ServiceLogAspect [ServiceLogAspect.java:34] 用户[0:0:0:0:0:0:0:1],在[2024-02-19 13:56:30]，访问了[com.newcode.community.service.UserService.findUserById].
2024-02-19 13:56:30,661 INFO [http-nio-8080-exec-2] c.n.c.a.ServiceLogAspect [ServiceLogAspect.java:34] 用户[0:0:0:0:0:0:0:1],在[2024-02-19 13:56:30]，访问了[com.newcode.community.service.LikeService.findEntityLikeCount].
2024-02-19 13:56:30,662 INFO [http-nio-8080-exec-2] c.n.c.a.ServiceLogAspect [ServiceLogAspect.java:34] 用户[0:0:0:0:0:0:0:1],在[2024-02-19 13:56:30]，访问了[com.newcode.community.service.UserService.findUserById].
2024-02-19 13:56:30,665 INFO [http-nio-8080-exec-2] c.n.c.a.ServiceLogAspect [ServiceLogAspect.java:34] 用户[0:0:0:0:0:0:0:1],在[2024-02-19 13:56:30]，访问了[com.newcode.community.service.LikeService.findEntityLikeCount].
2024-02-19 13:56:30,666 INFO [http-nio-8080-exec-2] c.n.c.a.ServiceLogAspect [ServiceLogAspect.java:34] 用户[0:0:0:0:0:0:0:1],在[2024-02-19 13:56:30]，访问了[com.newcode.community.service.UserService.findUserById].
2024-02-19 13:56:30,668 INFO [http-nio-8080-exec-2] c.n.c.a.ServiceLogAspect [ServiceLogAspect.java:34] 用户[0:0:0:0:0:0:0:1],在[2024-02-19 13:56:30]，访问了[com.newcode.community.service.LikeService.findEntityLikeCount].
2024-02-19 13:56:30,670 INFO [http-nio-8080-exec-2] c.n.c.a.ServiceLogAspect [ServiceLogAspect.java:34] 用户[0:0:0:0:0:0:0:1],在[2024-02-19 13:56:30]，访问了[com.newcode.community.service.UserService.findUserById].
2024-02-19 13:56:30,673 INFO [http-nio-8080-exec-2] c.n.c.a.ServiceLogAspect [ServiceLogAspect.java:34] 用户[0:0:0:0:0:0:0:1],在[2024-02-19 13:56:30]，访问了[com.newcode.community.service.LikeService.findEntityLikeCount].
2024-02-19 13:56:30,674 INFO [http-nio-8080-exec-2] c.n.c.a.ServiceLogAspect [ServiceLogAspect.java:34] 用户[0:0:0:0:0:0:0:1],在[2024-02-19 13:56:30]，访问了[com.newcode.community.service.UserService.findUserById].
2024-02-19 13:56:30,675 INFO [http-nio-8080-exec-2] c.n.c.a.ServiceLogAspect [ServiceLogAspect.java:34] 用户[0:0:0:0:0:0:0:1],在[2024-02-19 13:56:30]，访问了[com.newcode.community.service.LikeService.findEntityLikeCount].
2024-02-19 13:56:30,677 INFO [http-nio-8080-exec-2] c.n.c.a.ServiceLogAspect [ServiceLogAspect.java:34] 用户[0:0:0:0:0:0:0:1],在[2024-02-19 13:56:30]，访问了[com.newcode.community.service.UserService.findUserById].
2024-02-19 13:56:30,679 INFO [http-nio-8080-exec-2] c.n.c.a.ServiceLogAspect [ServiceLogAspect.java:34] 用户[0:0:0:0:0:0:0:1],在[2024-02-19 13:56:30]，访问了[com.newcode.community.service.LikeService.findEntityLikeCount].
2024-02-19 13:56:30,680 INFO [http-nio-8080-exec-2] c.n.c.a.ServiceLogAspect [ServiceLogAspect.java:34] 用户[0:0:0:0:0:0:0:1],在[2024-02-19 13:56:30]，访问了[com.newcode.community.service.UserService.findUserById].
2024-02-19 13:56:30,683 INFO [http-nio-8080-exec-2] c.n.c.a.ServiceLogAspect [ServiceLogAspect.java:34] 用户[0:0:0:0:0:0:0:1],在[2024-02-19 13:56:30]，访问了[com.newcode.community.service.LikeService.findEntityLikeCount].
2024-02-19 13:56:30,685 INFO [http-nio-8080-exec-2] c.n.c.a.ServiceLogAspect [ServiceLogAspect.java:34] 用户[0:0:0:0:0:0:0:1],在[2024-02-19 13:56:30]，访问了[com.newcode.community.service.UserService.findUserById].
2024-02-19 13:56:30,687 INFO [http-nio-8080-exec-2] c.n.c.a.ServiceLogAspect [ServiceLogAspect.java:34] 用户[0:0:0:0:0:0:0:1],在[2024-02-19 13:56:30]，访问了[com.newcode.community.service.LikeService.findEntityLikeCount].
2024-02-19 13:56:30,690 INFO [http-nio-8080-exec-2] c.n.c.a.ServiceLogAspect [ServiceLogAspect.java:34] 用户[0:0:0:0:0:0:0:1],在[2024-02-19 13:56:30]，访问了[com.newcode.community.service.UserService.findUserById].
2024-02-19 13:56:30,692 INFO [http-nio-8080-exec-2] c.n.c.a.ServiceLogAspect [ServiceLogAspect.java:34] 用户[0:0:0:0:0:0:0:1],在[2024-02-19 13:56:30]，访问了[com.newcode.community.service.LikeService.findEntityLikeCount].
2024-02-19 13:56:30,693 INFO [http-nio-8080-exec-2] c.n.c.a.ServiceLogAspect [ServiceLogAspect.java:34] 用户[0:0:0:0:0:0:0:1],在[2024-02-19 13:56:30]，访问了[com.newcode.community.service.UserService.findUserById].
2024-02-19 13:56:30,695 INFO [http-nio-8080-exec-2] c.n.c.a.ServiceLogAspect [ServiceLogAspect.java:34] 用户[0:0:0:0:0:0:0:1],在[2024-02-19 13:56:30]，访问了[com.newcode.community.service.LikeService.findEntityLikeCount].
2024-02-19 13:56:40,844 INFO [http-nio-8080-exec-1] c.n.c.a.ServiceLogAspect [ServiceLogAspect.java:34] 用户[0:0:0:0:0:0:0:1],在[2024-02-19 13:56:40]，访问了[com.newcode.community.service.UserService.findLoginTicket].
2024-02-19 13:56:40,847 INFO [http-nio-8080-exec-1] c.n.c.a.ServiceLogAspect [ServiceLogAspect.java:34] 用户[0:0:0:0:0:0:0:1],在[2024-02-19 13:56:40]，访问了[com.newcode.community.service.UserService.findUserById].
2024-02-19 13:56:40,872 INFO [http-nio-8080-exec-1] c.n.c.a.ServiceLogAspect [ServiceLogAspect.java:34] 用户[0:0:0:0:0:0:0:1],在[2024-02-19 13:56:40]，访问了[com.newcode.community.service.DiscussPostService.findDiscussPostById].
2024-02-19 13:56:40,874 INFO [http-nio-8080-exec-1] c.n.c.a.ServiceLogAspect [ServiceLogAspect.java:34] 用户[0:0:0:0:0:0:0:1],在[2024-02-19 13:56:40]，访问了[com.newcode.community.service.UserService.findUserById].
2024-02-19 13:56:40,877 INFO [http-nio-8080-exec-1] c.n.c.a.ServiceLogAspect [ServiceLogAspect.java:34] 用户[0:0:0:0:0:0:0:1],在[2024-02-19 13:56:40]，访问了[com.newcode.community.service.LikeService.findEntityLikeCount].
2024-02-19 13:56:40,880 INFO [http-nio-8080-exec-1] c.n.c.a.ServiceLogAspect [ServiceLogAspect.java:34] 用户[0:0:0:0:0:0:0:1],在[2024-02-19 13:56:40]，访问了[com.newcode.community.service.LikeService.findEntityLikeStatus].
2024-02-19 13:56:40,908 INFO [http-nio-8080-exec-1] c.n.c.a.ServiceLogAspect [ServiceLogAspect.java:34] 用户[0:0:0:0:0:0:0:1],在[2024-02-19 13:56:40]，访问了[com.newcode.community.service.CommentService.findCommentsByEntity].
2024-02-19 13:56:40,917 INFO [http-nio-8080-exec-1] c.n.c.a.ServiceLogAspect [ServiceLogAspect.java:34] 用户[0:0:0:0:0:0:0:1],在[2024-02-19 13:56:40]，访问了[com.newcode.community.service.UserService.findUserById].
2024-02-19 13:56:40,919 INFO [http-nio-8080-exec-1] c.n.c.a.ServiceLogAspect [ServiceLogAspect.java:34] 用户[0:0:0:0:0:0:0:1],在[2024-02-19 13:56:40]，访问了[com.newcode.community.service.LikeService.findEntityLikeCount].
2024-02-19 13:56:40,920 INFO [http-nio-8080-exec-1] c.n.c.a.ServiceLogAspect [ServiceLogAspect.java:34] 用户[0:0:0:0:0:0:0:1],在[2024-02-19 13:56:40]，访问了[com.newcode.community.service.LikeService.findEntityLikeStatus].
2024-02-19 13:56:40,921 INFO [http-nio-8080-exec-1] c.n.c.a.ServiceLogAspect [ServiceLogAspect.java:34] 用户[0:0:0:0:0:0:0:1],在[2024-02-19 13:56:40]，访问了[com.newcode.community.service.CommentService.findCommentsByEntity].
2024-02-19 13:56:40,922 INFO [http-nio-8080-exec-1] c.n.c.a.ServiceLogAspect [ServiceLogAspect.java:34] 用户[0:0:0:0:0:0:0:1],在[2024-02-19 13:56:40]，访问了[com.newcode.community.service.UserService.findUserById].
2024-02-19 13:56:40,924 INFO [http-nio-8080-exec-1] c.n.c.a.ServiceLogAspect [ServiceLogAspect.java:34] 用户[0:0:0:0:0:0:0:1],在[2024-02-19 13:56:40]，访问了[com.newcode.community.service.LikeService.findEntityLikeCount].
2024-02-19 13:56:40,924 INFO [http-nio-8080-exec-1] c.n.c.a.ServiceLogAspect [ServiceLogAspect.java:34] 用户[0:0:0:0:0:0:0:1],在[2024-02-19 13:56:40]，访问了[com.newcode.community.service.LikeService.findEntityLikeStatus].
2024-02-19 13:56:40,925 INFO [http-nio-8080-exec-1] c.n.c.a.ServiceLogAspect [ServiceLogAspect.java:34] 用户[0:0:0:0:0:0:0:1],在[2024-02-19 13:56:40]，访问了[com.newcode.community.service.UserService.findUserById].
2024-02-19 13:56:40,927 INFO [http-nio-8080-exec-1] c.n.c.a.ServiceLogAspect [ServiceLogAspect.java:34] 用户[0:0:0:0:0:0:0:1],在[2024-02-19 13:56:40]，访问了[com.newcode.community.service.LikeService.findEntityLikeCount].
2024-02-19 13:56:40,928 INFO [http-nio-8080-exec-1] c.n.c.a.ServiceLogAspect [ServiceLogAspect.java:34] 用户[0:0:0:0:0:0:0:1],在[2024-02-19 13:56:40]，访问了[com.newcode.community.service.LikeService.findEntityLikeStatus].
2024-02-19 13:56:40,929 INFO [http-nio-8080-exec-1] c.n.c.a.ServiceLogAspect [ServiceLogAspect.java:34] 用户[0:0:0:0:0:0:0:1],在[2024-02-19 13:56:40]，访问了[com.newcode.community.service.CommentService.findCommentCount].
2024-02-19 13:56:40,931 INFO [http-nio-8080-exec-1] c.n.c.a.ServiceLogAspect [ServiceLogAspect.java:34] 用户[0:0:0:0:0:0:0:1],在[2024-02-19 13:56:40]，访问了[com.newcode.community.service.UserService.findUserById].
2024-02-19 13:56:40,933 INFO [http-nio-8080-exec-1] c.n.c.a.ServiceLogAspect [ServiceLogAspect.java:34] 用户[0:0:0:0:0:0:0:1],在[2024-02-19 13:56:40]，访问了[com.newcode.community.service.LikeService.findEntityLikeCount].
2024-02-19 13:56:40,934 INFO [http-nio-8080-exec-1] c.n.c.a.ServiceLogAspect [ServiceLogAspect.java:34] 用户[0:0:0:0:0:0:0:1],在[2024-02-19 13:56:40]，访问了[com.newcode.community.service.LikeService.findEntityLikeStatus].
2024-02-19 13:56:40,935 INFO [http-nio-8080-exec-1] c.n.c.a.ServiceLogAspect [ServiceLogAspect.java:34] 用户[0:0:0:0:0:0:0:1],在[2024-02-19 13:56:40]，访问了[com.newcode.community.service.CommentService.findCommentsByEntity].
2024-02-19 13:56:40,937 INFO [http-nio-8080-exec-1] c.n.c.a.ServiceLogAspect [ServiceLogAspect.java:34] 用户[0:0:0:0:0:0:0:1],在[2024-02-19 13:56:40]，访问了[com.newcode.community.service.CommentService.findCommentCount].
2024-02-19 13:56:40,938 INFO [http-nio-8080-exec-1] c.n.c.a.ServiceLogAspect [ServiceLogAspect.java:34] 用户[0:0:0:0:0:0:0:1],在[2024-02-19 13:56:40]，访问了[com.newcode.community.service.UserService.findUserById].
2024-02-19 13:56:40,939 INFO [http-nio-8080-exec-1] c.n.c.a.ServiceLogAspect [ServiceLogAspect.java:34] 用户[0:0:0:0:0:0:0:1],在[2024-02-19 13:56:40]，访问了[com.newcode.community.service.LikeService.findEntityLikeCount].
2024-02-19 13:56:40,940 INFO [http-nio-8080-exec-1] c.n.c.a.ServiceLogAspect [ServiceLogAspect.java:34] 用户[0:0:0:0:0:0:0:1],在[2024-02-19 13:56:40]，访问了[com.newcode.community.service.LikeService.findEntityLikeStatus].
2024-02-19 13:56:40,941 INFO [http-nio-8080-exec-1] c.n.c.a.ServiceLogAspect [ServiceLogAspect.java:34] 用户[0:0:0:0:0:0:0:1],在[2024-02-19 13:56:40]，访问了[com.newcode.community.service.CommentService.findCommentsByEntity].
2024-02-19 13:56:40,943 INFO [http-nio-8080-exec-1] c.n.c.a.ServiceLogAspect [ServiceLogAspect.java:34] 用户[0:0:0:0:0:0:0:1],在[2024-02-19 13:56:40]，访问了[com.newcode.community.service.CommentService.findCommentCount].
2024-02-19 13:56:40,944 INFO [http-nio-8080-exec-1] c.n.c.a.ServiceLogAspect [ServiceLogAspect.java:34] 用户[0:0:0:0:0:0:0:1],在[2024-02-19 13:56:40]，访问了[com.newcode.community.service.UserService.findUserById].
2024-02-19 13:56:40,946 INFO [http-nio-8080-exec-1] c.n.c.a.ServiceLogAspect [ServiceLogAspect.java:34] 用户[0:0:0:0:0:0:0:1],在[2024-02-19 13:56:40]，访问了[com.newcode.community.service.LikeService.findEntityLikeCount].
2024-02-19 13:56:40,947 INFO [http-nio-8080-exec-1] c.n.c.a.ServiceLogAspect [ServiceLogAspect.java:34] 用户[0:0:0:0:0:0:0:1],在[2024-02-19 13:56:40]，访问了[com.newcode.community.service.LikeService.findEntityLikeStatus].
2024-02-19 13:56:40,948 INFO [http-nio-8080-exec-1] c.n.c.a.ServiceLogAspect [ServiceLogAspect.java:34] 用户[0:0:0:0:0:0:0:1],在[2024-02-19 13:56:40]，访问了[com.newcode.community.service.CommentService.findCommentsByEntity].
2024-02-19 13:56:40,950 INFO [http-nio-8080-exec-1] c.n.c.a.ServiceLogAspect [ServiceLogAspect.java:34] 用户[0:0:0:0:0:0:0:1],在[2024-02-19 13:56:40]，访问了[com.newcode.community.service.CommentService.findCommentCount].
2024-02-19 13:56:40,951 INFO [http-nio-8080-exec-1] c.n.c.a.ServiceLogAspect [ServiceLogAspect.java:34] 用户[0:0:0:0:0:0:0:1],在[2024-02-19 13:56:40]，访问了[com.newcode.community.service.UserService.findUserById].
2024-02-19 13:56:40,952 INFO [http-nio-8080-exec-1] c.n.c.a.ServiceLogAspect [ServiceLogAspect.java:34] 用户[0:0:0:0:0:0:0:1],在[2024-02-19 13:56:40]，访问了[com.newcode.community.service.LikeService.findEntityLikeCount].
2024-02-19 13:56:40,953 INFO [http-nio-8080-exec-1] c.n.c.a.ServiceLogAspect [ServiceLogAspect.java:34] 用户[0:0:0:0:0:0:0:1],在[2024-02-19 13:56:40]，访问了[com.newcode.community.service.LikeService.findEntityLikeStatus].
2024-02-19 13:56:40,954 INFO [http-nio-8080-exec-1] c.n.c.a.ServiceLogAspect [ServiceLogAspect.java:34] 用户[0:0:0:0:0:0:0:1],在[2024-02-19 13:56:40]，访问了[com.newcode.community.service.CommentService.findCommentsByEntity].
2024-02-19 13:56:40,955 INFO [http-nio-8080-exec-1] c.n.c.a.ServiceLogAspect [ServiceLogAspect.java:34] 用户[0:0:0:0:0:0:0:1],在[2024-02-19 13:56:40]，访问了[com.newcode.community.service.CommentService.findCommentCount].
2024-02-19 13:56:42,364 INFO [http-nio-8080-exec-3] c.n.c.a.ServiceLogAspect [ServiceLogAspect.java:34] 用户[0:0:0:0:0:0:0:1],在[2024-02-19 13:56:42]，访问了[com.newcode.community.service.UserService.findLoginTicket].
2024-02-19 13:56:42,366 INFO [http-nio-8080-exec-3] c.n.c.a.ServiceLogAspect [ServiceLogAspect.java:34] 用户[0:0:0:0:0:0:0:1],在[2024-02-19 13:56:42]，访问了[com.newcode.community.service.UserService.findUserById].
2024-02-19 13:56:42,369 INFO [http-nio-8080-exec-3] c.n.c.a.ServiceLogAspect [ServiceLogAspect.java:34] 用户[0:0:0:0:0:0:0:1],在[2024-02-19 13:56:42]，访问了[com.newcode.community.service.LikeService.like].
2024-02-19 13:56:42,412 INFO [http-nio-8080-exec-3] c.n.c.a.ServiceLogAspect [ServiceLogAspect.java:34] 用户[0:0:0:0:0:0:0:1],在[2024-02-19 13:56:42]，访问了[com.newcode.community.service.LikeService.findEntityLikeCount].
2024-02-19 13:56:42,413 INFO [http-nio-8080-exec-3] c.n.c.a.ServiceLogAspect [ServiceLogAspect.java:34] 用户[0:0:0:0:0:0:0:1],在[2024-02-19 13:56:42]，访问了[com.newcode.community.service.LikeService.findEntityLikeStatus].
2024-02-19 13:56:45,776 INFO [http-nio-8080-exec-4] c.n.c.a.ServiceLogAspect [ServiceLogAspect.java:34] 用户[0:0:0:0:0:0:0:1],在[2024-02-19 13:56:45]，访问了[com.newcode.community.service.UserService.findLoginTicket].
2024-02-19 13:56:45,779 INFO [http-nio-8080-exec-4] c.n.c.a.ServiceLogAspect [ServiceLogAspect.java:34] 用户[0:0:0:0:0:0:0:1],在[2024-02-19 13:56:45]，访问了[com.newcode.community.service.UserService.findUserById].
2024-02-19 13:56:45,782 INFO [http-nio-8080-exec-4] c.n.c.a.ServiceLogAspect [ServiceLogAspect.java:34] 用户[0:0:0:0:0:0:0:1],在[2024-02-19 13:56:45]，访问了[com.newcode.community.service.LikeService.like].
2024-02-19 13:56:45,793 INFO [http-nio-8080-exec-4] c.n.c.a.ServiceLogAspect [ServiceLogAspect.java:34] 用户[0:0:0:0:0:0:0:1],在[2024-02-19 13:56:45]，访问了[com.newcode.community.service.LikeService.findEntityLikeCount].
2024-02-19 13:56:45,794 INFO [http-nio-8080-exec-4] c.n.c.a.ServiceLogAspect [ServiceLogAspect.java:34] 用户[0:0:0:0:0:0:0:1],在[2024-02-19 13:56:45]，访问了[com.newcode.community.service.LikeService.findEntityLikeStatus].
2024-02-19 13:56:46,625 INFO [http-nio-8080-exec-5] c.n.c.a.ServiceLogAspect [ServiceLogAspect.java:34] 用户[0:0:0:0:0:0:0:1],在[2024-02-19 13:56:46]，访问了[com.newcode.community.service.UserService.findLoginTicket].
2024-02-19 13:56:46,627 INFO [http-nio-8080-exec-5] c.n.c.a.ServiceLogAspect [ServiceLogAspect.java:34] 用户[0:0:0:0:0:0:0:1],在[2024-02-19 13:56:46]，访问了[com.newcode.community.service.UserService.findUserById].
2024-02-19 13:56:46,629 INFO [http-nio-8080-exec-5] c.n.c.a.ServiceLogAspect [ServiceLogAspect.java:34] 用户[0:0:0:0:0:0:0:1],在[2024-02-19 13:56:46]，访问了[com.newcode.community.service.LikeService.like].
2024-02-19 13:56:46,639 INFO [http-nio-8080-exec-5] c.n.c.a.ServiceLogAspect [ServiceLogAspect.java:34] 用户[0:0:0:0:0:0:0:1],在[2024-02-19 13:56:46]，访问了[com.newcode.community.service.LikeService.findEntityLikeCount].
2024-02-19 13:56:46,641 INFO [http-nio-8080-exec-5] c.n.c.a.ServiceLogAspect [ServiceLogAspect.java:34] 用户[0:0:0:0:0:0:0:1],在[2024-02-19 13:56:46]，访问了[com.newcode.community.service.LikeService.findEntityLikeStatus].
2024-02-19 13:56:46,848 INFO [http-nio-8080-exec-6] c.n.c.a.ServiceLogAspect [ServiceLogAspect.java:34] 用户[0:0:0:0:0:0:0:1],在[2024-02-19 13:56:46]，访问了[com.newcode.community.service.UserService.findLoginTicket].
2024-02-19 13:56:46,853 INFO [http-nio-8080-exec-6] c.n.c.a.ServiceLogAspect [ServiceLogAspect.java:34] 用户[0:0:0:0:0:0:0:1],在[2024-02-19 13:56:46]，访问了[com.newcode.community.service.UserService.findUserById].
2024-02-19 13:56:46,857 INFO [http-nio-8080-exec-6] c.n.c.a.ServiceLogAspect [ServiceLogAspect.java:34] 用户[0:0:0:0:0:0:0:1],在[2024-02-19 13:56:46]，访问了[com.newcode.community.service.LikeService.like].
2024-02-19 13:56:46,867 INFO [http-nio-8080-exec-6] c.n.c.a.ServiceLogAspect [ServiceLogAspect.java:34] 用户[0:0:0:0:0:0:0:1],在[2024-02-19 13:56:46]，访问了[com.newcode.community.service.LikeService.findEntityLikeCount].
2024-02-19 13:56:46,869 INFO [http-nio-8080-exec-6] c.n.c.a.ServiceLogAspect [ServiceLogAspect.java:34] 用户[0:0:0:0:0:0:0:1],在[2024-02-19 13:56:46]，访问了[com.newcode.community.service.LikeService.findEntityLikeStatus].
2024-02-19 13:56:47,785 INFO [http-nio-8080-exec-1] c.n.c.a.ServiceLogAspect [ServiceLogAspect.java:34] 用户[0:0:0:0:0:0:0:1],在[2024-02-19 13:56:47]，访问了[com.newcode.community.service.UserService.findLoginTicket].
2024-02-19 13:56:47,787 INFO [http-nio-8080-exec-1] c.n.c.a.ServiceLogAspect [ServiceLogAspect.java:34] 用户[0:0:0:0:0:0:0:1],在[2024-02-19 13:56:47]，访问了[com.newcode.community.service.UserService.findUserById].
2024-02-19 13:56:47,790 INFO [http-nio-8080-exec-1] c.n.c.a.ServiceLogAspect [ServiceLogAspect.java:34] 用户[0:0:0:0:0:0:0:1],在[2024-02-19 13:56:47]，访问了[com.newcode.community.service.LikeService.like].
2024-02-19 13:56:47,800 INFO [http-nio-8080-exec-1] c.n.c.a.ServiceLogAspect [ServiceLogAspect.java:34] 用户[0:0:0:0:0:0:0:1],在[2024-02-19 13:56:47]，访问了[com.newcode.community.service.LikeService.findEntityLikeCount].
2024-02-19 13:56:47,808 INFO [http-nio-8080-exec-1] c.n.c.a.ServiceLogAspect [ServiceLogAspect.java:34] 用户[0:0:0:0:0:0:0:1],在[2024-02-19 13:56:47]，访问了[com.newcode.community.service.LikeService.findEntityLikeStatus].
2024-02-19 13:56:48,845 INFO [http-nio-8080-exec-8] c.n.c.a.ServiceLogAspect [ServiceLogAspect.java:34] 用户[0:0:0:0:0:0:0:1],在[2024-02-19 13:56:48]，访问了[com.newcode.community.service.UserService.findLoginTicket].
2024-02-19 13:56:48,848 INFO [http-nio-8080-exec-8] c.n.c.a.ServiceLogAspect [ServiceLogAspect.java:34] 用户[0:0:0:0:0:0:0:1],在[2024-02-19 13:56:48]，访问了[com.newcode.community.service.UserService.findUserById].
2024-02-19 13:56:48,852 INFO [http-nio-8080-exec-8] c.n.c.a.ServiceLogAspect [ServiceLogAspect.java:34] 用户[0:0:0:0:0:0:0:1],在[2024-02-19 13:56:48]，访问了[com.newcode.community.service.LikeService.like].
2024-02-19 13:56:48,859 INFO [http-nio-8080-exec-8] c.n.c.a.ServiceLogAspect [ServiceLogAspect.java:34] 用户[0:0:0:0:0:0:0:1],在[2024-02-19 13:56:48]，访问了[com.newcode.community.service.LikeService.findEntityLikeCount].
2024-02-19 13:56:48,859 INFO [http-nio-8080-exec-8] c.n.c.a.ServiceLogAspect [ServiceLogAspect.java:34] 用户[0:0:0:0:0:0:0:1],在[2024-02-19 13:56:48]，访问了[com.newcode.community.service.LikeService.findEntityLikeStatus].
2024-02-19 13:56:49,594 INFO [http-nio-8080-exec-10] c.n.c.a.ServiceLogAspect [ServiceLogAspect.java:34] 用户[0:0:0:0:0:0:0:1],在[2024-02-19 13:56:49]，访问了[com.newcode.community.service.UserService.findLoginTicket].
2024-02-19 13:56:49,597 INFO [http-nio-8080-exec-10] c.n.c.a.ServiceLogAspect [ServiceLogAspect.java:34] 用户[0:0:0:0:0:0:0:1],在[2024-02-19 13:56:49]，访问了[com.newcode.community.service.UserService.findUserById].
2024-02-19 13:56:49,600 INFO [http-nio-8080-exec-10] c.n.c.a.ServiceLogAspect [ServiceLogAspect.java:34] 用户[0:0:0:0:0:0:0:1],在[2024-02-19 13:56:49]，访问了[com.newcode.community.service.LikeService.like].
2024-02-19 13:56:49,609 INFO [http-nio-8080-exec-10] c.n.c.a.ServiceLogAspect [ServiceLogAspect.java:34] 用户[0:0:0:0:0:0:0:1],在[2024-02-19 13:56:49]，访问了[com.newcode.community.service.LikeService.findEntityLikeCount].
2024-02-19 13:56:49,610 INFO [http-nio-8080-exec-10] c.n.c.a.ServiceLogAspect [ServiceLogAspect.java:34] 用户[0:0:0:0:0:0:0:1],在[2024-02-19 13:56:49]，访问了[com.newcode.community.service.LikeService.findEntityLikeStatus].
2024-02-19 13:56:52,823 INFO [http-nio-8080-exec-9] c.n.c.a.ServiceLogAspect [ServiceLogAspect.java:34] 用户[0:0:0:0:0:0:0:1],在[2024-02-19 13:56:52]，访问了[com.newcode.community.service.UserService.findLoginTicket].
2024-02-19 13:56:52,828 INFO [http-nio-8080-exec-9] c.n.c.a.ServiceLogAspect [ServiceLogAspect.java:34] 用户[0:0:0:0:0:0:0:1],在[2024-02-19 13:56:52]，访问了[com.newcode.community.service.UserService.findUserById].
2024-02-19 13:56:52,830 INFO [http-nio-8080-exec-9] c.n.c.a.ServiceLogAspect [ServiceLogAspect.java:34] 用户[0:0:0:0:0:0:0:1],在[2024-02-19 13:56:52]，访问了[com.newcode.community.service.LikeService.like].
2024-02-19 13:56:52,840 INFO [http-nio-8080-exec-9] c.n.c.a.ServiceLogAspect [ServiceLogAspect.java:34] 用户[0:0:0:0:0:0:0:1],在[2024-02-19 13:56:52]，访问了[com.newcode.community.service.LikeService.findEntityLikeCount].
2024-02-19 13:56:52,841 INFO [http-nio-8080-exec-9] c.n.c.a.ServiceLogAspect [ServiceLogAspect.java:34] 用户[0:0:0:0:0:0:0:1],在[2024-02-19 13:56:52]，访问了[com.newcode.community.service.LikeService.findEntityLikeStatus].
2024-02-19 13:57:18,150 INFO [http-nio-8080-exec-7] c.n.c.a.ServiceLogAspect [ServiceLogAspect.java:34] 用户[0:0:0:0:0:0:0:1],在[2024-02-19 13:57:18]，访问了[com.newcode.community.service.UserService.findLoginTicket].
2024-02-19 13:57:18,152 INFO [http-nio-8080-exec-7] c.n.c.a.ServiceLogAspect [ServiceLogAspect.java:34] 用户[0:0:0:0:0:0:0:1],在[2024-02-19 13:57:18]，访问了[com.newcode.community.service.UserService.findUserById].
2024-02-19 13:57:18,153 INFO [http-nio-8080-exec-7] c.n.c.a.ServiceLogAspect [ServiceLogAspect.java:34] 用户[0:0:0:0:0:0:0:1],在[2024-02-19 13:57:18]，访问了[com.newcode.community.service.LikeService.like].
2024-02-19 13:57:18,160 INFO [http-nio-8080-exec-7] c.n.c.a.ServiceLogAspect [ServiceLogAspect.java:34] 用户[0:0:0:0:0:0:0:1],在[2024-02-19 13:57:18]，访问了[com.newcode.community.service.LikeService.findEntityLikeCount].
2024-02-19 13:57:18,162 INFO [http-nio-8080-exec-7] c.n.c.a.ServiceLogAspect [ServiceLogAspect.java:34] 用户[0:0:0:0:0:0:0:1],在[2024-02-19 13:57:18]，访问了[com.newcode.community.service.LikeService.findEntityLikeStatus].
2024-02-19 13:58:37,265 INFO [Thread-10] o.s.s.c.ThreadPoolTaskExecutor [ExecutorConfigurationSupport.java:208] Shutting down ExecutorService 'applicationTaskExecutor'
2024-02-19 13:58:38,433 INFO [Thread-10] c.z.h.HikariDataSource [HikariDataSource.java:350] HikariPool-1 - Shutdown initiated...
2024-02-19 13:58:38,438 INFO [Thread-10] c.z.h.HikariDataSource [HikariDataSource.java:352] HikariPool-1 - Shutdown completed.
2024-02-19 13:58:38,847 INFO [restartedMain] c.n.c.CommunityApplication [StartupInfoLogger.java:50] Starting CommunityApplication on zyf with PID 20056 (started by 章翼飞 in D:\findwork project\community)
2024-02-19 13:58:38,848 INFO [restartedMain] c.n.c.CommunityApplication [SpringApplication.java:675] No active profile set, falling back to default profiles: default
2024-02-19 13:58:38,958 INFO [restartedMain] o.s.d.r.c.RepositoryConfigurationDelegate [RepositoryConfigurationDelegate.java:244] Multiple Spring Data modules found, entering strict repository configuration mode!
2024-02-19 13:58:38,958 INFO [restartedMain] o.s.d.r.c.RepositoryConfigurationDelegate [RepositoryConfigurationDelegate.java:126] Bootstrapping Spring Data repositories in DEFAULT mode.
2024-02-19 13:58:38,962 INFO [restartedMain] o.s.d.r.c.RepositoryConfigurationDelegate [RepositoryConfigurationDelegate.java:182] Finished Spring Data repository scanning in 4ms. Found 0 repository interfaces.
2024-02-19 13:58:38,992 INFO [restartedMain] o.s.c.s.PostProcessorRegistrationDelegate$BeanPostProcessorChecker [PostProcessorRegistrationDelegate.java:330] Bean 'org.springframework.transaction.annotation.ProxyTransactionManagementConfiguration' of type [org.springframework.transaction.annotation.ProxyTransactionManagementConfiguration$$EnhancerBySpringCGLIB$$ff01eec2] is not eligible for getting processed by all BeanPostProcessors (for example: not eligible for auto-proxying)
2024-02-19 13:58:39,031 INFO [restartedMain] o.s.b.w.e.t.TomcatWebServer [TomcatWebServer.java:90] Tomcat initialized with port(s): 8080 (http)
2024-02-19 13:58:39,032 INFO [restartedMain] o.a.c.h.Http11NioProtocol [DirectJDKLog.java:173] Initializing ProtocolHandler ["http-nio-8080"]
2024-02-19 13:58:39,032 INFO [restartedMain] o.a.c.c.StandardService [DirectJDKLog.java:173] Starting service [Tomcat]
2024-02-19 13:58:39,032 INFO [restartedMain] o.a.c.c.StandardEngine [DirectJDKLog.java:173] Starting Servlet engine: [Apache Tomcat/9.0.19]
2024-02-19 13:58:39,046 INFO [restartedMain] o.a.c.c.C.[.[.[/community] [DirectJDKLog.java:173] Initializing Spring embedded WebApplicationContext
2024-02-19 13:58:39,047 INFO [restartedMain] o.s.w.c.ContextLoader [ServletWebServerApplicationContext.java:296] Root WebApplicationContext: initialization completed in 198 ms
2024-02-19 13:58:39,226 INFO [restartedMain] o.s.s.c.ThreadPoolTaskExecutor [ExecutorConfigurationSupport.java:171] Initializing ExecutorService 'applicationTaskExecutor'
2024-02-19 13:58:39,253 INFO [restartedMain] o.s.b.a.w.s.WelcomePageHandlerMapping [WelcomePageHandlerMapping.java:61] Adding welcome page template: index
2024-02-19 13:58:39,315 INFO [restartedMain] o.s.b.d.a.OptionalLiveReloadServer [OptionalLiveReloadServer.java:57] LiveReload server is running on port 35729
2024-02-19 13:58:39,325 INFO [restartedMain] o.a.c.h.Http11NioProtocol [DirectJDKLog.java:173] Starting ProtocolHandler ["http-nio-8080"]
2024-02-19 13:58:39,328 INFO [restartedMain] o.s.b.w.e.t.TomcatWebServer [TomcatWebServer.java:204] Tomcat started on port(s): 8080 (http) with context path '/community'
2024-02-19 13:58:39,329 INFO [restartedMain] c.n.c.CommunityApplication [StartupInfoLogger.java:59] Started CommunityApplication in 0.504 seconds (JVM running for 217.689)
2024-02-19 13:58:39,330 INFO [restartedMain] o.s.b.d.a.ConditionEvaluationDeltaLoggingListener [ConditionEvaluationDeltaLoggingListener.java:70] Condition evaluation unchanged
2024-02-19 13:59:10,966 INFO [Thread-25] o.s.s.c.ThreadPoolTaskExecutor [ExecutorConfigurationSupport.java:208] Shutting down ExecutorService 'applicationTaskExecutor'
2024-02-19 13:59:15,465 INFO [restartedMain] c.n.c.CommunityApplication [StartupInfoLogger.java:50] Starting CommunityApplication on zyf with PID 12680 (started by 章翼飞 in D:\findwork project\community)
2024-02-19 13:59:15,466 INFO [restartedMain] c.n.c.CommunityApplication [SpringApplication.java:675] No active profile set, falling back to default profiles: default
2024-02-19 13:59:15,496 INFO [restartedMain] o.s.b.d.e.DevToolsPropertyDefaultsPostProcessor [DeferredLog.java:227] Devtools property defaults active! Set 'spring.devtools.add-properties' to 'false' to disable
2024-02-19 13:59:15,496 INFO [restartedMain] o.s.b.d.e.DevToolsPropertyDefaultsPostProcessor [DeferredLog.java:227] For additional web related logging consider setting the 'logging.level.web' property to 'DEBUG'
2024-02-19 13:59:15,954 INFO [restartedMain] o.s.d.r.c.RepositoryConfigurationDelegate [RepositoryConfigurationDelegate.java:244] Multiple Spring Data modules found, entering strict repository configuration mode!
2024-02-19 13:59:15,956 INFO [restartedMain] o.s.d.r.c.RepositoryConfigurationDelegate [RepositoryConfigurationDelegate.java:126] Bootstrapping Spring Data repositories in DEFAULT mode.
2024-02-19 13:59:15,972 INFO [restartedMain] o.s.d.r.c.RepositoryConfigurationDelegate [RepositoryConfigurationDelegate.java:182] Finished Spring Data repository scanning in 8ms. Found 0 repository interfaces.
2024-02-19 13:59:16,216 INFO [restartedMain] o.s.c.s.PostProcessorRegistrationDelegate$BeanPostProcessorChecker [PostProcessorRegistrationDelegate.java:330] Bean 'org.springframework.transaction.annotation.ProxyTransactionManagementConfiguration' of type [org.springframework.transaction.annotation.ProxyTransactionManagementConfiguration$$EnhancerBySpringCGLIB$$b16b7e69] is not eligible for getting processed by all BeanPostProcessors (for example: not eligible for auto-proxying)
2024-02-19 13:59:16,542 INFO [restartedMain] o.s.b.w.e.t.TomcatWebServer [TomcatWebServer.java:90] Tomcat initialized with port(s): 8080 (http)
2024-02-19 13:59:16,552 INFO [restartedMain] o.a.c.h.Http11NioProtocol [DirectJDKLog.java:173] Initializing ProtocolHandler ["http-nio-8080"]
2024-02-19 13:59:16,557 INFO [restartedMain] o.a.c.c.StandardService [DirectJDKLog.java:173] Starting service [Tomcat]
2024-02-19 13:59:16,557 INFO [restartedMain] o.a.c.c.StandardEngine [DirectJDKLog.java:173] Starting Servlet engine: [Apache Tomcat/9.0.19]
2024-02-19 13:59:16,622 INFO [restartedMain] o.a.c.c.C.[.[.[/community] [DirectJDKLog.java:173] Initializing Spring embedded WebApplicationContext
2024-02-19 13:59:16,622 INFO [restartedMain] o.s.w.c.ContextLoader [ServletWebServerApplicationContext.java:296] Root WebApplicationContext: initialization completed in 1125 ms
2024-02-19 13:59:17,378 INFO [restartedMain] o.s.s.c.ThreadPoolTaskExecutor [ExecutorConfigurationSupport.java:171] Initializing ExecutorService 'applicationTaskExecutor'
2024-02-19 13:59:17,472 INFO [restartedMain] o.s.b.a.w.s.WelcomePageHandlerMapping [WelcomePageHandlerMapping.java:61] Adding welcome page template: index
2024-02-19 13:59:17,704 INFO [restartedMain] o.s.b.d.a.OptionalLiveReloadServer [OptionalLiveReloadServer.java:57] LiveReload server is running on port 35729
2024-02-19 13:59:17,724 INFO [restartedMain] o.a.c.h.Http11NioProtocol [DirectJDKLog.java:173] Starting ProtocolHandler ["http-nio-8080"]
2024-02-19 13:59:17,738 INFO [restartedMain] o.s.b.w.e.t.TomcatWebServer [TomcatWebServer.java:204] Tomcat started on port(s): 8080 (http) with context path '/community'
2024-02-19 13:59:17,740 INFO [restartedMain] c.n.c.CommunityApplication [StartupInfoLogger.java:59] Started CommunityApplication in 2.578 seconds (JVM running for 3.358)
2024-02-19 13:59:20,331 INFO [http-nio-8080-exec-1] o.a.c.c.C.[.[.[/community] [DirectJDKLog.java:173] Initializing Spring DispatcherServlet 'dispatcherServlet'
2024-02-19 13:59:20,332 INFO [http-nio-8080-exec-1] o.s.w.s.DispatcherServlet [FrameworkServlet.java:524] Initializing Servlet 'dispatcherServlet'
2024-02-19 13:59:20,339 INFO [http-nio-8080-exec-1] o.s.w.s.DispatcherServlet [FrameworkServlet.java:546] Completed initialization in 7 ms
2024-02-19 13:59:20,365 INFO [http-nio-8080-exec-1] c.n.c.a.ServiceLogAspect [ServiceLogAspect.java:34] 用户[0:0:0:0:0:0:0:1],在[2024-02-19 13:59:20]，访问了[com.newcode.community.service.UserService.findLoginTicket].
2024-02-19 13:59:20,376 INFO [http-nio-8080-exec-1] c.z.h.HikariDataSource [HikariDataSource.java:110] HikariPool-1 - Starting...
2024-02-19 13:59:20,454 INFO [http-nio-8080-exec-1] c.z.h.HikariDataSource [HikariDataSource.java:123] HikariPool-1 - Start completed.
2024-02-19 13:59:20,502 INFO [http-nio-8080-exec-1] c.n.c.a.ServiceLogAspect [ServiceLogAspect.java:34] 用户[0:0:0:0:0:0:0:1],在[2024-02-19 13:59:20]，访问了[com.newcode.community.service.UserService.findUserById].
2024-02-19 13:59:20,522 INFO [http-nio-8080-exec-1] c.n.c.a.ServiceLogAspect [ServiceLogAspect.java:34] 用户[0:0:0:0:0:0:0:1],在[2024-02-19 13:59:20]，访问了[com.newcode.community.service.DiscussPostService.findDiscussPostById].
2024-02-19 13:59:20,529 INFO [http-nio-8080-exec-1] c.n.c.a.ServiceLogAspect [ServiceLogAspect.java:34] 用户[0:0:0:0:0:0:0:1],在[2024-02-19 13:59:20]，访问了[com.newcode.community.service.UserService.findUserById].
2024-02-19 13:59:20,531 INFO [http-nio-8080-exec-1] c.n.c.a.ServiceLogAspect [ServiceLogAspect.java:34] 用户[0:0:0:0:0:0:0:1],在[2024-02-19 13:59:20]，访问了[com.newcode.community.service.LikeService.findEntityLikeCount].
2024-02-19 13:59:20,622 INFO [http-nio-8080-exec-1] i.l.c.EpollProvider [EpollProvider.java:68] Starting without optional epoll library
2024-02-19 13:59:20,624 INFO [http-nio-8080-exec-1] i.l.c.KqueueProvider [KqueueProvider.java:70] Starting without optional kqueue library
2024-02-19 13:59:21,199 INFO [http-nio-8080-exec-1] c.n.c.a.ServiceLogAspect [ServiceLogAspect.java:34] 用户[0:0:0:0:0:0:0:1],在[2024-02-19 13:59:21]，访问了[com.newcode.community.service.LikeService.findEntityLikeStatus].
2024-02-19 13:59:21,215 INFO [http-nio-8080-exec-1] c.n.c.a.ServiceLogAspect [ServiceLogAspect.java:34] 用户[0:0:0:0:0:0:0:1],在[2024-02-19 13:59:21]，访问了[com.newcode.community.service.CommentService.findCommentsByEntity].
2024-02-19 13:59:21,223 INFO [http-nio-8080-exec-1] c.n.c.a.ServiceLogAspect [ServiceLogAspect.java:34] 用户[0:0:0:0:0:0:0:1],在[2024-02-19 13:59:21]，访问了[com.newcode.community.service.UserService.findUserById].
2024-02-19 13:59:21,226 INFO [http-nio-8080-exec-1] c.n.c.a.ServiceLogAspect [ServiceLogAspect.java:34] 用户[0:0:0:0:0:0:0:1],在[2024-02-19 13:59:21]，访问了[com.newcode.community.service.LikeService.findEntityLikeCount].
2024-02-19 13:59:21,227 INFO [http-nio-8080-exec-1] c.n.c.a.ServiceLogAspect [ServiceLogAspect.java:34] 用户[0:0:0:0:0:0:0:1],在[2024-02-19 13:59:21]，访问了[com.newcode.community.service.LikeService.findEntityLikeStatus].
2024-02-19 13:59:21,228 INFO [http-nio-8080-exec-1] c.n.c.a.ServiceLogAspect [ServiceLogAspect.java:34] 用户[0:0:0:0:0:0:0:1],在[2024-02-19 13:59:21]，访问了[com.newcode.community.service.CommentService.findCommentsByEntity].
2024-02-19 13:59:21,230 INFO [http-nio-8080-exec-1] c.n.c.a.ServiceLogAspect [ServiceLogAspect.java:34] 用户[0:0:0:0:0:0:0:1],在[2024-02-19 13:59:21]，访问了[com.newcode.community.service.UserService.findUserById].
2024-02-19 13:59:21,231 INFO [http-nio-8080-exec-1] c.n.c.a.ServiceLogAspect [ServiceLogAspect.java:34] 用户[0:0:0:0:0:0:0:1],在[2024-02-19 13:59:21]，访问了[com.newcode.community.service.LikeService.findEntityLikeCount].
2024-02-19 13:59:21,254 INFO [http-nio-8080-exec-1] c.n.c.a.ServiceLogAspect [ServiceLogAspect.java:34] 用户[0:0:0:0:0:0:0:1],在[2024-02-19 13:59:21]，访问了[com.newcode.community.service.LikeService.findEntityLikeStatus].
2024-02-19 13:59:21,256 INFO [http-nio-8080-exec-1] c.n.c.a.ServiceLogAspect [ServiceLogAspect.java:34] 用户[0:0:0:0:0:0:0:1],在[2024-02-19 13:59:21]，访问了[com.newcode.community.service.UserService.findUserById].
2024-02-19 13:59:21,258 INFO [http-nio-8080-exec-1] c.n.c.a.ServiceLogAspect [ServiceLogAspect.java:34] 用户[0:0:0:0:0:0:0:1],在[2024-02-19 13:59:21]，访问了[com.newcode.community.service.LikeService.findEntityLikeCount].
2024-02-19 13:59:21,260 INFO [http-nio-8080-exec-1] c.n.c.a.ServiceLogAspect [ServiceLogAspect.java:34] 用户[0:0:0:0:0:0:0:1],在[2024-02-19 13:59:21]，访问了[com.newcode.community.service.LikeService.findEntityLikeStatus].
2024-02-19 13:59:21,261 INFO [http-nio-8080-exec-1] c.n.c.a.ServiceLogAspect [ServiceLogAspect.java:34] 用户[0:0:0:0:0:0:0:1],在[2024-02-19 13:59:21]，访问了[com.newcode.community.service.CommentService.findCommentCount].
2024-02-19 13:59:21,264 INFO [http-nio-8080-exec-1] c.n.c.a.ServiceLogAspect [ServiceLogAspect.java:34] 用户[0:0:0:0:0:0:0:1],在[2024-02-19 13:59:21]，访问了[com.newcode.community.service.UserService.findUserById].
2024-02-19 13:59:21,266 INFO [http-nio-8080-exec-1] c.n.c.a.ServiceLogAspect [ServiceLogAspect.java:34] 用户[0:0:0:0:0:0:0:1],在[2024-02-19 13:59:21]，访问了[com.newcode.community.service.LikeService.findEntityLikeCount].
2024-02-19 13:59:21,267 INFO [http-nio-8080-exec-1] c.n.c.a.ServiceLogAspect [ServiceLogAspect.java:34] 用户[0:0:0:0:0:0:0:1],在[2024-02-19 13:59:21]，访问了[com.newcode.community.service.LikeService.findEntityLikeStatus].
2024-02-19 13:59:21,268 INFO [http-nio-8080-exec-1] c.n.c.a.ServiceLogAspect [ServiceLogAspect.java:34] 用户[0:0:0:0:0:0:0:1],在[2024-02-19 13:59:21]，访问了[com.newcode.community.service.CommentService.findCommentsByEntity].
2024-02-19 13:59:21,270 INFO [http-nio-8080-exec-1] c.n.c.a.ServiceLogAspect [ServiceLogAspect.java:34] 用户[0:0:0:0:0:0:0:1],在[2024-02-19 13:59:21]，访问了[com.newcode.community.service.CommentService.findCommentCount].
2024-02-19 13:59:21,272 INFO [http-nio-8080-exec-1] c.n.c.a.ServiceLogAspect [ServiceLogAspect.java:34] 用户[0:0:0:0:0:0:0:1],在[2024-02-19 13:59:21]，访问了[com.newcode.community.service.UserService.findUserById].
2024-02-19 13:59:21,275 INFO [http-nio-8080-exec-1] c.n.c.a.ServiceLogAspect [ServiceLogAspect.java:34] 用户[0:0:0:0:0:0:0:1],在[2024-02-19 13:59:21]，访问了[com.newcode.community.service.LikeService.findEntityLikeCount].
2024-02-19 13:59:21,277 INFO [http-nio-8080-exec-1] c.n.c.a.ServiceLogAspect [ServiceLogAspect.java:34] 用户[0:0:0:0:0:0:0:1],在[2024-02-19 13:59:21]，访问了[com.newcode.community.service.LikeService.findEntityLikeStatus].
2024-02-19 13:59:21,280 INFO [http-nio-8080-exec-1] c.n.c.a.ServiceLogAspect [ServiceLogAspect.java:34] 用户[0:0:0:0:0:0:0:1],在[2024-02-19 13:59:21]，访问了[com.newcode.community.service.CommentService.findCommentsByEntity].
2024-02-19 13:59:21,285 INFO [http-nio-8080-exec-1] c.n.c.a.ServiceLogAspect [ServiceLogAspect.java:34] 用户[0:0:0:0:0:0:0:1],在[2024-02-19 13:59:21]，访问了[com.newcode.community.service.CommentService.findCommentCount].
2024-02-19 13:59:21,290 INFO [http-nio-8080-exec-1] c.n.c.a.ServiceLogAspect [ServiceLogAspect.java:34] 用户[0:0:0:0:0:0:0:1],在[2024-02-19 13:59:21]，访问了[com.newcode.community.service.UserService.findUserById].
2024-02-19 13:59:21,292 INFO [http-nio-8080-exec-1] c.n.c.a.ServiceLogAspect [ServiceLogAspect.java:34] 用户[0:0:0:0:0:0:0:1],在[2024-02-19 13:59:21]，访问了[com.newcode.community.service.LikeService.findEntityLikeCount].
2024-02-19 13:59:21,293 INFO [http-nio-8080-exec-1] c.n.c.a.ServiceLogAspect [ServiceLogAspect.java:34] 用户[0:0:0:0:0:0:0:1],在[2024-02-19 13:59:21]，访问了[com.newcode.community.service.LikeService.findEntityLikeStatus].
2024-02-19 13:59:21,296 INFO [http-nio-8080-exec-1] c.n.c.a.ServiceLogAspect [ServiceLogAspect.java:34] 用户[0:0:0:0:0:0:0:1],在[2024-02-19 13:59:21]，访问了[com.newcode.community.service.CommentService.findCommentsByEntity].
2024-02-19 13:59:21,298 INFO [http-nio-8080-exec-1] c.n.c.a.ServiceLogAspect [ServiceLogAspect.java:34] 用户[0:0:0:0:0:0:0:1],在[2024-02-19 13:59:21]，访问了[com.newcode.community.service.CommentService.findCommentCount].
2024-02-19 13:59:21,299 INFO [http-nio-8080-exec-1] c.n.c.a.ServiceLogAspect [ServiceLogAspect.java:34] 用户[0:0:0:0:0:0:0:1],在[2024-02-19 13:59:21]，访问了[com.newcode.community.service.UserService.findUserById].
2024-02-19 13:59:21,300 INFO [http-nio-8080-exec-1] c.n.c.a.ServiceLogAspect [ServiceLogAspect.java:34] 用户[0:0:0:0:0:0:0:1],在[2024-02-19 13:59:21]，访问了[com.newcode.community.service.LikeService.findEntityLikeCount].
2024-02-19 13:59:21,302 INFO [http-nio-8080-exec-1] c.n.c.a.ServiceLogAspect [ServiceLogAspect.java:34] 用户[0:0:0:0:0:0:0:1],在[2024-02-19 13:59:21]，访问了[com.newcode.community.service.LikeService.findEntityLikeStatus].
2024-02-19 13:59:21,303 INFO [http-nio-8080-exec-1] c.n.c.a.ServiceLogAspect [ServiceLogAspect.java:34] 用户[0:0:0:0:0:0:0:1],在[2024-02-19 13:59:21]，访问了[com.newcode.community.service.CommentService.findCommentsByEntity].
2024-02-19 13:59:21,304 INFO [http-nio-8080-exec-1] c.n.c.a.ServiceLogAspect [ServiceLogAspect.java:34] 用户[0:0:0:0:0:0:0:1],在[2024-02-19 13:59:21]，访问了[com.newcode.community.service.CommentService.findCommentCount].
2024-02-19 13:59:22,838 INFO [http-nio-8080-exec-7] c.n.c.a.ServiceLogAspect [ServiceLogAspect.java:34] 用户[0:0:0:0:0:0:0:1],在[2024-02-19 13:59:22]，访问了[com.newcode.community.service.UserService.findLoginTicket].
2024-02-19 13:59:22,841 INFO [http-nio-8080-exec-7] c.n.c.a.ServiceLogAspect [ServiceLogAspect.java:34] 用户[0:0:0:0:0:0:0:1],在[2024-02-19 13:59:22]，访问了[com.newcode.community.service.UserService.findUserById].
2024-02-19 13:59:22,848 INFO [http-nio-8080-exec-7] c.n.c.a.ServiceLogAspect [ServiceLogAspect.java:34] 用户[0:0:0:0:0:0:0:1],在[2024-02-19 13:59:22]，访问了[com.newcode.community.service.LikeService.like].
2024-02-19 13:59:22,875 INFO [http-nio-8080-exec-7] c.n.c.a.ServiceLogAspect [ServiceLogAspect.java:34] 用户[0:0:0:0:0:0:0:1],在[2024-02-19 13:59:22]，访问了[com.newcode.community.service.LikeService.findEntityLikeCount].
2024-02-19 13:59:22,876 INFO [http-nio-8080-exec-7] c.n.c.a.ServiceLogAspect [ServiceLogAspect.java:34] 用户[0:0:0:0:0:0:0:1],在[2024-02-19 13:59:22]，访问了[com.newcode.community.service.LikeService.findEntityLikeStatus].
2024-02-19 13:59:24,002 INFO [http-nio-8080-exec-8] c.n.c.a.ServiceLogAspect [ServiceLogAspect.java:34] 用户[0:0:0:0:0:0:0:1],在[2024-02-19 13:59:24]，访问了[com.newcode.community.service.UserService.findLoginTicket].
2024-02-19 13:59:24,006 INFO [http-nio-8080-exec-8] c.n.c.a.ServiceLogAspect [ServiceLogAspect.java:34] 用户[0:0:0:0:0:0:0:1],在[2024-02-19 13:59:24]，访问了[com.newcode.community.service.UserService.findUserById].
2024-02-19 13:59:24,009 INFO [http-nio-8080-exec-8] c.n.c.a.ServiceLogAspect [ServiceLogAspect.java:34] 用户[0:0:0:0:0:0:0:1],在[2024-02-19 13:59:24]，访问了[com.newcode.community.service.LikeService.like].
2024-02-19 13:59:24,021 INFO [http-nio-8080-exec-8] c.n.c.a.ServiceLogAspect [ServiceLogAspect.java:34] 用户[0:0:0:0:0:0:0:1],在[2024-02-19 13:59:24]，访问了[com.newcode.community.service.LikeService.findEntityLikeCount].
2024-02-19 13:59:24,025 INFO [http-nio-8080-exec-8] c.n.c.a.ServiceLogAspect [ServiceLogAspect.java:34] 用户[0:0:0:0:0:0:0:1],在[2024-02-19 13:59:24]，访问了[com.newcode.community.service.LikeService.findEntityLikeStatus].
2024-02-19 13:59:24,754 INFO [http-nio-8080-exec-9] c.n.c.a.ServiceLogAspect [ServiceLogAspect.java:34] 用户[0:0:0:0:0:0:0:1],在[2024-02-19 13:59:24]，访问了[com.newcode.community.service.UserService.findLoginTicket].
2024-02-19 13:59:24,757 INFO [http-nio-8080-exec-9] c.n.c.a.ServiceLogAspect [ServiceLogAspect.java:34] 用户[0:0:0:0:0:0:0:1],在[2024-02-19 13:59:24]，访问了[com.newcode.community.service.UserService.findUserById].
2024-02-19 13:59:24,759 INFO [http-nio-8080-exec-9] c.n.c.a.ServiceLogAspect [ServiceLogAspect.java:34] 用户[0:0:0:0:0:0:0:1],在[2024-02-19 13:59:24]，访问了[com.newcode.community.service.LikeService.like].
2024-02-19 13:59:24,766 INFO [http-nio-8080-exec-9] c.n.c.a.ServiceLogAspect [ServiceLogAspect.java:34] 用户[0:0:0:0:0:0:0:1],在[2024-02-19 13:59:24]，访问了[com.newcode.community.service.LikeService.findEntityLikeCount].
2024-02-19 13:59:24,767 INFO [http-nio-8080-exec-9] c.n.c.a.ServiceLogAspect [ServiceLogAspect.java:34] 用户[0:0:0:0:0:0:0:1],在[2024-02-19 13:59:24]，访问了[com.newcode.community.service.LikeService.findEntityLikeStatus].
2024-02-19 13:59:25,689 INFO [http-nio-8080-exec-10] c.n.c.a.ServiceLogAspect [ServiceLogAspect.java:34] 用户[0:0:0:0:0:0:0:1],在[2024-02-19 13:59:25]，访问了[com.newcode.community.service.UserService.findLoginTicket].
2024-02-19 13:59:25,693 INFO [http-nio-8080-exec-10] c.n.c.a.ServiceLogAspect [ServiceLogAspect.java:34] 用户[0:0:0:0:0:0:0:1],在[2024-02-19 13:59:25]，访问了[com.newcode.community.service.UserService.findUserById].
2024-02-19 13:59:25,696 INFO [http-nio-8080-exec-10] c.n.c.a.ServiceLogAspect [ServiceLogAspect.java:34] 用户[0:0:0:0:0:0:0:1],在[2024-02-19 13:59:25]，访问了[com.newcode.community.service.LikeService.like].
2024-02-19 13:59:25,704 INFO [http-nio-8080-exec-10] c.n.c.a.ServiceLogAspect [ServiceLogAspect.java:34] 用户[0:0:0:0:0:0:0:1],在[2024-02-19 13:59:25]，访问了[com.newcode.community.service.LikeService.findEntityLikeCount].
2024-02-19 13:59:25,705 INFO [http-nio-8080-exec-10] c.n.c.a.ServiceLogAspect [ServiceLogAspect.java:34] 用户[0:0:0:0:0:0:0:1],在[2024-02-19 13:59:25]，访问了[com.newcode.community.service.LikeService.findEntityLikeStatus].
2024-02-19 13:59:29,361 INFO [http-nio-8080-exec-1] c.n.c.a.ServiceLogAspect [ServiceLogAspect.java:34] 用户[0:0:0:0:0:0:0:1],在[2024-02-19 13:59:29]，访问了[com.newcode.community.service.UserService.findLoginTicket].
2024-02-19 13:59:29,365 INFO [http-nio-8080-exec-1] c.n.c.a.ServiceLogAspect [ServiceLogAspect.java:34] 用户[0:0:0:0:0:0:0:1],在[2024-02-19 13:59:29]，访问了[com.newcode.community.service.UserService.findUserById].
2024-02-19 13:59:29,368 INFO [http-nio-8080-exec-1] c.n.c.a.ServiceLogAspect [ServiceLogAspect.java:34] 用户[0:0:0:0:0:0:0:1],在[2024-02-19 13:59:29]，访问了[com.newcode.community.service.DiscussPostService.findDiscussPostsRows].
2024-02-19 13:59:29,386 INFO [http-nio-8080-exec-1] c.n.c.a.ServiceLogAspect [ServiceLogAspect.java:34] 用户[0:0:0:0:0:0:0:1],在[2024-02-19 13:59:29]，访问了[com.newcode.community.service.DiscussPostService.findDiscussPosts].
2024-02-19 13:59:29,393 INFO [http-nio-8080-exec-1] c.n.c.a.ServiceLogAspect [ServiceLogAspect.java:34] 用户[0:0:0:0:0:0:0:1],在[2024-02-19 13:59:29]，访问了[com.newcode.community.service.UserService.findUserById].
2024-02-19 13:59:29,396 INFO [http-nio-8080-exec-1] c.n.c.a.ServiceLogAspect [ServiceLogAspect.java:34] 用户[0:0:0:0:0:0:0:1],在[2024-02-19 13:59:29]，访问了[com.newcode.community.service.LikeService.findEntityLikeCount].
2024-02-19 13:59:29,398 INFO [http-nio-8080-exec-1] c.n.c.a.ServiceLogAspect [ServiceLogAspect.java:34] 用户[0:0:0:0:0:0:0:1],在[2024-02-19 13:59:29]，访问了[com.newcode.community.service.UserService.findUserById].
2024-02-19 13:59:29,401 INFO [http-nio-8080-exec-1] c.n.c.a.ServiceLogAspect [ServiceLogAspect.java:34] 用户[0:0:0:0:0:0:0:1],在[2024-02-19 13:59:29]，访问了[com.newcode.community.service.LikeService.findEntityLikeCount].
2024-02-19 13:59:29,403 INFO [http-nio-8080-exec-1] c.n.c.a.ServiceLogAspect [ServiceLogAspect.java:34] 用户[0:0:0:0:0:0:0:1],在[2024-02-19 13:59:29]，访问了[com.newcode.community.service.UserService.findUserById].
2024-02-19 13:59:29,405 INFO [http-nio-8080-exec-1] c.n.c.a.ServiceLogAspect [ServiceLogAspect.java:34] 用户[0:0:0:0:0:0:0:1],在[2024-02-19 13:59:29]，访问了[com.newcode.community.service.LikeService.findEntityLikeCount].
2024-02-19 13:59:29,406 INFO [http-nio-8080-exec-1] c.n.c.a.ServiceLogAspect [ServiceLogAspect.java:34] 用户[0:0:0:0:0:0:0:1],在[2024-02-19 13:59:29]，访问了[com.newcode.community.service.UserService.findUserById].
2024-02-19 13:59:29,408 INFO [http-nio-8080-exec-1] c.n.c.a.ServiceLogAspect [ServiceLogAspect.java:34] 用户[0:0:0:0:0:0:0:1],在[2024-02-19 13:59:29]，访问了[com.newcode.community.service.LikeService.findEntityLikeCount].
2024-02-19 13:59:29,409 INFO [http-nio-8080-exec-1] c.n.c.a.ServiceLogAspect [ServiceLogAspect.java:34] 用户[0:0:0:0:0:0:0:1],在[2024-02-19 13:59:29]，访问了[com.newcode.community.service.UserService.findUserById].
2024-02-19 13:59:29,410 INFO [http-nio-8080-exec-1] c.n.c.a.ServiceLogAspect [ServiceLogAspect.java:34] 用户[0:0:0:0:0:0:0:1],在[2024-02-19 13:59:29]，访问了[com.newcode.community.service.LikeService.findEntityLikeCount].
2024-02-19 13:59:29,411 INFO [http-nio-8080-exec-1] c.n.c.a.ServiceLogAspect [ServiceLogAspect.java:34] 用户[0:0:0:0:0:0:0:1],在[2024-02-19 13:59:29]，访问了[com.newcode.community.service.UserService.findUserById].
2024-02-19 13:59:29,413 INFO [http-nio-8080-exec-1] c.n.c.a.ServiceLogAspect [ServiceLogAspect.java:34] 用户[0:0:0:0:0:0:0:1],在[2024-02-19 13:59:29]，访问了[com.newcode.community.service.LikeService.findEntityLikeCount].
2024-02-19 13:59:29,414 INFO [http-nio-8080-exec-1] c.n.c.a.ServiceLogAspect [ServiceLogAspect.java:34] 用户[0:0:0:0:0:0:0:1],在[2024-02-19 13:59:29]，访问了[com.newcode.community.service.UserService.findUserById].
2024-02-19 13:59:29,416 INFO [http-nio-8080-exec-1] c.n.c.a.ServiceLogAspect [ServiceLogAspect.java:34] 用户[0:0:0:0:0:0:0:1],在[2024-02-19 13:59:29]，访问了[com.newcode.community.service.LikeService.findEntityLikeCount].
2024-02-19 13:59:29,417 INFO [http-nio-8080-exec-1] c.n.c.a.ServiceLogAspect [ServiceLogAspect.java:34] 用户[0:0:0:0:0:0:0:1],在[2024-02-19 13:59:29]，访问了[com.newcode.community.service.UserService.findUserById].
2024-02-19 13:59:29,423 INFO [http-nio-8080-exec-1] c.n.c.a.ServiceLogAspect [ServiceLogAspect.java:34] 用户[0:0:0:0:0:0:0:1],在[2024-02-19 13:59:29]，访问了[com.newcode.community.service.LikeService.findEntityLikeCount].
2024-02-19 13:59:29,425 INFO [http-nio-8080-exec-1] c.n.c.a.ServiceLogAspect [ServiceLogAspect.java:34] 用户[0:0:0:0:0:0:0:1],在[2024-02-19 13:59:29]，访问了[com.newcode.community.service.UserService.findUserById].
2024-02-19 13:59:29,428 INFO [http-nio-8080-exec-1] c.n.c.a.ServiceLogAspect [ServiceLogAspect.java:34] 用户[0:0:0:0:0:0:0:1],在[2024-02-19 13:59:29]，访问了[com.newcode.community.service.LikeService.findEntityLikeCount].
2024-02-19 13:59:29,429 INFO [http-nio-8080-exec-1] c.n.c.a.ServiceLogAspect [ServiceLogAspect.java:34] 用户[0:0:0:0:0:0:0:1],在[2024-02-19 13:59:29]，访问了[com.newcode.community.service.UserService.findUserById].
2024-02-19 13:59:29,432 INFO [http-nio-8080-exec-1] c.n.c.a.ServiceLogAspect [ServiceLogAspect.java:34] 用户[0:0:0:0:0:0:0:1],在[2024-02-19 13:59:29]，访问了[com.newcode.community.service.LikeService.findEntityLikeCount].
2024-02-19 13:59:32,425 INFO [http-nio-8080-exec-6] c.n.c.a.ServiceLogAspect [ServiceLogAspect.java:34] 用户[0:0:0:0:0:0:0:1],在[2024-02-19 13:59:32]，访问了[com.newcode.community.service.UserService.findLoginTicket].
2024-02-19 13:59:32,427 INFO [http-nio-8080-exec-6] c.n.c.a.ServiceLogAspect [ServiceLogAspect.java:34] 用户[0:0:0:0:0:0:0:1],在[2024-02-19 13:59:32]，访问了[com.newcode.community.service.UserService.findUserById].
2024-02-19 13:59:32,430 INFO [http-nio-8080-exec-6] c.n.c.a.ServiceLogAspect [ServiceLogAspect.java:34] 用户[0:0:0:0:0:0:0:1],在[2024-02-19 13:59:32]，访问了[com.newcode.community.service.UserService.findUserById].
2024-02-19 13:59:32,432 INFO [http-nio-8080-exec-6] c.n.c.a.ServiceLogAspect [ServiceLogAspect.java:34] 用户[0:0:0:0:0:0:0:1],在[2024-02-19 13:59:32]，访问了[com.newcode.community.service.LikeService.findUserLikeCount].
2024-02-19 13:59:40,045 INFO [Thread-13] o.s.s.c.ThreadPoolTaskExecutor [ExecutorConfigurationSupport.java:208] Shutting down ExecutorService 'applicationTaskExecutor'
2024-02-19 13:59:41,180 INFO [Thread-13] c.z.h.HikariDataSource [HikariDataSource.java:350] HikariPool-1 - Shutdown initiated...
2024-02-19 13:59:41,185 INFO [Thread-13] c.z.h.HikariDataSource [HikariDataSource.java:352] HikariPool-1 - Shutdown completed.
2024-02-19 14:20:45,379 INFO [restartedMain] c.n.c.CommunityApplication [StartupInfoLogger.java:50] Starting CommunityApplication on zyf with PID 15116 (started by 章翼飞 in D:\findwork project\community)
2024-02-19 14:20:45,382 INFO [restartedMain] c.n.c.CommunityApplication [SpringApplication.java:675] No active profile set, falling back to default profiles: default
2024-02-19 14:20:45,402 INFO [restartedMain] o.s.b.d.e.DevToolsPropertyDefaultsPostProcessor [DeferredLog.java:227] Devtools property defaults active! Set 'spring.devtools.add-properties' to 'false' to disable
2024-02-19 14:20:45,404 INFO [restartedMain] o.s.b.d.e.DevToolsPropertyDefaultsPostProcessor [DeferredLog.java:227] For additional web related logging consider setting the 'logging.level.web' property to 'DEBUG'
2024-02-19 14:20:45,848 INFO [restartedMain] o.s.d.r.c.RepositoryConfigurationDelegate [RepositoryConfigurationDelegate.java:244] Multiple Spring Data modules found, entering strict repository configuration mode!
2024-02-19 14:20:45,849 INFO [restartedMain] o.s.d.r.c.RepositoryConfigurationDelegate [RepositoryConfigurationDelegate.java:126] Bootstrapping Spring Data repositories in DEFAULT mode.
2024-02-19 14:20:45,866 INFO [restartedMain] o.s.d.r.c.RepositoryConfigurationDelegate [RepositoryConfigurationDelegate.java:182] Finished Spring Data repository scanning in 9ms. Found 0 repository interfaces.
2024-02-19 14:20:46,080 INFO [restartedMain] o.s.c.s.PostProcessorRegistrationDelegate$BeanPostProcessorChecker [PostProcessorRegistrationDelegate.java:330] Bean 'org.springframework.transaction.annotation.ProxyTransactionManagementConfiguration' of type [org.springframework.transaction.annotation.ProxyTransactionManagementConfiguration$$EnhancerBySpringCGLIB$$68507e97] is not eligible for getting processed by all BeanPostProcessors (for example: not eligible for auto-proxying)
2024-02-19 14:20:46,352 INFO [restartedMain] o.s.b.w.e.t.TomcatWebServer [TomcatWebServer.java:90] Tomcat initialized with port(s): 8080 (http)
2024-02-19 14:20:46,362 INFO [restartedMain] o.a.c.h.Http11NioProtocol [DirectJDKLog.java:173] Initializing ProtocolHandler ["http-nio-8080"]
2024-02-19 14:20:46,367 INFO [restartedMain] o.a.c.c.StandardService [DirectJDKLog.java:173] Starting service [Tomcat]
2024-02-19 14:20:46,368 INFO [restartedMain] o.a.c.c.StandardEngine [DirectJDKLog.java:173] Starting Servlet engine: [Apache Tomcat/9.0.19]
2024-02-19 14:20:46,431 INFO [restartedMain] o.a.c.c.C.[.[.[/community] [DirectJDKLog.java:173] Initializing Spring embedded WebApplicationContext
2024-02-19 14:20:46,431 INFO [restartedMain] o.s.w.c.ContextLoader [ServletWebServerApplicationContext.java:296] Root WebApplicationContext: initialization completed in 1027 ms
2024-02-19 14:20:47,075 INFO [restartedMain] o.s.s.c.ThreadPoolTaskExecutor [ExecutorConfigurationSupport.java:171] Initializing ExecutorService 'applicationTaskExecutor'
2024-02-19 14:20:47,152 INFO [restartedMain] o.s.b.a.w.s.WelcomePageHandlerMapping [WelcomePageHandlerMapping.java:61] Adding welcome page template: index
2024-02-19 14:20:47,339 INFO [restartedMain] o.s.b.d.a.OptionalLiveReloadServer [OptionalLiveReloadServer.java:57] LiveReload server is running on port 35729
2024-02-19 14:20:47,360 INFO [restartedMain] o.a.c.h.Http11NioProtocol [DirectJDKLog.java:173] Starting ProtocolHandler ["http-nio-8080"]
2024-02-19 14:20:47,376 INFO [restartedMain] o.s.b.w.e.t.TomcatWebServer [TomcatWebServer.java:204] Tomcat started on port(s): 8080 (http) with context path '/community'
2024-02-19 14:20:47,378 INFO [restartedMain] c.n.c.CommunityApplication [StartupInfoLogger.java:59] Started CommunityApplication in 2.214 seconds (JVM running for 2.875)
2024-02-19 14:20:48,312 INFO [http-nio-8080-exec-1] o.a.c.c.C.[.[.[/community] [DirectJDKLog.java:173] Initializing Spring DispatcherServlet 'dispatcherServlet'
2024-02-19 14:20:48,312 INFO [http-nio-8080-exec-1] o.s.w.s.DispatcherServlet [FrameworkServlet.java:524] Initializing Servlet 'dispatcherServlet'
2024-02-19 14:20:48,319 INFO [http-nio-8080-exec-1] o.s.w.s.DispatcherServlet [FrameworkServlet.java:546] Completed initialization in 6 ms
2024-02-19 14:20:48,331 INFO [http-nio-8080-exec-1] c.n.c.a.ServiceLogAspect [ServiceLogAspect.java:34] 用户[0:0:0:0:0:0:0:1],在[2024-02-19 14:20:48]，访问了[com.newcode.community.service.UserService.findLoginTicket].
2024-02-19 14:20:48,342 INFO [http-nio-8080-exec-1] c.z.h.HikariDataSource [HikariDataSource.java:110] HikariPool-1 - Starting...
2024-02-19 14:20:48,421 INFO [http-nio-8080-exec-1] c.z.h.HikariDataSource [HikariDataSource.java:123] HikariPool-1 - Start completed.
2024-02-19 14:20:48,457 INFO [http-nio-8080-exec-1] c.n.c.a.ServiceLogAspect [ServiceLogAspect.java:34] 用户[0:0:0:0:0:0:0:1],在[2024-02-19 14:20:48]，访问了[com.newcode.community.service.UserService.findUserById].
2024-02-19 14:20:48,471 INFO [http-nio-8080-exec-1] c.n.c.a.ServiceLogAspect [ServiceLogAspect.java:34] 用户[0:0:0:0:0:0:0:1],在[2024-02-19 14:20:48]，访问了[com.newcode.community.service.DiscussPostService.findDiscussPostsRows].
2024-02-19 14:20:48,486 INFO [http-nio-8080-exec-1] c.n.c.a.ServiceLogAspect [ServiceLogAspect.java:34] 用户[0:0:0:0:0:0:0:1],在[2024-02-19 14:20:48]，访问了[com.newcode.community.service.DiscussPostService.findDiscussPosts].
2024-02-19 14:20:48,491 INFO [http-nio-8080-exec-1] c.n.c.a.ServiceLogAspect [ServiceLogAspect.java:34] 用户[0:0:0:0:0:0:0:1],在[2024-02-19 14:20:48]，访问了[com.newcode.community.service.UserService.findUserById].
2024-02-19 14:20:48,493 INFO [http-nio-8080-exec-1] c.n.c.a.ServiceLogAspect [ServiceLogAspect.java:34] 用户[0:0:0:0:0:0:0:1],在[2024-02-19 14:20:48]，访问了[com.newcode.community.service.LikeService.findEntityLikeCount].
2024-02-19 14:20:48,553 INFO [http-nio-8080-exec-1] i.l.c.EpollProvider [EpollProvider.java:68] Starting without optional epoll library
2024-02-19 14:20:48,556 INFO [http-nio-8080-exec-1] i.l.c.KqueueProvider [KqueueProvider.java:70] Starting without optional kqueue library
2024-02-19 14:20:49,170 INFO [http-nio-8080-exec-1] c.n.c.a.ServiceLogAspect [ServiceLogAspect.java:34] 用户[0:0:0:0:0:0:0:1],在[2024-02-19 14:20:49]，访问了[com.newcode.community.service.UserService.findUserById].
2024-02-19 14:20:49,174 INFO [http-nio-8080-exec-1] c.n.c.a.ServiceLogAspect [ServiceLogAspect.java:34] 用户[0:0:0:0:0:0:0:1],在[2024-02-19 14:20:49]，访问了[com.newcode.community.service.LikeService.findEntityLikeCount].
2024-02-19 14:20:49,175 INFO [http-nio-8080-exec-1] c.n.c.a.ServiceLogAspect [ServiceLogAspect.java:34] 用户[0:0:0:0:0:0:0:1],在[2024-02-19 14:20:49]，访问了[com.newcode.community.service.UserService.findUserById].
2024-02-19 14:20:49,177 INFO [http-nio-8080-exec-1] c.n.c.a.ServiceLogAspect [ServiceLogAspect.java:34] 用户[0:0:0:0:0:0:0:1],在[2024-02-19 14:20:49]，访问了[com.newcode.community.service.LikeService.findEntityLikeCount].
2024-02-19 14:20:49,179 INFO [http-nio-8080-exec-1] c.n.c.a.ServiceLogAspect [ServiceLogAspect.java:34] 用户[0:0:0:0:0:0:0:1],在[2024-02-19 14:20:49]，访问了[com.newcode.community.service.UserService.findUserById].
2024-02-19 14:20:49,181 INFO [http-nio-8080-exec-1] c.n.c.a.ServiceLogAspect [ServiceLogAspect.java:34] 用户[0:0:0:0:0:0:0:1],在[2024-02-19 14:20:49]，访问了[com.newcode.community.service.LikeService.findEntityLikeCount].
2024-02-19 14:20:49,183 INFO [http-nio-8080-exec-1] c.n.c.a.ServiceLogAspect [ServiceLogAspect.java:34] 用户[0:0:0:0:0:0:0:1],在[2024-02-19 14:20:49]，访问了[com.newcode.community.service.UserService.findUserById].
2024-02-19 14:20:49,186 INFO [http-nio-8080-exec-1] c.n.c.a.ServiceLogAspect [ServiceLogAspect.java:34] 用户[0:0:0:0:0:0:0:1],在[2024-02-19 14:20:49]，访问了[com.newcode.community.service.LikeService.findEntityLikeCount].
2024-02-19 14:20:49,187 INFO [http-nio-8080-exec-1] c.n.c.a.ServiceLogAspect [ServiceLogAspect.java:34] 用户[0:0:0:0:0:0:0:1],在[2024-02-19 14:20:49]，访问了[com.newcode.community.service.UserService.findUserById].
2024-02-19 14:20:49,189 INFO [http-nio-8080-exec-1] c.n.c.a.ServiceLogAspect [ServiceLogAspect.java:34] 用户[0:0:0:0:0:0:0:1],在[2024-02-19 14:20:49]，访问了[com.newcode.community.service.LikeService.findEntityLikeCount].
2024-02-19 14:20:49,190 INFO [http-nio-8080-exec-1] c.n.c.a.ServiceLogAspect [ServiceLogAspect.java:34] 用户[0:0:0:0:0:0:0:1],在[2024-02-19 14:20:49]，访问了[com.newcode.community.service.UserService.findUserById].
2024-02-19 14:20:49,192 INFO [http-nio-8080-exec-1] c.n.c.a.ServiceLogAspect [ServiceLogAspect.java:34] 用户[0:0:0:0:0:0:0:1],在[2024-02-19 14:20:49]，访问了[com.newcode.community.service.LikeService.findEntityLikeCount].
2024-02-19 14:20:49,193 INFO [http-nio-8080-exec-1] c.n.c.a.ServiceLogAspect [ServiceLogAspect.java:34] 用户[0:0:0:0:0:0:0:1],在[2024-02-19 14:20:49]，访问了[com.newcode.community.service.UserService.findUserById].
2024-02-19 14:20:49,194 INFO [http-nio-8080-exec-1] c.n.c.a.ServiceLogAspect [ServiceLogAspect.java:34] 用户[0:0:0:0:0:0:0:1],在[2024-02-19 14:20:49]，访问了[com.newcode.community.service.LikeService.findEntityLikeCount].
2024-02-19 14:20:49,195 INFO [http-nio-8080-exec-1] c.n.c.a.ServiceLogAspect [ServiceLogAspect.java:34] 用户[0:0:0:0:0:0:0:1],在[2024-02-19 14:20:49]，访问了[com.newcode.community.service.UserService.findUserById].
2024-02-19 14:20:49,196 INFO [http-nio-8080-exec-1] c.n.c.a.ServiceLogAspect [ServiceLogAspect.java:34] 用户[0:0:0:0:0:0:0:1],在[2024-02-19 14:20:49]，访问了[com.newcode.community.service.LikeService.findEntityLikeCount].
2024-02-19 14:20:49,197 INFO [http-nio-8080-exec-1] c.n.c.a.ServiceLogAspect [ServiceLogAspect.java:34] 用户[0:0:0:0:0:0:0:1],在[2024-02-19 14:20:49]，访问了[com.newcode.community.service.UserService.findUserById].
2024-02-19 14:20:49,199 INFO [http-nio-8080-exec-1] c.n.c.a.ServiceLogAspect [ServiceLogAspect.java:34] 用户[0:0:0:0:0:0:0:1],在[2024-02-19 14:20:49]，访问了[com.newcode.community.service.LikeService.findEntityLikeCount].
2024-02-19 14:20:51,600 INFO [http-nio-8080-exec-7] c.n.c.a.ServiceLogAspect [ServiceLogAspect.java:34] 用户[0:0:0:0:0:0:0:1],在[2024-02-19 14:20:51]，访问了[com.newcode.community.service.UserService.findLoginTicket].
2024-02-19 14:20:51,603 INFO [http-nio-8080-exec-7] c.n.c.a.ServiceLogAspect [ServiceLogAspect.java:34] 用户[0:0:0:0:0:0:0:1],在[2024-02-19 14:20:51]，访问了[com.newcode.community.service.UserService.findUserById].
2024-02-19 14:20:51,610 INFO [http-nio-8080-exec-7] c.n.c.a.ServiceLogAspect [ServiceLogAspect.java:34] 用户[0:0:0:0:0:0:0:1],在[2024-02-19 14:20:51]，访问了[com.newcode.community.service.DiscussPostService.findDiscussPostById].
2024-02-19 14:20:51,624 INFO [http-nio-8080-exec-7] c.n.c.a.ServiceLogAspect [ServiceLogAspect.java:34] 用户[0:0:0:0:0:0:0:1],在[2024-02-19 14:20:51]，访问了[com.newcode.community.service.UserService.findUserById].
2024-02-19 14:20:51,626 INFO [http-nio-8080-exec-7] c.n.c.a.ServiceLogAspect [ServiceLogAspect.java:34] 用户[0:0:0:0:0:0:0:1],在[2024-02-19 14:20:51]，访问了[com.newcode.community.service.LikeService.findEntityLikeCount].
2024-02-19 14:20:51,627 INFO [http-nio-8080-exec-7] c.n.c.a.ServiceLogAspect [ServiceLogAspect.java:34] 用户[0:0:0:0:0:0:0:1],在[2024-02-19 14:20:51]，访问了[com.newcode.community.service.LikeService.findEntityLikeStatus].
2024-02-19 14:20:51,643 INFO [http-nio-8080-exec-7] c.n.c.a.ServiceLogAspect [ServiceLogAspect.java:34] 用户[0:0:0:0:0:0:0:1],在[2024-02-19 14:20:51]，访问了[com.newcode.community.service.CommentService.findCommentsByEntity].
2024-02-19 14:20:51,648 INFO [http-nio-8080-exec-7] c.n.c.a.ServiceLogAspect [ServiceLogAspect.java:34] 用户[0:0:0:0:0:0:0:1],在[2024-02-19 14:20:51]，访问了[com.newcode.community.service.UserService.findUserById].
2024-02-19 14:20:51,651 INFO [http-nio-8080-exec-7] c.n.c.a.ServiceLogAspect [ServiceLogAspect.java:34] 用户[0:0:0:0:0:0:0:1],在[2024-02-19 14:20:51]，访问了[com.newcode.community.service.LikeService.findEntityLikeCount].
2024-02-19 14:20:51,652 INFO [http-nio-8080-exec-7] c.n.c.a.ServiceLogAspect [ServiceLogAspect.java:34] 用户[0:0:0:0:0:0:0:1],在[2024-02-19 14:20:51]，访问了[com.newcode.community.service.LikeService.findEntityLikeStatus].
2024-02-19 14:20:51,653 INFO [http-nio-8080-exec-7] c.n.c.a.ServiceLogAspect [ServiceLogAspect.java:34] 用户[0:0:0:0:0:0:0:1],在[2024-02-19 14:20:51]，访问了[com.newcode.community.service.CommentService.findCommentsByEntity].
2024-02-19 14:20:51,655 INFO [http-nio-8080-exec-7] c.n.c.a.ServiceLogAspect [ServiceLogAspect.java:34] 用户[0:0:0:0:0:0:0:1],在[2024-02-19 14:20:51]，访问了[com.newcode.community.service.UserService.findUserById].
2024-02-19 14:20:51,657 INFO [http-nio-8080-exec-7] c.n.c.a.ServiceLogAspect [ServiceLogAspect.java:34] 用户[0:0:0:0:0:0:0:1],在[2024-02-19 14:20:51]，访问了[com.newcode.community.service.LikeService.findEntityLikeCount].
2024-02-19 14:20:51,658 INFO [http-nio-8080-exec-7] c.n.c.a.ServiceLogAspect [ServiceLogAspect.java:34] 用户[0:0:0:0:0:0:0:1],在[2024-02-19 14:20:51]，访问了[com.newcode.community.service.LikeService.findEntityLikeStatus].
2024-02-19 14:20:51,660 INFO [http-nio-8080-exec-7] c.n.c.a.ServiceLogAspect [ServiceLogAspect.java:34] 用户[0:0:0:0:0:0:0:1],在[2024-02-19 14:20:51]，访问了[com.newcode.community.service.UserService.findUserById].
2024-02-19 14:20:51,664 INFO [http-nio-8080-exec-7] c.n.c.a.ServiceLogAspect [ServiceLogAspect.java:34] 用户[0:0:0:0:0:0:0:1],在[2024-02-19 14:20:51]，访问了[com.newcode.community.service.LikeService.findEntityLikeCount].
2024-02-19 14:20:51,664 INFO [http-nio-8080-exec-7] c.n.c.a.ServiceLogAspect [ServiceLogAspect.java:34] 用户[0:0:0:0:0:0:0:1],在[2024-02-19 14:20:51]，访问了[com.newcode.community.service.LikeService.findEntityLikeStatus].
2024-02-19 14:20:51,666 INFO [http-nio-8080-exec-7] c.n.c.a.ServiceLogAspect [ServiceLogAspect.java:34] 用户[0:0:0:0:0:0:0:1],在[2024-02-19 14:20:51]，访问了[com.newcode.community.service.CommentService.findCommentCount].
2024-02-19 14:20:51,668 INFO [http-nio-8080-exec-7] c.n.c.a.ServiceLogAspect [ServiceLogAspect.java:34] 用户[0:0:0:0:0:0:0:1],在[2024-02-19 14:20:51]，访问了[com.newcode.community.service.UserService.findUserById].
2024-02-19 14:20:51,670 INFO [http-nio-8080-exec-7] c.n.c.a.ServiceLogAspect [ServiceLogAspect.java:34] 用户[0:0:0:0:0:0:0:1],在[2024-02-19 14:20:51]，访问了[com.newcode.community.service.LikeService.findEntityLikeCount].
2024-02-19 14:20:51,672 INFO [http-nio-8080-exec-7] c.n.c.a.ServiceLogAspect [ServiceLogAspect.java:34] 用户[0:0:0:0:0:0:0:1],在[2024-02-19 14:20:51]，访问了[com.newcode.community.service.LikeService.findEntityLikeStatus].
2024-02-19 14:20:51,673 INFO [http-nio-8080-exec-7] c.n.c.a.ServiceLogAspect [ServiceLogAspect.java:34] 用户[0:0:0:0:0:0:0:1],在[2024-02-19 14:20:51]，访问了[com.newcode.community.service.CommentService.findCommentsByEntity].
2024-02-19 14:20:51,675 INFO [http-nio-8080-exec-7] c.n.c.a.ServiceLogAspect [ServiceLogAspect.java:34] 用户[0:0:0:0:0:0:0:1],在[2024-02-19 14:20:51]，访问了[com.newcode.community.service.CommentService.findCommentCount].
2024-02-19 14:20:51,676 INFO [http-nio-8080-exec-7] c.n.c.a.ServiceLogAspect [ServiceLogAspect.java:34] 用户[0:0:0:0:0:0:0:1],在[2024-02-19 14:20:51]，访问了[com.newcode.community.service.UserService.findUserById].
2024-02-19 14:20:51,678 INFO [http-nio-8080-exec-7] c.n.c.a.ServiceLogAspect [ServiceLogAspect.java:34] 用户[0:0:0:0:0:0:0:1],在[2024-02-19 14:20:51]，访问了[com.newcode.community.service.LikeService.findEntityLikeCount].
2024-02-19 14:20:51,680 INFO [http-nio-8080-exec-7] c.n.c.a.ServiceLogAspect [ServiceLogAspect.java:34] 用户[0:0:0:0:0:0:0:1],在[2024-02-19 14:20:51]，访问了[com.newcode.community.service.LikeService.findEntityLikeStatus].
2024-02-19 14:20:51,680 INFO [http-nio-8080-exec-7] c.n.c.a.ServiceLogAspect [ServiceLogAspect.java:34] 用户[0:0:0:0:0:0:0:1],在[2024-02-19 14:20:51]，访问了[com.newcode.community.service.CommentService.findCommentsByEntity].
2024-02-19 14:20:51,682 INFO [http-nio-8080-exec-7] c.n.c.a.ServiceLogAspect [ServiceLogAspect.java:34] 用户[0:0:0:0:0:0:0:1],在[2024-02-19 14:20:51]，访问了[com.newcode.community.service.CommentService.findCommentCount].
2024-02-19 14:20:51,682 INFO [http-nio-8080-exec-7] c.n.c.a.ServiceLogAspect [ServiceLogAspect.java:34] 用户[0:0:0:0:0:0:0:1],在[2024-02-19 14:20:51]，访问了[com.newcode.community.service.UserService.findUserById].
2024-02-19 14:20:51,685 INFO [http-nio-8080-exec-7] c.n.c.a.ServiceLogAspect [ServiceLogAspect.java:34] 用户[0:0:0:0:0:0:0:1],在[2024-02-19 14:20:51]，访问了[com.newcode.community.service.LikeService.findEntityLikeCount].
2024-02-19 14:20:51,686 INFO [http-nio-8080-exec-7] c.n.c.a.ServiceLogAspect [ServiceLogAspect.java:34] 用户[0:0:0:0:0:0:0:1],在[2024-02-19 14:20:51]，访问了[com.newcode.community.service.LikeService.findEntityLikeStatus].
2024-02-19 14:20:51,687 INFO [http-nio-8080-exec-7] c.n.c.a.ServiceLogAspect [ServiceLogAspect.java:34] 用户[0:0:0:0:0:0:0:1],在[2024-02-19 14:20:51]，访问了[com.newcode.community.service.CommentService.findCommentsByEntity].
2024-02-19 14:20:51,689 INFO [http-nio-8080-exec-7] c.n.c.a.ServiceLogAspect [ServiceLogAspect.java:34] 用户[0:0:0:0:0:0:0:1],在[2024-02-19 14:20:51]，访问了[com.newcode.community.service.CommentService.findCommentCount].
2024-02-19 14:20:51,691 INFO [http-nio-8080-exec-7] c.n.c.a.ServiceLogAspect [ServiceLogAspect.java:34] 用户[0:0:0:0:0:0:0:1],在[2024-02-19 14:20:51]，访问了[com.newcode.community.service.UserService.findUserById].
2024-02-19 14:20:51,692 INFO [http-nio-8080-exec-7] c.n.c.a.ServiceLogAspect [ServiceLogAspect.java:34] 用户[0:0:0:0:0:0:0:1],在[2024-02-19 14:20:51]，访问了[com.newcode.community.service.LikeService.findEntityLikeCount].
2024-02-19 14:20:51,694 INFO [http-nio-8080-exec-7] c.n.c.a.ServiceLogAspect [ServiceLogAspect.java:34] 用户[0:0:0:0:0:0:0:1],在[2024-02-19 14:20:51]，访问了[com.newcode.community.service.LikeService.findEntityLikeStatus].
2024-02-19 14:20:51,695 INFO [http-nio-8080-exec-7] c.n.c.a.ServiceLogAspect [ServiceLogAspect.java:34] 用户[0:0:0:0:0:0:0:1],在[2024-02-19 14:20:51]，访问了[com.newcode.community.service.CommentService.findCommentsByEntity].
2024-02-19 14:20:51,697 INFO [http-nio-8080-exec-7] c.n.c.a.ServiceLogAspect [ServiceLogAspect.java:34] 用户[0:0:0:0:0:0:0:1],在[2024-02-19 14:20:51]，访问了[com.newcode.community.service.CommentService.findCommentCount].
2024-02-19 14:20:56,183 INFO [http-nio-8080-exec-2] c.n.c.a.ServiceLogAspect [ServiceLogAspect.java:34] 用户[0:0:0:0:0:0:0:1],在[2024-02-19 14:20:56]，访问了[com.newcode.community.service.UserService.findLoginTicket].
2024-02-19 14:20:56,186 INFO [http-nio-8080-exec-2] c.n.c.a.ServiceLogAspect [ServiceLogAspect.java:34] 用户[0:0:0:0:0:0:0:1],在[2024-02-19 14:20:56]，访问了[com.newcode.community.service.UserService.findUserById].
2024-02-19 14:20:56,217 INFO [http-nio-8080-exec-3] c.n.c.a.ServiceLogAspect [ServiceLogAspect.java:34] 用户[0:0:0:0:0:0:0:1],在[2024-02-19 14:20:56]，访问了[com.newcode.community.service.UserService.findLoginTicket].
2024-02-19 14:20:56,218 INFO [http-nio-8080-exec-3] c.n.c.a.ServiceLogAspect [ServiceLogAspect.java:34] 用户[0:0:0:0:0:0:0:1],在[2024-02-19 14:20:56]，访问了[com.newcode.community.service.UserService.findUserById].
2024-02-19 14:20:59,031 INFO [http-nio-8080-exec-8] c.n.c.a.ServiceLogAspect [ServiceLogAspect.java:34] 用户[0:0:0:0:0:0:0:1],在[2024-02-19 14:20:59]，访问了[com.newcode.community.service.UserService.findLoginTicket].
2024-02-19 14:20:59,034 INFO [http-nio-8080-exec-8] c.n.c.a.ServiceLogAspect [ServiceLogAspect.java:34] 用户[0:0:0:0:0:0:0:1],在[2024-02-19 14:20:59]，访问了[com.newcode.community.service.UserService.findUserById].
2024-02-19 14:20:59,037 INFO [http-nio-8080-exec-8] c.n.c.a.ServiceLogAspect [ServiceLogAspect.java:34] 用户[0:0:0:0:0:0:0:1],在[2024-02-19 14:20:59]，访问了[com.newcode.community.service.UserService.findUserById].
2024-02-19 14:20:59,044 INFO [http-nio-8080-exec-8] c.n.c.a.ServiceLogAspect [ServiceLogAspect.java:34] 用户[0:0:0:0:0:0:0:1],在[2024-02-19 14:20:59]，访问了[com.newcode.community.service.LikeService.findUserLikeCount].
2024-02-19 14:20:59,067 INFO [http-nio-8080-exec-8] c.n.c.a.ServiceLogAspect [ServiceLogAspect.java:34] 用户[0:0:0:0:0:0:0:1],在[2024-02-19 14:20:59]，访问了[com.newcode.community.service.FollowService.findFolloweeCount].
2024-02-19 14:20:59,072 INFO [http-nio-8080-exec-8] c.n.c.a.ServiceLogAspect [ServiceLogAspect.java:34] 用户[0:0:0:0:0:0:0:1],在[2024-02-19 14:20:59]，访问了[com.newcode.community.service.FollowService.findFollowerCount].
2024-02-19 14:20:59,072 INFO [http-nio-8080-exec-8] c.n.c.a.ServiceLogAspect [ServiceLogAspect.java:34] 用户[0:0:0:0:0:0:0:1],在[2024-02-19 14:20:59]，访问了[com.newcode.community.service.FollowService.hasFollowed].
2024-02-19 14:21:00,448 INFO [http-nio-8080-exec-3] c.n.c.a.ServiceLogAspect [ServiceLogAspect.java:34] 用户[0:0:0:0:0:0:0:1],在[2024-02-19 14:21:00]，访问了[com.newcode.community.service.UserService.findLoginTicket].
2024-02-19 14:21:00,450 INFO [http-nio-8080-exec-3] c.n.c.a.ServiceLogAspect [ServiceLogAspect.java:34] 用户[0:0:0:0:0:0:0:1],在[2024-02-19 14:21:00]，访问了[com.newcode.community.service.UserService.findUserById].
2024-02-19 14:21:00,456 INFO [http-nio-8080-exec-3] c.n.c.a.ServiceLogAspect [ServiceLogAspect.java:34] 用户[0:0:0:0:0:0:0:1],在[2024-02-19 14:21:00]，访问了[com.newcode.community.service.FollowService.follow].
2024-02-19 14:21:00,651 INFO [http-nio-8080-exec-5] c.n.c.a.ServiceLogAspect [ServiceLogAspect.java:34] 用户[0:0:0:0:0:0:0:1],在[2024-02-19 14:21:00]，访问了[com.newcode.community.service.UserService.findLoginTicket].
2024-02-19 14:21:00,654 INFO [http-nio-8080-exec-5] c.n.c.a.ServiceLogAspect [ServiceLogAspect.java:34] 用户[0:0:0:0:0:0:0:1],在[2024-02-19 14:21:00]，访问了[com.newcode.community.service.UserService.findUserById].
2024-02-19 14:21:00,656 INFO [http-nio-8080-exec-5] c.n.c.a.ServiceLogAspect [ServiceLogAspect.java:34] 用户[0:0:0:0:0:0:0:1],在[2024-02-19 14:21:00]，访问了[com.newcode.community.service.UserService.findUserById].
2024-02-19 14:21:00,657 INFO [http-nio-8080-exec-5] c.n.c.a.ServiceLogAspect [ServiceLogAspect.java:34] 用户[0:0:0:0:0:0:0:1],在[2024-02-19 14:21:00]，访问了[com.newcode.community.service.LikeService.findUserLikeCount].
2024-02-19 14:21:00,672 INFO [http-nio-8080-exec-5] c.n.c.a.ServiceLogAspect [ServiceLogAspect.java:34] 用户[0:0:0:0:0:0:0:1],在[2024-02-19 14:21:00]，访问了[com.newcode.community.service.FollowService.findFolloweeCount].
2024-02-19 14:21:00,673 INFO [http-nio-8080-exec-5] c.n.c.a.ServiceLogAspect [ServiceLogAspect.java:34] 用户[0:0:0:0:0:0:0:1],在[2024-02-19 14:21:00]，访问了[com.newcode.community.service.FollowService.findFollowerCount].
2024-02-19 14:21:00,674 INFO [http-nio-8080-exec-5] c.n.c.a.ServiceLogAspect [ServiceLogAspect.java:34] 用户[0:0:0:0:0:0:0:1],在[2024-02-19 14:21:00]，访问了[com.newcode.community.service.FollowService.hasFollowed].
2024-02-19 14:21:23,738 INFO [http-nio-8080-exec-9] c.n.c.a.ServiceLogAspect [ServiceLogAspect.java:34] 用户[0:0:0:0:0:0:0:1],在[2024-02-19 14:21:23]，访问了[com.newcode.community.service.UserService.findLoginTicket].
2024-02-19 14:21:23,741 INFO [http-nio-8080-exec-9] c.n.c.a.ServiceLogAspect [ServiceLogAspect.java:34] 用户[0:0:0:0:0:0:0:1],在[2024-02-19 14:21:23]，访问了[com.newcode.community.service.UserService.findUserById].
2024-02-19 14:21:23,742 INFO [http-nio-8080-exec-9] c.n.c.a.ServiceLogAspect [ServiceLogAspect.java:34] 用户[0:0:0:0:0:0:0:1],在[2024-02-19 14:21:23]，访问了[com.newcode.community.service.FollowService.unfollow].
2024-02-19 14:21:23,777 INFO [http-nio-8080-exec-10] c.n.c.a.ServiceLogAspect [ServiceLogAspect.java:34] 用户[0:0:0:0:0:0:0:1],在[2024-02-19 14:21:23]，访问了[com.newcode.community.service.UserService.findLoginTicket].
2024-02-19 14:21:23,778 INFO [http-nio-8080-exec-10] c.n.c.a.ServiceLogAspect [ServiceLogAspect.java:34] 用户[0:0:0:0:0:0:0:1],在[2024-02-19 14:21:23]，访问了[com.newcode.community.service.UserService.findUserById].
2024-02-19 14:21:23,779 INFO [http-nio-8080-exec-10] c.n.c.a.ServiceLogAspect [ServiceLogAspect.java:34] 用户[0:0:0:0:0:0:0:1],在[2024-02-19 14:21:23]，访问了[com.newcode.community.service.UserService.findUserById].
2024-02-19 14:21:23,781 INFO [http-nio-8080-exec-10] c.n.c.a.ServiceLogAspect [ServiceLogAspect.java:34] 用户[0:0:0:0:0:0:0:1],在[2024-02-19 14:21:23]，访问了[com.newcode.community.service.LikeService.findUserLikeCount].
2024-02-19 14:21:23,782 INFO [http-nio-8080-exec-10] c.n.c.a.ServiceLogAspect [ServiceLogAspect.java:34] 用户[0:0:0:0:0:0:0:1],在[2024-02-19 14:21:23]，访问了[com.newcode.community.service.FollowService.findFolloweeCount].
2024-02-19 14:21:23,783 INFO [http-nio-8080-exec-10] c.n.c.a.ServiceLogAspect [ServiceLogAspect.java:34] 用户[0:0:0:0:0:0:0:1],在[2024-02-19 14:21:23]，访问了[com.newcode.community.service.FollowService.findFollowerCount].
2024-02-19 14:21:23,784 INFO [http-nio-8080-exec-10] c.n.c.a.ServiceLogAspect [ServiceLogAspect.java:34] 用户[0:0:0:0:0:0:0:1],在[2024-02-19 14:21:23]，访问了[com.newcode.community.service.FollowService.hasFollowed].
2024-02-19 14:21:25,076 INFO [http-nio-8080-exec-4] c.n.c.a.ServiceLogAspect [ServiceLogAspect.java:34] 用户[0:0:0:0:0:0:0:1],在[2024-02-19 14:21:25]，访问了[com.newcode.community.service.UserService.findLoginTicket].
2024-02-19 14:21:25,078 INFO [http-nio-8080-exec-4] c.n.c.a.ServiceLogAspect [ServiceLogAspect.java:34] 用户[0:0:0:0:0:0:0:1],在[2024-02-19 14:21:25]，访问了[com.newcode.community.service.UserService.findUserById].
2024-02-19 14:21:25,080 INFO [http-nio-8080-exec-4] c.n.c.a.ServiceLogAspect [ServiceLogAspect.java:34] 用户[0:0:0:0:0:0:0:1],在[2024-02-19 14:21:25]，访问了[com.newcode.community.service.FollowService.follow].
2024-02-19 14:21:25,097 INFO [http-nio-8080-exec-7] c.n.c.a.ServiceLogAspect [ServiceLogAspect.java:34] 用户[0:0:0:0:0:0:0:1],在[2024-02-19 14:21:25]，访问了[com.newcode.community.service.UserService.findLoginTicket].
2024-02-19 14:21:25,100 INFO [http-nio-8080-exec-7] c.n.c.a.ServiceLogAspect [ServiceLogAspect.java:34] 用户[0:0:0:0:0:0:0:1],在[2024-02-19 14:21:25]，访问了[com.newcode.community.service.UserService.findUserById].
2024-02-19 14:21:25,102 INFO [http-nio-8080-exec-7] c.n.c.a.ServiceLogAspect [ServiceLogAspect.java:34] 用户[0:0:0:0:0:0:0:1],在[2024-02-19 14:21:25]，访问了[com.newcode.community.service.UserService.findUserById].
2024-02-19 14:21:25,104 INFO [http-nio-8080-exec-7] c.n.c.a.ServiceLogAspect [ServiceLogAspect.java:34] 用户[0:0:0:0:0:0:0:1],在[2024-02-19 14:21:25]，访问了[com.newcode.community.service.LikeService.findUserLikeCount].
2024-02-19 14:21:25,105 INFO [http-nio-8080-exec-7] c.n.c.a.ServiceLogAspect [ServiceLogAspect.java:34] 用户[0:0:0:0:0:0:0:1],在[2024-02-19 14:21:25]，访问了[com.newcode.community.service.FollowService.findFolloweeCount].
2024-02-19 14:21:25,106 INFO [http-nio-8080-exec-7] c.n.c.a.ServiceLogAspect [ServiceLogAspect.java:34] 用户[0:0:0:0:0:0:0:1],在[2024-02-19 14:21:25]，访问了[com.newcode.community.service.FollowService.findFollowerCount].
2024-02-19 14:21:25,107 INFO [http-nio-8080-exec-7] c.n.c.a.ServiceLogAspect [ServiceLogAspect.java:34] 用户[0:0:0:0:0:0:0:1],在[2024-02-19 14:21:25]，访问了[com.newcode.community.service.FollowService.hasFollowed].
2024-02-19 14:21:26,025 INFO [http-nio-8080-exec-1] c.n.c.a.ServiceLogAspect [ServiceLogAspect.java:34] 用户[0:0:0:0:0:0:0:1],在[2024-02-19 14:21:26]，访问了[com.newcode.community.service.UserService.findLoginTicket].
2024-02-19 14:21:26,027 INFO [http-nio-8080-exec-1] c.n.c.a.ServiceLogAspect [ServiceLogAspect.java:34] 用户[0:0:0:0:0:0:0:1],在[2024-02-19 14:21:26]，访问了[com.newcode.community.service.UserService.findUserById].
2024-02-19 14:21:26,029 INFO [http-nio-8080-exec-1] c.n.c.a.ServiceLogAspect [ServiceLogAspect.java:34] 用户[0:0:0:0:0:0:0:1],在[2024-02-19 14:21:26]，访问了[com.newcode.community.service.FollowService.unfollow].
2024-02-19 14:21:26,051 INFO [http-nio-8080-exec-2] c.n.c.a.ServiceLogAspect [ServiceLogAspect.java:34] 用户[0:0:0:0:0:0:0:1],在[2024-02-19 14:21:26]，访问了[com.newcode.community.service.UserService.findLoginTicket].
2024-02-19 14:21:26,054 INFO [http-nio-8080-exec-2] c.n.c.a.ServiceLogAspect [ServiceLogAspect.java:34] 用户[0:0:0:0:0:0:0:1],在[2024-02-19 14:21:26]，访问了[com.newcode.community.service.UserService.findUserById].
2024-02-19 14:21:26,056 INFO [http-nio-8080-exec-2] c.n.c.a.ServiceLogAspect [ServiceLogAspect.java:34] 用户[0:0:0:0:0:0:0:1],在[2024-02-19 14:21:26]，访问了[com.newcode.community.service.UserService.findUserById].
2024-02-19 14:21:26,058 INFO [http-nio-8080-exec-2] c.n.c.a.ServiceLogAspect [ServiceLogAspect.java:34] 用户[0:0:0:0:0:0:0:1],在[2024-02-19 14:21:26]，访问了[com.newcode.community.service.LikeService.findUserLikeCount].
2024-02-19 14:21:26,059 INFO [http-nio-8080-exec-2] c.n.c.a.ServiceLogAspect [ServiceLogAspect.java:34] 用户[0:0:0:0:0:0:0:1],在[2024-02-19 14:21:26]，访问了[com.newcode.community.service.FollowService.findFolloweeCount].
2024-02-19 14:21:26,060 INFO [http-nio-8080-exec-2] c.n.c.a.ServiceLogAspect [ServiceLogAspect.java:34] 用户[0:0:0:0:0:0:0:1],在[2024-02-19 14:21:26]，访问了[com.newcode.community.service.FollowService.findFollowerCount].
2024-02-19 14:21:26,061 INFO [http-nio-8080-exec-2] c.n.c.a.ServiceLogAspect [ServiceLogAspect.java:34] 用户[0:0:0:0:0:0:0:1],在[2024-02-19 14:21:26]，访问了[com.newcode.community.service.FollowService.hasFollowed].
2024-02-19 14:21:49,340 INFO [Thread-13] o.s.s.c.ThreadPoolTaskExecutor [ExecutorConfigurationSupport.java:208] Shutting down ExecutorService 'applicationTaskExecutor'
2024-02-19 14:21:50,497 INFO [Thread-13] c.z.h.HikariDataSource [HikariDataSource.java:350] HikariPool-1 - Shutdown initiated...
2024-02-19 14:21:50,501 INFO [Thread-13] c.z.h.HikariDataSource [HikariDataSource.java:352] HikariPool-1 - Shutdown completed.
