2024-02-20 14:23:06,179 WARN [http-nio-8080-exec-2] o.s.w.s.m.m.a.ExceptionHandlerExceptionResolver [AbstractHandlerExceptionResolver.java:198] Resolved [org.springframework.web.method.annotation.MethodArgumentTypeMismatchException: Failed to convert value of type 'java.lang.String' to required type 'int'; nested exception is java.lang.NumberFormatException: For input string: "profile.html"]
2024-02-20 14:23:29,536 WARN [http-nio-8080-exec-5] o.s.w.s.m.m.a.ExceptionHandlerExceptionResolver [AbstractHandlerExceptionResolver.java:198] Resolved [org.springframework.web.method.annotation.MethodArgumentTypeMismatchException: Failed to convert value of type 'java.lang.String' to required type 'int'; nested exception is java.lang.NumberFormatException: For input string: "profile.html"]
2024-02-20 14:24:28,958 WARN [http-nio-8080-exec-1] o.s.w.s.m.m.a.ExceptionHandlerExceptionResolver [AbstractHandlerExceptionResolver.java:198] Resolved [org.springframework.web.method.annotation.MethodArgumentTypeMismatchException: Failed to convert value of type 'java.lang.String' to required type 'int'; nested exception is java.lang.NumberFormatException: For input string: "profile.html"]
2024-02-20 14:25:22,348 WARN [http-nio-8080-exec-9] o.s.w.s.m.m.a.ExceptionHandlerExceptionResolver [AbstractHandlerExceptionResolver.java:198] Resolved [org.springframework.web.method.annotation.MethodArgumentTypeMismatchException: Failed to convert value of type 'java.lang.String' to required type 'int'; nested exception is java.lang.NumberFormatException: For input string: "profile.html"]
2024-02-20 14:25:30,248 WARN [http-nio-8080-exec-7] o.s.w.s.m.m.a.ExceptionHandlerExceptionResolver [AbstractHandlerExceptionResolver.java:198] Resolved [org.springframework.web.method.annotation.MethodArgumentTypeMismatchException: Failed to convert value of type 'java.lang.String' to required type 'int'; nested exception is java.lang.NumberFormatException: For input string: "profile.html"]
2024-02-20 14:25:50,479 WARN [http-nio-8080-exec-7] o.s.w.s.m.m.a.ExceptionHandlerExceptionResolver [AbstractHandlerExceptionResolver.java:198] Resolved [java.lang.NumberFormatException: For input string: "profile.html"]
2024-02-20 14:26:08,023 WARN [http-nio-8080-exec-7] o.s.w.s.m.m.a.ExceptionHandlerExceptionResolver [AbstractHandlerExceptionResolver.java:198] Resolved [org.springframework.web.method.annotation.MethodArgumentTypeMismatchException: Failed to convert value of type 'java.lang.String' to required type 'int'; nested exception is java.lang.NumberFormatException: For input string: "profile.html"]
2024-02-20 14:26:20,353 WARN [http-nio-8080-exec-9] o.s.w.s.m.m.a.ExceptionHandlerExceptionResolver [AbstractHandlerExceptionResolver.java:198] Resolved [org.springframework.web.method.annotation.MethodArgumentTypeMismatchException: Failed to convert value of type 'java.lang.String' to required type 'int'; nested exception is java.lang.NumberFormatException: For input string: "profile.html"]
2024-02-20 14:26:33,083 WARN [http-nio-8080-exec-7] o.s.w.s.m.m.a.ExceptionHandlerExceptionResolver [AbstractHandlerExceptionResolver.java:198] Resolved [org.springframework.web.method.annotation.MethodArgumentTypeMismatchException: Failed to convert value of type 'java.lang.String' to required type 'int'; nested exception is java.lang.NumberFormatException: For input string: "profile.html"]
2024-02-20 14:54:24,613 WARN [http-nio-8080-exec-10] o.s.w.s.m.m.a.ExceptionHandlerExceptionResolver [AbstractHandlerExceptionResolver.java:198] Resolved [org.springframework.web.method.annotation.MethodArgumentTypeMismatchException: Failed to convert value of type 'java.lang.String' to required type 'int'; nested exception is java.lang.NumberFormatException: For input string: "profile.html"]
2024-02-20 14:59:36,212 WARN [restartedMain] o.s.b.w.s.c.AnnotationConfigServletWebServerApplicationContext [AbstractApplicationContext.java:557] Exception encountered during context initialization - cancelling refresh attempt: org.springframework.beans.factory.UnsatisfiedDependencyException: Error creating bean with name 'webMvcConfig': Unsatisfied dependency expressed through field 'loginTicketInterceptor'; nested exception is org.springframework.beans.factory.BeanCreationException: Error creating bean with name 'loginTicketInterceptor' defined in file [D:\findwork project\community\target\classes\com\newcode\community\controller\interceptor\LoginTicketInterceptor.class]: Post-processing of merged bean definition failed; nested exception is java.lang.IllegalStateException: Failed to introspect Class [com.newcode.community.controller.interceptor.LoginTicketInterceptor] from ClassLoader [org.springframework.boot.devtools.restart.classloader.RestartClassLoader@5387f77f]
2024-02-20 16:07:46,981 WARN [main] o.s.w.c.s.GenericWebApplicationContext [AbstractApplicationContext.java:557] Exception encountered during context initialization - cancelling refresh attempt: org.springframework.context.ApplicationContextException: Failed to start bean 'org.springframework.kafka.config.internalKafkaListenerEndpointRegistry'; nested exception is org.apache.kafka.common.KafkaException: Failed to construct kafka consumer
2024-02-20 16:08:27,009 WARN [main] o.s.w.c.s.GenericWebApplicationContext [AbstractApplicationContext.java:557] Exception encountered during context initialization - cancelling refresh attempt: org.springframework.context.ApplicationContextException: Failed to start bean 'org.springframework.kafka.config.internalKafkaListenerEndpointRegistry'; nested exception is org.apache.kafka.common.KafkaException: Failed to construct kafka consumer
2024-02-20 16:13:10,577 WARN [main] o.a.k.c.NetworkClient [NetworkClient.java:671] [Consumer clientId=consumer-1, groupId=community-consumer-group] Connection to node -1 could not be established. Broker may not be available.
2024-02-20 16:13:12,702 WARN [main] o.a.k.c.NetworkClient [NetworkClient.java:671] [Consumer clientId=consumer-1, groupId=community-consumer-group] Connection to node -1 could not be established. Broker may not be available.
2024-02-20 16:13:14,829 WARN [main] o.a.k.c.NetworkClient [NetworkClient.java:671] [Consumer clientId=consumer-1, groupId=community-consumer-group] Connection to node -1 could not be established. Broker may not be available.
2024-02-20 16:13:17,171 WARN [main] o.a.k.c.NetworkClient [NetworkClient.java:671] [Consumer clientId=consumer-1, groupId=community-consumer-group] Connection to node -1 could not be established. Broker may not be available.
2024-02-20 16:13:19,625 WARN [main] o.a.k.c.NetworkClient [NetworkClient.java:671] [Consumer clientId=consumer-1, groupId=community-consumer-group] Connection to node -1 could not be established. Broker may not be available.
2024-02-20 16:13:22,429 WARN [main] o.a.k.c.NetworkClient [NetworkClient.java:671] [Consumer clientId=consumer-1, groupId=community-consumer-group] Connection to node -1 could not be established. Broker may not be available.
2024-02-20 16:13:25,445 WARN [main] o.a.k.c.NetworkClient [NetworkClient.java:671] [Consumer clientId=consumer-1, groupId=community-consumer-group] Connection to node -1 could not be established. Broker may not be available.
2024-02-20 16:13:28,463 WARN [main] o.a.k.c.NetworkClient [NetworkClient.java:671] [Consumer clientId=consumer-1, groupId=community-consumer-group] Connection to node -1 could not be established. Broker may not be available.
2024-02-20 16:13:31,474 WARN [main] o.a.k.c.NetworkClient [NetworkClient.java:671] [Consumer clientId=consumer-1, groupId=community-consumer-group] Connection to node -1 could not be established. Broker may not be available.
2024-02-20 16:13:34,584 WARN [main] o.a.k.c.NetworkClient [NetworkClient.java:671] [Consumer clientId=consumer-1, groupId=community-consumer-group] Connection to node -1 could not be established. Broker may not be available.
2024-02-20 16:13:37,715 WARN [main] o.a.k.c.NetworkClient [NetworkClient.java:671] [Consumer clientId=consumer-1, groupId=community-consumer-group] Connection to node -1 could not be established. Broker may not be available.
2024-02-20 16:13:40,944 WARN [main] o.a.k.c.NetworkClient [NetworkClient.java:671] [Consumer clientId=consumer-1, groupId=community-consumer-group] Connection to node -1 could not be established. Broker may not be available.
2024-02-20 16:13:43,846 WARN [main] o.a.k.c.NetworkClient [NetworkClient.java:671] [Consumer clientId=consumer-1, groupId=community-consumer-group] Connection to node -1 could not be established. Broker may not be available.
2024-02-20 16:13:46,869 WARN [main] o.a.k.c.NetworkClient [NetworkClient.java:671] [Consumer clientId=consumer-1, groupId=community-consumer-group] Connection to node -1 could not be established. Broker may not be available.
2024-02-20 16:13:50,091 WARN [main] o.a.k.c.NetworkClient [NetworkClient.java:671] [Consumer clientId=consumer-1, groupId=community-consumer-group] Connection to node -1 could not be established. Broker may not be available.
2024-02-20 16:13:53,220 WARN [main] o.a.k.c.NetworkClient [NetworkClient.java:671] [Consumer clientId=consumer-1, groupId=community-consumer-group] Connection to node -1 could not be established. Broker may not be available.
2024-02-20 16:13:56,336 WARN [main] o.a.k.c.NetworkClient [NetworkClient.java:671] [Consumer clientId=consumer-1, groupId=community-consumer-group] Connection to node -1 could not be established. Broker may not be available.
2024-02-20 16:13:59,226 WARN [main] o.a.k.c.NetworkClient [NetworkClient.java:671] [Consumer clientId=consumer-1, groupId=community-consumer-group] Connection to node -1 could not be established. Broker may not be available.
2024-02-20 16:14:02,230 WARN [main] o.a.k.c.NetworkClient [NetworkClient.java:671] [Consumer clientId=consumer-1, groupId=community-consumer-group] Connection to node -1 could not be established. Broker may not be available.
2024-02-20 16:14:05,243 WARN [main] o.a.k.c.NetworkClient [NetworkClient.java:671] [Consumer clientId=consumer-1, groupId=community-consumer-group] Connection to node -1 could not be established. Broker may not be available.
2024-02-20 16:15:06,411 WARN [main] o.a.k.c.NetworkClient [NetworkClient.java:671] [Consumer clientId=consumer-1, groupId=community-consumer-group] Connection to node -1 could not be established. Broker may not be available.
2024-02-20 16:15:08,564 WARN [main] o.a.k.c.NetworkClient [NetworkClient.java:671] [Consumer clientId=consumer-1, groupId=community-consumer-group] Connection to node -1 could not be established. Broker may not be available.
2024-02-20 16:15:10,710 WARN [main] o.a.k.c.NetworkClient [NetworkClient.java:671] [Consumer clientId=consumer-1, groupId=community-consumer-group] Connection to node -1 could not be established. Broker may not be available.
2024-02-20 16:15:12,943 WARN [main] o.a.k.c.NetworkClient [NetworkClient.java:671] [Consumer clientId=consumer-1, groupId=community-consumer-group] Connection to node -1 could not be established. Broker may not be available.
2024-02-20 16:15:15,401 WARN [main] o.a.k.c.NetworkClient [NetworkClient.java:671] [Consumer clientId=consumer-1, groupId=community-consumer-group] Connection to node -1 could not be established. Broker may not be available.
2024-02-20 16:15:18,415 WARN [main] o.a.k.c.NetworkClient [NetworkClient.java:671] [Consumer clientId=consumer-1, groupId=community-consumer-group] Connection to node -1 could not be established. Broker may not be available.
2024-02-20 16:15:21,547 WARN [main] o.a.k.c.NetworkClient [NetworkClient.java:671] [Consumer clientId=consumer-1, groupId=community-consumer-group] Connection to node -1 could not be established. Broker may not be available.
2024-02-20 16:15:24,787 WARN [main] o.a.k.c.NetworkClient [NetworkClient.java:671] [Consumer clientId=consumer-1, groupId=community-consumer-group] Connection to node -1 could not be established. Broker may not be available.
2024-02-20 16:15:27,796 WARN [main] o.a.k.c.NetworkClient [NetworkClient.java:671] [Consumer clientId=consumer-1, groupId=community-consumer-group] Connection to node -1 could not be established. Broker may not be available.
2024-02-20 16:15:39,401 WARN [main] o.a.k.c.NetworkClient [NetworkClient.java:671] [Consumer clientId=consumer-1, groupId=community-consumer-group] Connection to node -1 could not be established. Broker may not be available.
2024-02-20 16:15:41,517 WARN [main] o.a.k.c.NetworkClient [NetworkClient.java:671] [Consumer clientId=consumer-1, groupId=community-consumer-group] Connection to node -1 could not be established. Broker may not be available.
2024-02-20 16:15:43,757 WARN [main] o.a.k.c.NetworkClient [NetworkClient.java:671] [Consumer clientId=consumer-1, groupId=community-consumer-group] Connection to node -1 could not be established. Broker may not be available.
2024-02-20 16:15:46,131 WARN [main] o.a.k.c.NetworkClient [NetworkClient.java:671] [Consumer clientId=consumer-1, groupId=community-consumer-group] Connection to node -1 could not be established. Broker may not be available.
2024-02-20 16:15:48,587 WARN [main] o.a.k.c.NetworkClient [NetworkClient.java:671] [Consumer clientId=consumer-1, groupId=community-consumer-group] Connection to node -1 could not be established. Broker may not be available.
2024-02-20 16:15:51,506 WARN [main] o.a.k.c.NetworkClient [NetworkClient.java:671] [Consumer clientId=consumer-1, groupId=community-consumer-group] Connection to node -1 could not be established. Broker may not be available.
2024-02-20 16:15:54,525 WARN [main] o.a.k.c.NetworkClient [NetworkClient.java:671] [Consumer clientId=consumer-1, groupId=community-consumer-group] Connection to node -1 could not be established. Broker may not be available.
2024-02-20 16:15:57,440 WARN [main] o.a.k.c.NetworkClient [NetworkClient.java:671] [Consumer clientId=consumer-1, groupId=community-consumer-group] Connection to node -1 could not be established. Broker may not be available.
2024-02-20 16:16:00,461 WARN [main] o.a.k.c.NetworkClient [NetworkClient.java:671] [Consumer clientId=consumer-1, groupId=community-consumer-group] Connection to node -1 could not be established. Broker may not be available.
2024-02-20 16:16:03,365 WARN [main] o.a.k.c.NetworkClient [NetworkClient.java:671] [Consumer clientId=consumer-1, groupId=community-consumer-group] Connection to node -1 could not be established. Broker may not be available.
2024-02-20 16:16:06,253 WARN [main] o.a.k.c.NetworkClient [NetworkClient.java:671] [Consumer clientId=consumer-1, groupId=community-consumer-group] Connection to node -1 could not be established. Broker may not be available.
2024-02-20 16:16:09,500 WARN [main] o.a.k.c.NetworkClient [NetworkClient.java:671] [Consumer clientId=consumer-1, groupId=community-consumer-group] Connection to node -1 could not be established. Broker may not be available.
2024-02-20 16:16:12,415 WARN [main] o.a.k.c.NetworkClient [NetworkClient.java:671] [Consumer clientId=consumer-1, groupId=community-consumer-group] Connection to node -1 could not be established. Broker may not be available.
2024-02-20 16:16:15,430 WARN [main] o.a.k.c.NetworkClient [NetworkClient.java:671] [Consumer clientId=consumer-1, groupId=community-consumer-group] Connection to node -1 could not be established. Broker may not be available.
2024-02-20 16:16:18,332 WARN [main] o.a.k.c.NetworkClient [NetworkClient.java:671] [Consumer clientId=consumer-1, groupId=community-consumer-group] Connection to node -1 could not be established. Broker may not be available.
2024-02-20 16:16:21,448 WARN [main] o.a.k.c.NetworkClient [NetworkClient.java:671] [Consumer clientId=consumer-1, groupId=community-consumer-group] Connection to node -1 could not be established. Broker may not be available.
2024-02-20 16:16:24,355 WARN [main] o.a.k.c.NetworkClient [NetworkClient.java:671] [Consumer clientId=consumer-1, groupId=community-consumer-group] Connection to node -1 could not be established. Broker may not be available.
2024-02-20 16:16:27,267 WARN [main] o.a.k.c.NetworkClient [NetworkClient.java:671] [Consumer clientId=consumer-1, groupId=community-consumer-group] Connection to node -1 could not be established. Broker may not be available.
2024-02-20 16:16:30,154 WARN [main] o.a.k.c.NetworkClient [NetworkClient.java:671] [Consumer clientId=consumer-1, groupId=community-consumer-group] Connection to node -1 could not be established. Broker may not be available.
2024-02-20 16:16:33,177 WARN [main] o.a.k.c.NetworkClient [NetworkClient.java:671] [Consumer clientId=consumer-1, groupId=community-consumer-group] Connection to node -1 could not be established. Broker may not be available.
2024-02-20 16:16:36,185 WARN [main] o.a.k.c.NetworkClient [NetworkClient.java:671] [Consumer clientId=consumer-1, groupId=community-consumer-group] Connection to node -1 could not be established. Broker may not be available.
2024-02-20 16:16:37,400 WARN [main] o.s.w.c.s.GenericWebApplicationContext [AbstractApplicationContext.java:557] Exception encountered during context initialization - cancelling refresh attempt: org.springframework.context.ApplicationContextException: Failed to start bean 'org.springframework.kafka.config.internalKafkaListenerEndpointRegistry'; nested exception is org.apache.kafka.common.errors.TimeoutException: Timeout expired while fetching topic metadata
2024-02-20 16:18:22,430 WARN [main] o.a.k.c.NetworkClient [NetworkClient.java:671] [Consumer clientId=consumer-1, groupId=community-consumer-group] Connection to node -1 could not be established. Broker may not be available.
2024-02-20 16:18:24,562 WARN [main] o.a.k.c.NetworkClient [NetworkClient.java:671] [Consumer clientId=consumer-1, groupId=community-consumer-group] Connection to node -1 could not be established. Broker may not be available.
2024-02-20 16:18:26,806 WARN [main] o.a.k.c.NetworkClient [NetworkClient.java:671] [Consumer clientId=consumer-1, groupId=community-consumer-group] Connection to node -1 could not be established. Broker may not be available.
