2024-02-04 15:26:52,914 WARN [restartedMain] o.m.s.m.ClassPathMapperScanner [Logger.java:44] No MyBatis mapper was found in '[com.newcode.community]' package. Please check your configuration.
2024-02-04 15:46:24,993 WARN [restartedMain] o.s.b.w.s.c.AnnotationConfigServletWebServerApplicationContext [AbstractApplicationContext.java:557] Exception encountered during context initialization - cancelling refresh attempt: org.springframework.beans.factory.BeanCreationException: Error creating bean with name 'homeController' defined in file [D:\findwork project\community\target\classes\com\newcode\community\controller\HomeController.class]: Post-processing of merged bean definition failed; nested exception is java.lang.IllegalStateException: Failed to introspect Class [com.newcode.community.controller.HomeController] from ClassLoader [org.springframework.boot.devtools.restart.classloader.RestartClassLoader@58a0739e]
2024-02-04 16:51:19,187 WARN [restartedMain] o.s.b.w.s.c.AnnotationConfigServletWebServerApplicationContext [AbstractApplicationContext.java:557] Exception encountered during context initialization - cancelling refresh attempt: org.springframework.beans.factory.UnsatisfiedDependencyException: Error creating bean with name 'homeController': Unsatisfied dependency expressed through field 'userService'; nested exception is org.springframework.beans.factory.BeanCreationException: Error creating bean with name 'userService': Injection of autowired dependencies failed; nested exception is java.lang.IllegalArgumentException: Could not resolve placeholder 'server.servlet.contex-path' in value "${server.servlet.contex-path}"
2024-02-04 21:32:26,701 WARN [restartedMain] o.s.b.w.s.c.AnnotationConfigServletWebServerApplicationContext [AbstractApplicationContext.java:557] Exception encountered during context initialization - cancelling refresh attempt: org.springframework.beans.factory.BeanCreationException: Error creating bean with name 'requestMappingHandlerMapping' defined in class path resource [org/springframework/boot/autoconfigure/web/servlet/WebMvcAutoConfiguration$EnableWebMvcConfiguration.class]: Invocation of init method failed; nested exception is java.lang.IllegalStateException: Ambiguous mapping. Cannot map 'alphaController' method 
public java.lang.String com.newcode.community.controller.AlphaController.setCookie(javax.servlet.http.HttpServletResponse)
to {GET /alpha/cookie/set}: There is already 'alphaController' bean method
public java.lang.String com.newcode.community.controller.AlphaController.getCookie() mapped.
2024-02-04 21:35:33,989 WARN [http-nio-8080-exec-1] o.s.w.s.m.s.DefaultHandlerExceptionResolver [AbstractHandlerExceptionResolver.java:198] Resolved [org.springframework.web.bind.MissingRequestCookieException: Missing cookie 'code' for method parameter of type String]
2024-02-04 21:36:12,107 WARN [http-nio-8080-exec-2] o.s.w.s.m.s.DefaultHandlerExceptionResolver [AbstractHandlerExceptionResolver.java:198] Resolved [org.springframework.web.bind.MissingRequestCookieException: Missing cookie 'code' for method parameter of type String]
2024-02-04 21:36:47,613 WARN [http-nio-8080-exec-3] o.s.w.s.m.s.DefaultHandlerExceptionResolver [AbstractHandlerExceptionResolver.java:198] Resolved [org.springframework.web.bind.MissingRequestCookieException: Missing cookie 'code' for method parameter of type String]
2024-02-04 21:36:48,437 WARN [http-nio-8080-exec-4] o.s.w.s.m.s.DefaultHandlerExceptionResolver [AbstractHandlerExceptionResolver.java:198] Resolved [org.springframework.web.bind.MissingRequestCookieException: Missing cookie 'code' for method parameter of type String]
2024-02-04 21:36:48,702 WARN [http-nio-8080-exec-5] o.s.w.s.m.s.DefaultHandlerExceptionResolver [AbstractHandlerExceptionResolver.java:198] Resolved [org.springframework.web.bind.MissingRequestCookieException: Missing cookie 'code' for method parameter of type String]
2024-02-04 21:36:48,950 WARN [http-nio-8080-exec-6] o.s.w.s.m.s.DefaultHandlerExceptionResolver [AbstractHandlerExceptionResolver.java:198] Resolved [org.springframework.web.bind.MissingRequestCookieException: Missing cookie 'code' for method parameter of type String]
2024-02-04 21:36:49,169 WARN [http-nio-8080-exec-7] o.s.w.s.m.s.DefaultHandlerExceptionResolver [AbstractHandlerExceptionResolver.java:198] Resolved [org.springframework.web.bind.MissingRequestCookieException: Missing cookie 'code' for method parameter of type String]
2024-02-04 21:36:49,387 WARN [http-nio-8080-exec-8] o.s.w.s.m.s.DefaultHandlerExceptionResolver [AbstractHandlerExceptionResolver.java:198] Resolved [org.springframework.web.bind.MissingRequestCookieException: Missing cookie 'code' for method parameter of type String]
2024-02-04 21:36:49,601 WARN [http-nio-8080-exec-9] o.s.w.s.m.s.DefaultHandlerExceptionResolver [AbstractHandlerExceptionResolver.java:198] Resolved [org.springframework.web.bind.MissingRequestCookieException: Missing cookie 'code' for method parameter of type String]
2024-02-04 21:36:49,810 WARN [http-nio-8080-exec-10] o.s.w.s.m.s.DefaultHandlerExceptionResolver [AbstractHandlerExceptionResolver.java:198] Resolved [org.springframework.web.bind.MissingRequestCookieException: Missing cookie 'code' for method parameter of type String]
2024-02-04 21:37:55,973 WARN [http-nio-8080-exec-1] o.s.w.s.m.s.DefaultHandlerExceptionResolver [AbstractHandlerExceptionResolver.java:198] Resolved [org.springframework.web.bind.MissingRequestCookieException: Missing cookie 'code' for method parameter of type String]
2024-02-04 21:37:57,854 WARN [http-nio-8080-exec-2] o.s.w.s.m.s.DefaultHandlerExceptionResolver [AbstractHandlerExceptionResolver.java:198] Resolved [org.springframework.web.bind.MissingRequestCookieException: Missing cookie 'code' for method parameter of type String]
2024-02-04 21:38:30,580 WARN [http-nio-8080-exec-10] o.s.w.s.m.s.DefaultHandlerExceptionResolver [AbstractHandlerExceptionResolver.java:198] Resolved [org.springframework.web.bind.MissingRequestCookieException: Missing cookie 'code' for method parameter of type String]
2024-02-04 21:39:26,496 WARN [http-nio-8080-exec-1] o.s.w.s.m.s.DefaultHandlerExceptionResolver [AbstractHandlerExceptionResolver.java:198] Resolved [org.springframework.web.bind.MissingRequestCookieException: Missing cookie 'code' for method parameter of type String]
2024-02-04 21:39:27,265 WARN [http-nio-8080-exec-3] o.s.w.s.m.s.DefaultHandlerExceptionResolver [AbstractHandlerExceptionResolver.java:198] Resolved [org.springframework.web.bind.MissingRequestCookieException: Missing cookie 'code' for method parameter of type String]
2024-02-04 21:39:27,575 WARN [http-nio-8080-exec-2] o.s.w.s.m.s.DefaultHandlerExceptionResolver [AbstractHandlerExceptionResolver.java:198] Resolved [org.springframework.web.bind.MissingRequestCookieException: Missing cookie 'code' for method parameter of type String]
2024-02-04 21:39:44,552 WARN [http-nio-8080-exec-4] o.s.w.s.m.s.DefaultHandlerExceptionResolver [AbstractHandlerExceptionResolver.java:198] Resolved [org.springframework.web.bind.MissingRequestCookieException: Missing cookie 'code' for method parameter of type String]
