2024-02-17 16:47:35,117 ERROR [http-nio-8080-exec-4] o.a.c.c.C.[.[.[.[dispatcherServlet] [DirectJDKLog.java:175] Servlet.service() for servlet [dispatcherServlet] in context with path [/community] threw exception [Request processing failed; nested exception is java.lang.NumberFormatException: For input string: "abc"] with root cause
java.lang.NumberFormatException: For input string: "abc"
	at java.lang.NumberFormatException.forInputString(NumberFormatException.java:65)
	at java.lang.Integer.parseInt(Integer.java:580)
	at java.lang.Integer.valueOf(Integer.java:766)
	at com.newcode.community.controller.MessageController.getLetterList(MessageController.java:31)
	at sun.reflect.NativeMethodAccessorImpl.invoke0(Native Method)
	at sun.reflect.NativeMethodAccessorImpl.invoke(NativeMethodAccessorImpl.java:62)
	at sun.reflect.DelegatingMethodAccessorImpl.invoke(DelegatingMethodAccessorImpl.java:43)
	at java.lang.reflect.Method.invoke(Method.java:498)
	at org.springframework.web.method.support.InvocableHandlerMethod.doInvoke(InvocableHandlerMethod.java:190)
	at org.springframework.web.method.support.InvocableHandlerMethod.invokeForRequest(InvocableHandlerMethod.java:138)
	at org.springframework.web.servlet.mvc.method.annotation.ServletInvocableHandlerMethod.invokeAndHandle(ServletInvocableHandlerMethod.java:104)
	at org.springframework.web.servlet.mvc.method.annotation.RequestMappingHandlerAdapter.invokeHandlerMethod(RequestMappingHandlerAdapter.java:892)
	at org.springframework.web.servlet.mvc.method.annotation.RequestMappingHandlerAdapter.handleInternal(RequestMappingHandlerAdapter.java:797)
	at org.springframework.web.servlet.mvc.method.AbstractHandlerMethodAdapter.handle(AbstractHandlerMethodAdapter.java:87)
	at org.springframework.web.servlet.DispatcherServlet.doDispatch(DispatcherServlet.java:1039)
	at org.springframework.web.servlet.DispatcherServlet.doService(DispatcherServlet.java:942)
	at org.springframework.web.servlet.FrameworkServlet.processRequest(FrameworkServlet.java:1005)
	at org.springframework.web.servlet.FrameworkServlet.doGet(FrameworkServlet.java:897)
	at javax.servlet.http.HttpServlet.service(HttpServlet.java:634)
	at org.springframework.web.servlet.FrameworkServlet.service(FrameworkServlet.java:882)
	at javax.servlet.http.HttpServlet.service(HttpServlet.java:741)
	at org.apache.catalina.core.ApplicationFilterChain.internalDoFilter(ApplicationFilterChain.java:231)
	at org.apache.catalina.core.ApplicationFilterChain.doFilter(ApplicationFilterChain.java:166)
	at org.apache.tomcat.websocket.server.WsFilter.doFilter(WsFilter.java:53)
	at org.apache.catalina.core.ApplicationFilterChain.internalDoFilter(ApplicationFilterChain.java:193)
	at org.apache.catalina.core.ApplicationFilterChain.doFilter(ApplicationFilterChain.java:166)
	at org.springframework.web.filter.RequestContextFilter.doFilterInternal(RequestContextFilter.java:99)
	at org.springframework.web.filter.OncePerRequestFilter.doFilter(OncePerRequestFilter.java:107)
	at org.apache.catalina.core.ApplicationFilterChain.internalDoFilter(ApplicationFilterChain.java:193)
	at org.apache.catalina.core.ApplicationFilterChain.doFilter(ApplicationFilterChain.java:166)
	at org.springframework.web.filter.FormContentFilter.doFilterInternal(FormContentFilter.java:92)
	at org.springframework.web.filter.OncePerRequestFilter.doFilter(OncePerRequestFilter.java:107)
	at org.apache.catalina.core.ApplicationFilterChain.internalDoFilter(ApplicationFilterChain.java:193)
	at org.apache.catalina.core.ApplicationFilterChain.doFilter(ApplicationFilterChain.java:166)
	at org.springframework.web.filter.HiddenHttpMethodFilter.doFilterInternal(HiddenHttpMethodFilter.java:93)
	at org.springframework.web.filter.OncePerRequestFilter.doFilter(OncePerRequestFilter.java:107)
	at org.apache.catalina.core.ApplicationFilterChain.internalDoFilter(ApplicationFilterChain.java:193)
	at org.apache.catalina.core.ApplicationFilterChain.doFilter(ApplicationFilterChain.java:166)
	at org.springframework.web.filter.CharacterEncodingFilter.doFilterInternal(CharacterEncodingFilter.java:200)
	at org.springframework.web.filter.OncePerRequestFilter.doFilter(OncePerRequestFilter.java:107)
	at org.apache.catalina.core.ApplicationFilterChain.internalDoFilter(ApplicationFilterChain.java:193)
	at org.apache.catalina.core.ApplicationFilterChain.doFilter(ApplicationFilterChain.java:166)
	at org.apache.catalina.core.StandardWrapperValve.invoke(StandardWrapperValve.java:200)
	at org.apache.catalina.core.StandardContextValve.invoke(StandardContextValve.java:96)
	at org.apache.catalina.authenticator.AuthenticatorBase.invoke(AuthenticatorBase.java:490)
	at org.apache.catalina.core.StandardHostValve.invoke(StandardHostValve.java:139)
	at org.apache.catalina.valves.ErrorReportValve.invoke(ErrorReportValve.java:92)
	at org.apache.catalina.core.StandardEngineValve.invoke(StandardEngineValve.java:74)
	at org.apache.catalina.connector.CoyoteAdapter.service(CoyoteAdapter.java:343)
	at org.apache.coyote.http11.Http11Processor.service(Http11Processor.java:408)
	at org.apache.coyote.AbstractProcessorLight.process(AbstractProcessorLight.java:66)
	at org.apache.coyote.AbstractProtocol$ConnectionHandler.process(AbstractProtocol.java:836)
	at org.apache.tomcat.util.net.NioEndpoint$SocketProcessor.doRun(NioEndpoint.java:1747)
	at org.apache.tomcat.util.net.SocketProcessorBase.run(SocketProcessorBase.java:49)
	at java.util.concurrent.ThreadPoolExecutor.runWorker(ThreadPoolExecutor.java:1149)
	at java.util.concurrent.ThreadPoolExecutor$Worker.run(ThreadPoolExecutor.java:624)
	at org.apache.tomcat.util.threads.TaskThread$WrappingRunnable.run(TaskThread.java:61)
	at java.lang.Thread.run(Thread.java:750)
2024-02-17 17:06:12,147 ERROR [restartedMain] o.s.b.SpringApplication [SpringApplication.java:858] Application run failed
org.springframework.beans.factory.BeanCreationException: Error creating bean with name 'sqlSessionFactory' defined in class path resource [org/mybatis/spring/boot/autoconfigure/MybatisAutoConfiguration.class]: Bean instantiation via factory method failed; nested exception is org.springframework.beans.BeanInstantiationException: Failed to instantiate [org.apache.ibatis.session.SqlSessionFactory]: Factory method 'sqlSessionFactory' threw exception; nested exception is java.io.IOException: Failed to parse mapping resource: 'file [D:\findwork project\community\target\classes\mapper\comment-mapper.xml]'
	at org.springframework.beans.factory.support.ConstructorResolver.instantiate(ConstructorResolver.java:627)
	at org.springframework.beans.factory.support.ConstructorResolver.instantiateUsingFactoryMethod(ConstructorResolver.java:607)
	at org.springframework.beans.factory.support.AbstractAutowireCapableBeanFactory.instantiateUsingFactoryMethod(AbstractAutowireCapableBeanFactory.java:1321)
	at org.springframework.beans.factory.support.AbstractAutowireCapableBeanFactory.createBeanInstance(AbstractAutowireCapableBeanFactory.java:1160)
	at org.springframework.beans.factory.support.AbstractAutowireCapableBeanFactory.doCreateBean(AbstractAutowireCapableBeanFactory.java:555)
	at org.springframework.beans.factory.support.AbstractAutowireCapableBeanFactory.createBean(AbstractAutowireCapableBeanFactory.java:515)
	at org.springframework.beans.factory.support.AbstractBeanFactory.lambda$doGetBean$0(AbstractBeanFactory.java:320)
	at org.springframework.beans.factory.support.DefaultSingletonBeanRegistry.getSingleton(DefaultSingletonBeanRegistry.java:222)
	at org.springframework.beans.factory.support.AbstractBeanFactory.doGetBean(AbstractBeanFactory.java:318)
	at org.springframework.beans.factory.support.AbstractBeanFactory.getBean(AbstractBeanFactory.java:199)
	at org.springframework.beans.factory.support.DefaultListableBeanFactory.preInstantiateSingletons(DefaultListableBeanFactory.java:843)
	at org.springframework.context.support.AbstractApplicationContext.finishBeanFactoryInitialization(AbstractApplicationContext.java:877)
	at org.springframework.context.support.AbstractApplicationContext.refresh(AbstractApplicationContext.java:549)
	at org.springframework.boot.web.servlet.context.ServletWebServerApplicationContext.refresh(ServletWebServerApplicationContext.java:142)
	at org.springframework.boot.SpringApplication.refresh(SpringApplication.java:775)
	at org.springframework.boot.SpringApplication.refreshContext(SpringApplication.java:397)
	at org.springframework.boot.SpringApplication.run(SpringApplication.java:316)
	at org.springframework.boot.SpringApplication.run(SpringApplication.java:1260)
	at org.springframework.boot.SpringApplication.run(SpringApplication.java:1248)
	at com.newcode.community.CommunityApplication.main(CommunityApplication.java:12)
	at sun.reflect.NativeMethodAccessorImpl.invoke0(Native Method)
	at sun.reflect.NativeMethodAccessorImpl.invoke(NativeMethodAccessorImpl.java:62)
	at sun.reflect.DelegatingMethodAccessorImpl.invoke(DelegatingMethodAccessorImpl.java:43)
	at java.lang.reflect.Method.invoke(Method.java:498)
	at org.springframework.boot.devtools.restart.RestartLauncher.run(RestartLauncher.java:49)
Caused by: org.springframework.beans.BeanInstantiationException: Failed to instantiate [org.apache.ibatis.session.SqlSessionFactory]: Factory method 'sqlSessionFactory' threw exception; nested exception is java.io.IOException: Failed to parse mapping resource: 'file [D:\findwork project\community\target\classes\mapper\comment-mapper.xml]'
	at org.springframework.beans.factory.support.SimpleInstantiationStrategy.instantiate(SimpleInstantiationStrategy.java:185)
	at org.springframework.beans.factory.support.ConstructorResolver.instantiate(ConstructorResolver.java:622)
	... 24 common frames omitted
Caused by: java.io.IOException: Failed to parse mapping resource: 'file [D:\findwork project\community\target\classes\mapper\comment-mapper.xml]'
	at org.mybatis.spring.SqlSessionFactoryBean.buildSqlSessionFactory(SqlSessionFactoryBean.java:700)
	at org.mybatis.spring.SqlSessionFactoryBean.afterPropertiesSet(SqlSessionFactoryBean.java:577)
	at org.mybatis.spring.SqlSessionFactoryBean.getObject(SqlSessionFactoryBean.java:720)
	at org.mybatis.spring.boot.autoconfigure.MybatisAutoConfiguration.sqlSessionFactory(MybatisAutoConfiguration.java:187)
	at org.mybatis.spring.boot.autoconfigure.MybatisAutoConfiguration$$EnhancerBySpringCGLIB$$82fcff07.CGLIB$sqlSessionFactory$1(<generated>)
	at org.mybatis.spring.boot.autoconfigure.MybatisAutoConfiguration$$EnhancerBySpringCGLIB$$82fcff07$$FastClassBySpringCGLIB$$90d5e2ac.invoke(<generated>)
	at org.springframework.cglib.proxy.MethodProxy.invokeSuper(MethodProxy.java:244)
	at org.springframework.context.annotation.ConfigurationClassEnhancer$BeanMethodInterceptor.intercept(ConfigurationClassEnhancer.java:363)
	at org.mybatis.spring.boot.autoconfigure.MybatisAutoConfiguration$$EnhancerBySpringCGLIB$$82fcff07.sqlSessionFactory(<generated>)
	at sun.reflect.NativeMethodAccessorImpl.invoke0(Native Method)
	at sun.reflect.NativeMethodAccessorImpl.invoke(NativeMethodAccessorImpl.java:62)
	at sun.reflect.DelegatingMethodAccessorImpl.invoke(DelegatingMethodAccessorImpl.java:43)
	at java.lang.reflect.Method.invoke(Method.java:498)
	at org.springframework.beans.factory.support.SimpleInstantiationStrategy.instantiate(SimpleInstantiationStrategy.java:154)
	... 25 common frames omitted
Caused by: org.apache.ibatis.builder.BuilderException: Error parsing Mapper XML. The XML location is 'file [D:\findwork project\community\target\classes\mapper\comment-mapper.xml]'. Cause: org.apache.ibatis.builder.BuilderException: Error resolving class. Cause: org.apache.ibatis.type.TypeException: Could not resolve type alias 'Comment'.  Cause: java.lang.ClassNotFoundException: Cannot find class: Comment
	at org.apache.ibatis.builder.xml.XMLMapperBuilder.configurationElement(XMLMapperBuilder.java:128)
	at org.apache.ibatis.builder.xml.XMLMapperBuilder.parse(XMLMapperBuilder.java:100)
	at org.mybatis.spring.SqlSessionFactoryBean.buildSqlSessionFactory(SqlSessionFactoryBean.java:698)
	... 38 common frames omitted
Caused by: org.apache.ibatis.builder.BuilderException: Error resolving class. Cause: org.apache.ibatis.type.TypeException: Could not resolve type alias 'Comment'.  Cause: java.lang.ClassNotFoundException: Cannot find class: Comment
	at org.apache.ibatis.builder.BaseBuilder.resolveClass(BaseBuilder.java:118)
	at org.apache.ibatis.builder.xml.XMLStatementBuilder.parseStatementNode(XMLStatementBuilder.java:105)
	at org.apache.ibatis.builder.xml.XMLMapperBuilder.buildStatementFromContext(XMLMapperBuilder.java:144)
	at org.apache.ibatis.builder.xml.XMLMapperBuilder.buildStatementFromContext(XMLMapperBuilder.java:136)
	at org.apache.ibatis.builder.xml.XMLMapperBuilder.configurationElement(XMLMapperBuilder.java:126)
	... 40 common frames omitted
Caused by: org.apache.ibatis.type.TypeException: Could not resolve type alias 'Comment'.  Cause: java.lang.ClassNotFoundException: Cannot find class: Comment
	at org.apache.ibatis.type.TypeAliasRegistry.resolveAlias(TypeAliasRegistry.java:128)
	at org.apache.ibatis.builder.BaseBuilder.resolveAlias(BaseBuilder.java:150)
	at org.apache.ibatis.builder.BaseBuilder.resolveClass(BaseBuilder.java:116)
	... 44 common frames omitted
Caused by: java.lang.ClassNotFoundException: Cannot find class: Comment
	at org.apache.ibatis.io.ClassLoaderWrapper.classForName(ClassLoaderWrapper.java:226)
	at org.apache.ibatis.io.ClassLoaderWrapper.classForName(ClassLoaderWrapper.java:103)
	at org.apache.ibatis.io.Resources.classForName(Resources.java:322)
	at org.apache.ibatis.type.TypeAliasRegistry.resolveAlias(TypeAliasRegistry.java:124)
	... 46 common frames omitted
2024-02-17 17:06:41,036 ERROR [http-nio-8080-exec-7] c.n.c.c.a.ExceptionAdvice [ExceptionAdvice.java:20] 服务器发生异常：For input string: "abc"
2024-02-17 17:06:41,037 ERROR [http-nio-8080-exec-7] c.n.c.c.a.ExceptionAdvice [ExceptionAdvice.java:22] java.lang.NumberFormatException.forInputString(NumberFormatException.java:65)
2024-02-17 17:06:41,037 ERROR [http-nio-8080-exec-7] c.n.c.c.a.ExceptionAdvice [ExceptionAdvice.java:22] java.lang.Integer.parseInt(Integer.java:580)
2024-02-17 17:06:41,037 ERROR [http-nio-8080-exec-7] c.n.c.c.a.ExceptionAdvice [ExceptionAdvice.java:22] java.lang.Integer.valueOf(Integer.java:766)
2024-02-17 17:06:41,037 ERROR [http-nio-8080-exec-7] c.n.c.c.a.ExceptionAdvice [ExceptionAdvice.java:22] com.newcode.community.controller.MessageController.getLetterList(MessageController.java:31)
2024-02-17 17:06:41,037 ERROR [http-nio-8080-exec-7] c.n.c.c.a.ExceptionAdvice [ExceptionAdvice.java:22] sun.reflect.NativeMethodAccessorImpl.invoke0(Native Method)
2024-02-17 17:06:41,037 ERROR [http-nio-8080-exec-7] c.n.c.c.a.ExceptionAdvice [ExceptionAdvice.java:22] sun.reflect.NativeMethodAccessorImpl.invoke(NativeMethodAccessorImpl.java:62)
2024-02-17 17:06:41,037 ERROR [http-nio-8080-exec-7] c.n.c.c.a.ExceptionAdvice [ExceptionAdvice.java:22] sun.reflect.DelegatingMethodAccessorImpl.invoke(DelegatingMethodAccessorImpl.java:43)
2024-02-17 17:06:41,038 ERROR [http-nio-8080-exec-7] c.n.c.c.a.ExceptionAdvice [ExceptionAdvice.java:22] java.lang.reflect.Method.invoke(Method.java:498)
2024-02-17 17:06:41,038 ERROR [http-nio-8080-exec-7] c.n.c.c.a.ExceptionAdvice [ExceptionAdvice.java:22] org.springframework.web.method.support.InvocableHandlerMethod.doInvoke(InvocableHandlerMethod.java:190)
2024-02-17 17:06:41,038 ERROR [http-nio-8080-exec-7] c.n.c.c.a.ExceptionAdvice [ExceptionAdvice.java:22] org.springframework.web.method.support.InvocableHandlerMethod.invokeForRequest(InvocableHandlerMethod.java:138)
2024-02-17 17:06:41,038 ERROR [http-nio-8080-exec-7] c.n.c.c.a.ExceptionAdvice [ExceptionAdvice.java:22] org.springframework.web.servlet.mvc.method.annotation.ServletInvocableHandlerMethod.invokeAndHandle(ServletInvocableHandlerMethod.java:104)
2024-02-17 17:06:41,038 ERROR [http-nio-8080-exec-7] c.n.c.c.a.ExceptionAdvice [ExceptionAdvice.java:22] org.springframework.web.servlet.mvc.method.annotation.RequestMappingHandlerAdapter.invokeHandlerMethod(RequestMappingHandlerAdapter.java:892)
2024-02-17 17:06:41,038 ERROR [http-nio-8080-exec-7] c.n.c.c.a.ExceptionAdvice [ExceptionAdvice.java:22] org.springframework.web.servlet.mvc.method.annotation.RequestMappingHandlerAdapter.handleInternal(RequestMappingHandlerAdapter.java:797)
2024-02-17 17:06:41,038 ERROR [http-nio-8080-exec-7] c.n.c.c.a.ExceptionAdvice [ExceptionAdvice.java:22] org.springframework.web.servlet.mvc.method.AbstractHandlerMethodAdapter.handle(AbstractHandlerMethodAdapter.java:87)
2024-02-17 17:06:41,038 ERROR [http-nio-8080-exec-7] c.n.c.c.a.ExceptionAdvice [ExceptionAdvice.java:22] org.springframework.web.servlet.DispatcherServlet.doDispatch(DispatcherServlet.java:1039)
2024-02-17 17:06:41,039 ERROR [http-nio-8080-exec-7] c.n.c.c.a.ExceptionAdvice [ExceptionAdvice.java:22] org.springframework.web.servlet.DispatcherServlet.doService(DispatcherServlet.java:942)
2024-02-17 17:06:41,039 ERROR [http-nio-8080-exec-7] c.n.c.c.a.ExceptionAdvice [ExceptionAdvice.java:22] org.springframework.web.servlet.FrameworkServlet.processRequest(FrameworkServlet.java:1005)
2024-02-17 17:06:41,039 ERROR [http-nio-8080-exec-7] c.n.c.c.a.ExceptionAdvice [ExceptionAdvice.java:22] org.springframework.web.servlet.FrameworkServlet.doGet(FrameworkServlet.java:897)
2024-02-17 17:06:41,039 ERROR [http-nio-8080-exec-7] c.n.c.c.a.ExceptionAdvice [ExceptionAdvice.java:22] javax.servlet.http.HttpServlet.service(HttpServlet.java:634)
2024-02-17 17:06:41,039 ERROR [http-nio-8080-exec-7] c.n.c.c.a.ExceptionAdvice [ExceptionAdvice.java:22] org.springframework.web.servlet.FrameworkServlet.service(FrameworkServlet.java:882)
2024-02-17 17:06:41,039 ERROR [http-nio-8080-exec-7] c.n.c.c.a.ExceptionAdvice [ExceptionAdvice.java:22] javax.servlet.http.HttpServlet.service(HttpServlet.java:741)
2024-02-17 17:06:41,039 ERROR [http-nio-8080-exec-7] c.n.c.c.a.ExceptionAdvice [ExceptionAdvice.java:22] org.apache.catalina.core.ApplicationFilterChain.internalDoFilter(ApplicationFilterChain.java:231)
2024-02-17 17:06:41,039 ERROR [http-nio-8080-exec-7] c.n.c.c.a.ExceptionAdvice [ExceptionAdvice.java:22] org.apache.catalina.core.ApplicationFilterChain.doFilter(ApplicationFilterChain.java:166)
2024-02-17 17:06:41,039 ERROR [http-nio-8080-exec-7] c.n.c.c.a.ExceptionAdvice [ExceptionAdvice.java:22] org.apache.tomcat.websocket.server.WsFilter.doFilter(WsFilter.java:53)
2024-02-17 17:06:41,039 ERROR [http-nio-8080-exec-7] c.n.c.c.a.ExceptionAdvice [ExceptionAdvice.java:22] org.apache.catalina.core.ApplicationFilterChain.internalDoFilter(ApplicationFilterChain.java:193)
2024-02-17 17:06:41,039 ERROR [http-nio-8080-exec-7] c.n.c.c.a.ExceptionAdvice [ExceptionAdvice.java:22] org.apache.catalina.core.ApplicationFilterChain.doFilter(ApplicationFilterChain.java:166)
2024-02-17 17:06:41,039 ERROR [http-nio-8080-exec-7] c.n.c.c.a.ExceptionAdvice [ExceptionAdvice.java:22] org.springframework.web.filter.RequestContextFilter.doFilterInternal(RequestContextFilter.java:99)
2024-02-17 17:06:41,040 ERROR [http-nio-8080-exec-7] c.n.c.c.a.ExceptionAdvice [ExceptionAdvice.java:22] org.springframework.web.filter.OncePerRequestFilter.doFilter(OncePerRequestFilter.java:107)
2024-02-17 17:06:41,040 ERROR [http-nio-8080-exec-7] c.n.c.c.a.ExceptionAdvice [ExceptionAdvice.java:22] org.apache.catalina.core.ApplicationFilterChain.internalDoFilter(ApplicationFilterChain.java:193)
2024-02-17 17:06:41,040 ERROR [http-nio-8080-exec-7] c.n.c.c.a.ExceptionAdvice [ExceptionAdvice.java:22] org.apache.catalina.core.ApplicationFilterChain.doFilter(ApplicationFilterChain.java:166)
2024-02-17 17:06:41,040 ERROR [http-nio-8080-exec-7] c.n.c.c.a.ExceptionAdvice [ExceptionAdvice.java:22] org.springframework.web.filter.FormContentFilter.doFilterInternal(FormContentFilter.java:92)
2024-02-17 17:06:41,040 ERROR [http-nio-8080-exec-7] c.n.c.c.a.ExceptionAdvice [ExceptionAdvice.java:22] org.springframework.web.filter.OncePerRequestFilter.doFilter(OncePerRequestFilter.java:107)
2024-02-17 17:06:41,040 ERROR [http-nio-8080-exec-7] c.n.c.c.a.ExceptionAdvice [ExceptionAdvice.java:22] org.apache.catalina.core.ApplicationFilterChain.internalDoFilter(ApplicationFilterChain.java:193)
2024-02-17 17:06:41,040 ERROR [http-nio-8080-exec-7] c.n.c.c.a.ExceptionAdvice [ExceptionAdvice.java:22] org.apache.catalina.core.ApplicationFilterChain.doFilter(ApplicationFilterChain.java:166)
2024-02-17 17:06:41,041 ERROR [http-nio-8080-exec-7] c.n.c.c.a.ExceptionAdvice [ExceptionAdvice.java:22] org.springframework.web.filter.HiddenHttpMethodFilter.doFilterInternal(HiddenHttpMethodFilter.java:93)
2024-02-17 17:06:41,041 ERROR [http-nio-8080-exec-7] c.n.c.c.a.ExceptionAdvice [ExceptionAdvice.java:22] org.springframework.web.filter.OncePerRequestFilter.doFilter(OncePerRequestFilter.java:107)
2024-02-17 17:06:41,041 ERROR [http-nio-8080-exec-7] c.n.c.c.a.ExceptionAdvice [ExceptionAdvice.java:22] org.apache.catalina.core.ApplicationFilterChain.internalDoFilter(ApplicationFilterChain.java:193)
2024-02-17 17:06:41,041 ERROR [http-nio-8080-exec-7] c.n.c.c.a.ExceptionAdvice [ExceptionAdvice.java:22] org.apache.catalina.core.ApplicationFilterChain.doFilter(ApplicationFilterChain.java:166)
2024-02-17 17:06:41,041 ERROR [http-nio-8080-exec-7] c.n.c.c.a.ExceptionAdvice [ExceptionAdvice.java:22] org.springframework.web.filter.CharacterEncodingFilter.doFilterInternal(CharacterEncodingFilter.java:200)
2024-02-17 17:06:41,041 ERROR [http-nio-8080-exec-7] c.n.c.c.a.ExceptionAdvice [ExceptionAdvice.java:22] org.springframework.web.filter.OncePerRequestFilter.doFilter(OncePerRequestFilter.java:107)
2024-02-17 17:06:41,041 ERROR [http-nio-8080-exec-7] c.n.c.c.a.ExceptionAdvice [ExceptionAdvice.java:22] org.apache.catalina.core.ApplicationFilterChain.internalDoFilter(ApplicationFilterChain.java:193)
2024-02-17 17:06:41,041 ERROR [http-nio-8080-exec-7] c.n.c.c.a.ExceptionAdvice [ExceptionAdvice.java:22] org.apache.catalina.core.ApplicationFilterChain.doFilter(ApplicationFilterChain.java:166)
2024-02-17 17:06:41,041 ERROR [http-nio-8080-exec-7] c.n.c.c.a.ExceptionAdvice [ExceptionAdvice.java:22] org.apache.catalina.core.StandardWrapperValve.invoke(StandardWrapperValve.java:200)
2024-02-17 17:06:41,041 ERROR [http-nio-8080-exec-7] c.n.c.c.a.ExceptionAdvice [ExceptionAdvice.java:22] org.apache.catalina.core.StandardContextValve.invoke(StandardContextValve.java:96)
2024-02-17 17:06:41,041 ERROR [http-nio-8080-exec-7] c.n.c.c.a.ExceptionAdvice [ExceptionAdvice.java:22] org.apache.catalina.authenticator.AuthenticatorBase.invoke(AuthenticatorBase.java:490)
2024-02-17 17:06:41,041 ERROR [http-nio-8080-exec-7] c.n.c.c.a.ExceptionAdvice [ExceptionAdvice.java:22] org.apache.catalina.core.StandardHostValve.invoke(StandardHostValve.java:139)
2024-02-17 17:06:41,041 ERROR [http-nio-8080-exec-7] c.n.c.c.a.ExceptionAdvice [ExceptionAdvice.java:22] org.apache.catalina.valves.ErrorReportValve.invoke(ErrorReportValve.java:92)
2024-02-17 17:06:41,041 ERROR [http-nio-8080-exec-7] c.n.c.c.a.ExceptionAdvice [ExceptionAdvice.java:22] org.apache.catalina.core.StandardEngineValve.invoke(StandardEngineValve.java:74)
2024-02-17 17:06:41,041 ERROR [http-nio-8080-exec-7] c.n.c.c.a.ExceptionAdvice [ExceptionAdvice.java:22] org.apache.catalina.connector.CoyoteAdapter.service(CoyoteAdapter.java:343)
2024-02-17 17:06:41,042 ERROR [http-nio-8080-exec-7] c.n.c.c.a.ExceptionAdvice [ExceptionAdvice.java:22] org.apache.coyote.http11.Http11Processor.service(Http11Processor.java:408)
2024-02-17 17:06:41,042 ERROR [http-nio-8080-exec-7] c.n.c.c.a.ExceptionAdvice [ExceptionAdvice.java:22] org.apache.coyote.AbstractProcessorLight.process(AbstractProcessorLight.java:66)
2024-02-17 17:06:41,042 ERROR [http-nio-8080-exec-7] c.n.c.c.a.ExceptionAdvice [ExceptionAdvice.java:22] org.apache.coyote.AbstractProtocol$ConnectionHandler.process(AbstractProtocol.java:836)
2024-02-17 17:06:41,042 ERROR [http-nio-8080-exec-7] c.n.c.c.a.ExceptionAdvice [ExceptionAdvice.java:22] org.apache.tomcat.util.net.NioEndpoint$SocketProcessor.doRun(NioEndpoint.java:1747)
2024-02-17 17:06:41,042 ERROR [http-nio-8080-exec-7] c.n.c.c.a.ExceptionAdvice [ExceptionAdvice.java:22] org.apache.tomcat.util.net.SocketProcessorBase.run(SocketProcessorBase.java:49)
2024-02-17 17:06:41,042 ERROR [http-nio-8080-exec-7] c.n.c.c.a.ExceptionAdvice [ExceptionAdvice.java:22] java.util.concurrent.ThreadPoolExecutor.runWorker(ThreadPoolExecutor.java:1149)
2024-02-17 17:06:41,042 ERROR [http-nio-8080-exec-7] c.n.c.c.a.ExceptionAdvice [ExceptionAdvice.java:22] java.util.concurrent.ThreadPoolExecutor$Worker.run(ThreadPoolExecutor.java:624)
2024-02-17 17:06:41,042 ERROR [http-nio-8080-exec-7] c.n.c.c.a.ExceptionAdvice [ExceptionAdvice.java:22] org.apache.tomcat.util.threads.TaskThread$WrappingRunnable.run(TaskThread.java:61)
2024-02-17 17:06:41,042 ERROR [http-nio-8080-exec-7] c.n.c.c.a.ExceptionAdvice [ExceptionAdvice.java:22] java.lang.Thread.run(Thread.java:750)
2024-02-17 17:07:42,056 ERROR [http-nio-8080-exec-2] c.n.c.c.a.ExceptionAdvice [ExceptionAdvice.java:20] 服务器发生异常：For input string: "abc"
2024-02-17 17:07:42,057 ERROR [http-nio-8080-exec-2] c.n.c.c.a.ExceptionAdvice [ExceptionAdvice.java:22] java.lang.NumberFormatException.forInputString(NumberFormatException.java:65)
2024-02-17 17:07:42,057 ERROR [http-nio-8080-exec-2] c.n.c.c.a.ExceptionAdvice [ExceptionAdvice.java:22] java.lang.Integer.parseInt(Integer.java:580)
2024-02-17 17:07:42,057 ERROR [http-nio-8080-exec-2] c.n.c.c.a.ExceptionAdvice [ExceptionAdvice.java:22] java.lang.Integer.valueOf(Integer.java:766)
2024-02-17 17:07:42,057 ERROR [http-nio-8080-exec-2] c.n.c.c.a.ExceptionAdvice [ExceptionAdvice.java:22] com.newcode.community.controller.MessageController.sendLetter(MessageController.java:127)
2024-02-17 17:07:42,057 ERROR [http-nio-8080-exec-2] c.n.c.c.a.ExceptionAdvice [ExceptionAdvice.java:22] sun.reflect.NativeMethodAccessorImpl.invoke0(Native Method)
2024-02-17 17:07:42,058 ERROR [http-nio-8080-exec-2] c.n.c.c.a.ExceptionAdvice [ExceptionAdvice.java:22] sun.reflect.NativeMethodAccessorImpl.invoke(NativeMethodAccessorImpl.java:62)
2024-02-17 17:07:42,058 ERROR [http-nio-8080-exec-2] c.n.c.c.a.ExceptionAdvice [ExceptionAdvice.java:22] sun.reflect.DelegatingMethodAccessorImpl.invoke(DelegatingMethodAccessorImpl.java:43)
2024-02-17 17:07:42,058 ERROR [http-nio-8080-exec-2] c.n.c.c.a.ExceptionAdvice [ExceptionAdvice.java:22] java.lang.reflect.Method.invoke(Method.java:498)
2024-02-17 17:07:42,058 ERROR [http-nio-8080-exec-2] c.n.c.c.a.ExceptionAdvice [ExceptionAdvice.java:22] org.springframework.web.method.support.InvocableHandlerMethod.doInvoke(InvocableHandlerMethod.java:190)
2024-02-17 17:07:42,059 ERROR [http-nio-8080-exec-2] c.n.c.c.a.ExceptionAdvice [ExceptionAdvice.java:22] org.springframework.web.method.support.InvocableHandlerMethod.invokeForRequest(InvocableHandlerMethod.java:138)
2024-02-17 17:07:42,059 ERROR [http-nio-8080-exec-2] c.n.c.c.a.ExceptionAdvice [ExceptionAdvice.java:22] org.springframework.web.servlet.mvc.method.annotation.ServletInvocableHandlerMethod.invokeAndHandle(ServletInvocableHandlerMethod.java:104)
2024-02-17 17:07:42,059 ERROR [http-nio-8080-exec-2] c.n.c.c.a.ExceptionAdvice [ExceptionAdvice.java:22] org.springframework.web.servlet.mvc.method.annotation.RequestMappingHandlerAdapter.invokeHandlerMethod(RequestMappingHandlerAdapter.java:892)
2024-02-17 17:07:42,059 ERROR [http-nio-8080-exec-2] c.n.c.c.a.ExceptionAdvice [ExceptionAdvice.java:22] org.springframework.web.servlet.mvc.method.annotation.RequestMappingHandlerAdapter.handleInternal(RequestMappingHandlerAdapter.java:797)
2024-02-17 17:07:42,059 ERROR [http-nio-8080-exec-2] c.n.c.c.a.ExceptionAdvice [ExceptionAdvice.java:22] org.springframework.web.servlet.mvc.method.AbstractHandlerMethodAdapter.handle(AbstractHandlerMethodAdapter.java:87)
2024-02-17 17:07:42,059 ERROR [http-nio-8080-exec-2] c.n.c.c.a.ExceptionAdvice [ExceptionAdvice.java:22] org.springframework.web.servlet.DispatcherServlet.doDispatch(DispatcherServlet.java:1039)
2024-02-17 17:07:42,060 ERROR [http-nio-8080-exec-2] c.n.c.c.a.ExceptionAdvice [ExceptionAdvice.java:22] org.springframework.web.servlet.DispatcherServlet.doService(DispatcherServlet.java:942)
2024-02-17 17:07:42,060 ERROR [http-nio-8080-exec-2] c.n.c.c.a.ExceptionAdvice [ExceptionAdvice.java:22] org.springframework.web.servlet.FrameworkServlet.processRequest(FrameworkServlet.java:1005)
2024-02-17 17:07:42,060 ERROR [http-nio-8080-exec-2] c.n.c.c.a.ExceptionAdvice [ExceptionAdvice.java:22] org.springframework.web.servlet.FrameworkServlet.doPost(FrameworkServlet.java:908)
2024-02-17 17:07:42,060 ERROR [http-nio-8080-exec-2] c.n.c.c.a.ExceptionAdvice [ExceptionAdvice.java:22] javax.servlet.http.HttpServlet.service(HttpServlet.java:660)
2024-02-17 17:07:42,061 ERROR [http-nio-8080-exec-2] c.n.c.c.a.ExceptionAdvice [ExceptionAdvice.java:22] org.springframework.web.servlet.FrameworkServlet.service(FrameworkServlet.java:882)
2024-02-17 17:07:42,061 ERROR [http-nio-8080-exec-2] c.n.c.c.a.ExceptionAdvice [ExceptionAdvice.java:22] javax.servlet.http.HttpServlet.service(HttpServlet.java:741)
2024-02-17 17:07:42,062 ERROR [http-nio-8080-exec-2] c.n.c.c.a.ExceptionAdvice [ExceptionAdvice.java:22] org.apache.catalina.core.ApplicationFilterChain.internalDoFilter(ApplicationFilterChain.java:231)
2024-02-17 17:07:42,062 ERROR [http-nio-8080-exec-2] c.n.c.c.a.ExceptionAdvice [ExceptionAdvice.java:22] org.apache.catalina.core.ApplicationFilterChain.doFilter(ApplicationFilterChain.java:166)
2024-02-17 17:07:42,062 ERROR [http-nio-8080-exec-2] c.n.c.c.a.ExceptionAdvice [ExceptionAdvice.java:22] org.apache.tomcat.websocket.server.WsFilter.doFilter(WsFilter.java:53)
2024-02-17 17:07:42,063 ERROR [http-nio-8080-exec-2] c.n.c.c.a.ExceptionAdvice [ExceptionAdvice.java:22] org.apache.catalina.core.ApplicationFilterChain.internalDoFilter(ApplicationFilterChain.java:193)
2024-02-17 17:07:42,063 ERROR [http-nio-8080-exec-2] c.n.c.c.a.ExceptionAdvice [ExceptionAdvice.java:22] org.apache.catalina.core.ApplicationFilterChain.doFilter(ApplicationFilterChain.java:166)
2024-02-17 17:07:42,063 ERROR [http-nio-8080-exec-2] c.n.c.c.a.ExceptionAdvice [ExceptionAdvice.java:22] org.springframework.web.filter.RequestContextFilter.doFilterInternal(RequestContextFilter.java:99)
2024-02-17 17:07:42,063 ERROR [http-nio-8080-exec-2] c.n.c.c.a.ExceptionAdvice [ExceptionAdvice.java:22] org.springframework.web.filter.OncePerRequestFilter.doFilter(OncePerRequestFilter.java:107)
2024-02-17 17:07:42,063 ERROR [http-nio-8080-exec-2] c.n.c.c.a.ExceptionAdvice [ExceptionAdvice.java:22] org.apache.catalina.core.ApplicationFilterChain.internalDoFilter(ApplicationFilterChain.java:193)
2024-02-17 17:07:42,063 ERROR [http-nio-8080-exec-2] c.n.c.c.a.ExceptionAdvice [ExceptionAdvice.java:22] org.apache.catalina.core.ApplicationFilterChain.doFilter(ApplicationFilterChain.java:166)
2024-02-17 17:07:42,064 ERROR [http-nio-8080-exec-2] c.n.c.c.a.ExceptionAdvice [ExceptionAdvice.java:22] org.springframework.web.filter.FormContentFilter.doFilterInternal(FormContentFilter.java:92)
2024-02-17 17:07:42,064 ERROR [http-nio-8080-exec-2] c.n.c.c.a.ExceptionAdvice [ExceptionAdvice.java:22] org.springframework.web.filter.OncePerRequestFilter.doFilter(OncePerRequestFilter.java:107)
2024-02-17 17:07:42,064 ERROR [http-nio-8080-exec-2] c.n.c.c.a.ExceptionAdvice [ExceptionAdvice.java:22] org.apache.catalina.core.ApplicationFilterChain.internalDoFilter(ApplicationFilterChain.java:193)
2024-02-17 17:07:42,064 ERROR [http-nio-8080-exec-2] c.n.c.c.a.ExceptionAdvice [ExceptionAdvice.java:22] org.apache.catalina.core.ApplicationFilterChain.doFilter(ApplicationFilterChain.java:166)
2024-02-17 17:07:42,064 ERROR [http-nio-8080-exec-2] c.n.c.c.a.ExceptionAdvice [ExceptionAdvice.java:22] org.springframework.web.filter.HiddenHttpMethodFilter.doFilterInternal(HiddenHttpMethodFilter.java:93)
2024-02-17 17:07:42,064 ERROR [http-nio-8080-exec-2] c.n.c.c.a.ExceptionAdvice [ExceptionAdvice.java:22] org.springframework.web.filter.OncePerRequestFilter.doFilter(OncePerRequestFilter.java:107)
2024-02-17 17:07:42,064 ERROR [http-nio-8080-exec-2] c.n.c.c.a.ExceptionAdvice [ExceptionAdvice.java:22] org.apache.catalina.core.ApplicationFilterChain.internalDoFilter(ApplicationFilterChain.java:193)
2024-02-17 17:07:42,064 ERROR [http-nio-8080-exec-2] c.n.c.c.a.ExceptionAdvice [ExceptionAdvice.java:22] org.apache.catalina.core.ApplicationFilterChain.doFilter(ApplicationFilterChain.java:166)
2024-02-17 17:07:42,065 ERROR [http-nio-8080-exec-2] c.n.c.c.a.ExceptionAdvice [ExceptionAdvice.java:22] org.springframework.web.filter.CharacterEncodingFilter.doFilterInternal(CharacterEncodingFilter.java:200)
2024-02-17 17:07:42,065 ERROR [http-nio-8080-exec-2] c.n.c.c.a.ExceptionAdvice [ExceptionAdvice.java:22] org.springframework.web.filter.OncePerRequestFilter.doFilter(OncePerRequestFilter.java:107)
2024-02-17 17:07:42,065 ERROR [http-nio-8080-exec-2] c.n.c.c.a.ExceptionAdvice [ExceptionAdvice.java:22] org.apache.catalina.core.ApplicationFilterChain.internalDoFilter(ApplicationFilterChain.java:193)
2024-02-17 17:07:42,065 ERROR [http-nio-8080-exec-2] c.n.c.c.a.ExceptionAdvice [ExceptionAdvice.java:22] org.apache.catalina.core.ApplicationFilterChain.doFilter(ApplicationFilterChain.java:166)
2024-02-17 17:07:42,065 ERROR [http-nio-8080-exec-2] c.n.c.c.a.ExceptionAdvice [ExceptionAdvice.java:22] org.apache.catalina.core.StandardWrapperValve.invoke(StandardWrapperValve.java:200)
2024-02-17 17:07:42,065 ERROR [http-nio-8080-exec-2] c.n.c.c.a.ExceptionAdvice [ExceptionAdvice.java:22] org.apache.catalina.core.StandardContextValve.invoke(StandardContextValve.java:96)
2024-02-17 17:07:42,065 ERROR [http-nio-8080-exec-2] c.n.c.c.a.ExceptionAdvice [ExceptionAdvice.java:22] org.apache.catalina.authenticator.AuthenticatorBase.invoke(AuthenticatorBase.java:490)
2024-02-17 17:07:42,065 ERROR [http-nio-8080-exec-2] c.n.c.c.a.ExceptionAdvice [ExceptionAdvice.java:22] org.apache.catalina.core.StandardHostValve.invoke(StandardHostValve.java:139)
2024-02-17 17:07:42,065 ERROR [http-nio-8080-exec-2] c.n.c.c.a.ExceptionAdvice [ExceptionAdvice.java:22] org.apache.catalina.valves.ErrorReportValve.invoke(ErrorReportValve.java:92)
2024-02-17 17:07:42,065 ERROR [http-nio-8080-exec-2] c.n.c.c.a.ExceptionAdvice [ExceptionAdvice.java:22] org.apache.catalina.core.StandardEngineValve.invoke(StandardEngineValve.java:74)
2024-02-17 17:07:42,065 ERROR [http-nio-8080-exec-2] c.n.c.c.a.ExceptionAdvice [ExceptionAdvice.java:22] org.apache.catalina.connector.CoyoteAdapter.service(CoyoteAdapter.java:343)
2024-02-17 17:07:42,065 ERROR [http-nio-8080-exec-2] c.n.c.c.a.ExceptionAdvice [ExceptionAdvice.java:22] org.apache.coyote.http11.Http11Processor.service(Http11Processor.java:408)
2024-02-17 17:07:42,065 ERROR [http-nio-8080-exec-2] c.n.c.c.a.ExceptionAdvice [ExceptionAdvice.java:22] org.apache.coyote.AbstractProcessorLight.process(AbstractProcessorLight.java:66)
2024-02-17 17:07:42,066 ERROR [http-nio-8080-exec-2] c.n.c.c.a.ExceptionAdvice [ExceptionAdvice.java:22] org.apache.coyote.AbstractProtocol$ConnectionHandler.process(AbstractProtocol.java:836)
2024-02-17 17:07:42,066 ERROR [http-nio-8080-exec-2] c.n.c.c.a.ExceptionAdvice [ExceptionAdvice.java:22] org.apache.tomcat.util.net.NioEndpoint$SocketProcessor.doRun(NioEndpoint.java:1747)
2024-02-17 17:07:42,066 ERROR [http-nio-8080-exec-2] c.n.c.c.a.ExceptionAdvice [ExceptionAdvice.java:22] org.apache.tomcat.util.net.SocketProcessorBase.run(SocketProcessorBase.java:49)
2024-02-17 17:07:42,066 ERROR [http-nio-8080-exec-2] c.n.c.c.a.ExceptionAdvice [ExceptionAdvice.java:22] java.util.concurrent.ThreadPoolExecutor.runWorker(ThreadPoolExecutor.java:1149)
2024-02-17 17:07:42,066 ERROR [http-nio-8080-exec-2] c.n.c.c.a.ExceptionAdvice [ExceptionAdvice.java:22] java.util.concurrent.ThreadPoolExecutor$Worker.run(ThreadPoolExecutor.java:624)
2024-02-17 17:07:42,066 ERROR [http-nio-8080-exec-2] c.n.c.c.a.ExceptionAdvice [ExceptionAdvice.java:22] org.apache.tomcat.util.threads.TaskThread$WrappingRunnable.run(TaskThread.java:61)
2024-02-17 17:07:42,066 ERROR [http-nio-8080-exec-2] c.n.c.c.a.ExceptionAdvice [ExceptionAdvice.java:22] java.lang.Thread.run(Thread.java:750)
2024-02-17 17:08:04,254 ERROR [http-nio-8080-exec-9] c.n.c.c.a.ExceptionAdvice [ExceptionAdvice.java:20] 服务器发生异常：For input string: "abc"
2024-02-17 17:08:04,255 ERROR [http-nio-8080-exec-9] c.n.c.c.a.ExceptionAdvice [ExceptionAdvice.java:22] java.lang.NumberFormatException.forInputString(NumberFormatException.java:65)
2024-02-17 17:08:04,255 ERROR [http-nio-8080-exec-9] c.n.c.c.a.ExceptionAdvice [ExceptionAdvice.java:22] java.lang.Integer.parseInt(Integer.java:580)
2024-02-17 17:08:04,255 ERROR [http-nio-8080-exec-9] c.n.c.c.a.ExceptionAdvice [ExceptionAdvice.java:22] java.lang.Integer.valueOf(Integer.java:766)
2024-02-17 17:08:04,255 ERROR [http-nio-8080-exec-9] c.n.c.c.a.ExceptionAdvice [ExceptionAdvice.java:22] com.newcode.community.controller.MessageController.sendLetter(MessageController.java:127)
2024-02-17 17:08:04,255 ERROR [http-nio-8080-exec-9] c.n.c.c.a.ExceptionAdvice [ExceptionAdvice.java:22] sun.reflect.NativeMethodAccessorImpl.invoke0(Native Method)
2024-02-17 17:08:04,255 ERROR [http-nio-8080-exec-9] c.n.c.c.a.ExceptionAdvice [ExceptionAdvice.java:22] sun.reflect.NativeMethodAccessorImpl.invoke(NativeMethodAccessorImpl.java:62)
2024-02-17 17:08:04,255 ERROR [http-nio-8080-exec-9] c.n.c.c.a.ExceptionAdvice [ExceptionAdvice.java:22] sun.reflect.DelegatingMethodAccessorImpl.invoke(DelegatingMethodAccessorImpl.java:43)
2024-02-17 17:08:04,256 ERROR [http-nio-8080-exec-9] c.n.c.c.a.ExceptionAdvice [ExceptionAdvice.java:22] java.lang.reflect.Method.invoke(Method.java:498)
2024-02-17 17:08:04,256 ERROR [http-nio-8080-exec-9] c.n.c.c.a.ExceptionAdvice [ExceptionAdvice.java:22] org.springframework.web.method.support.InvocableHandlerMethod.doInvoke(InvocableHandlerMethod.java:190)
2024-02-17 17:08:04,256 ERROR [http-nio-8080-exec-9] c.n.c.c.a.ExceptionAdvice [ExceptionAdvice.java:22] org.springframework.web.method.support.InvocableHandlerMethod.invokeForRequest(InvocableHandlerMethod.java:138)
2024-02-17 17:08:04,256 ERROR [http-nio-8080-exec-9] c.n.c.c.a.ExceptionAdvice [ExceptionAdvice.java:22] org.springframework.web.servlet.mvc.method.annotation.ServletInvocableHandlerMethod.invokeAndHandle(ServletInvocableHandlerMethod.java:104)
2024-02-17 17:08:04,256 ERROR [http-nio-8080-exec-9] c.n.c.c.a.ExceptionAdvice [ExceptionAdvice.java:22] org.springframework.web.servlet.mvc.method.annotation.RequestMappingHandlerAdapter.invokeHandlerMethod(RequestMappingHandlerAdapter.java:892)
2024-02-17 17:08:04,256 ERROR [http-nio-8080-exec-9] c.n.c.c.a.ExceptionAdvice [ExceptionAdvice.java:22] org.springframework.web.servlet.mvc.method.annotation.RequestMappingHandlerAdapter.handleInternal(RequestMappingHandlerAdapter.java:797)
2024-02-17 17:08:04,256 ERROR [http-nio-8080-exec-9] c.n.c.c.a.ExceptionAdvice [ExceptionAdvice.java:22] org.springframework.web.servlet.mvc.method.AbstractHandlerMethodAdapter.handle(AbstractHandlerMethodAdapter.java:87)
2024-02-17 17:08:04,256 ERROR [http-nio-8080-exec-9] c.n.c.c.a.ExceptionAdvice [ExceptionAdvice.java:22] org.springframework.web.servlet.DispatcherServlet.doDispatch(DispatcherServlet.java:1039)
2024-02-17 17:08:04,256 ERROR [http-nio-8080-exec-9] c.n.c.c.a.ExceptionAdvice [ExceptionAdvice.java:22] org.springframework.web.servlet.DispatcherServlet.doService(DispatcherServlet.java:942)
2024-02-17 17:08:04,256 ERROR [http-nio-8080-exec-9] c.n.c.c.a.ExceptionAdvice [ExceptionAdvice.java:22] org.springframework.web.servlet.FrameworkServlet.processRequest(FrameworkServlet.java:1005)
2024-02-17 17:08:04,257 ERROR [http-nio-8080-exec-9] c.n.c.c.a.ExceptionAdvice [ExceptionAdvice.java:22] org.springframework.web.servlet.FrameworkServlet.doPost(FrameworkServlet.java:908)
2024-02-17 17:08:04,257 ERROR [http-nio-8080-exec-9] c.n.c.c.a.ExceptionAdvice [ExceptionAdvice.java:22] javax.servlet.http.HttpServlet.service(HttpServlet.java:660)
2024-02-17 17:08:04,257 ERROR [http-nio-8080-exec-9] c.n.c.c.a.ExceptionAdvice [ExceptionAdvice.java:22] org.springframework.web.servlet.FrameworkServlet.service(FrameworkServlet.java:882)
2024-02-17 17:08:04,257 ERROR [http-nio-8080-exec-9] c.n.c.c.a.ExceptionAdvice [ExceptionAdvice.java:22] javax.servlet.http.HttpServlet.service(HttpServlet.java:741)
2024-02-17 17:08:04,257 ERROR [http-nio-8080-exec-9] c.n.c.c.a.ExceptionAdvice [ExceptionAdvice.java:22] org.apache.catalina.core.ApplicationFilterChain.internalDoFilter(ApplicationFilterChain.java:231)
2024-02-17 17:08:04,257 ERROR [http-nio-8080-exec-9] c.n.c.c.a.ExceptionAdvice [ExceptionAdvice.java:22] org.apache.catalina.core.ApplicationFilterChain.doFilter(ApplicationFilterChain.java:166)
2024-02-17 17:08:04,257 ERROR [http-nio-8080-exec-9] c.n.c.c.a.ExceptionAdvice [ExceptionAdvice.java:22] org.apache.tomcat.websocket.server.WsFilter.doFilter(WsFilter.java:53)
2024-02-17 17:08:04,257 ERROR [http-nio-8080-exec-9] c.n.c.c.a.ExceptionAdvice [ExceptionAdvice.java:22] org.apache.catalina.core.ApplicationFilterChain.internalDoFilter(ApplicationFilterChain.java:193)
2024-02-17 17:08:04,257 ERROR [http-nio-8080-exec-9] c.n.c.c.a.ExceptionAdvice [ExceptionAdvice.java:22] org.apache.catalina.core.ApplicationFilterChain.doFilter(ApplicationFilterChain.java:166)
2024-02-17 17:08:04,257 ERROR [http-nio-8080-exec-9] c.n.c.c.a.ExceptionAdvice [ExceptionAdvice.java:22] org.springframework.web.filter.RequestContextFilter.doFilterInternal(RequestContextFilter.java:99)
2024-02-17 17:08:04,257 ERROR [http-nio-8080-exec-9] c.n.c.c.a.ExceptionAdvice [ExceptionAdvice.java:22] org.springframework.web.filter.OncePerRequestFilter.doFilter(OncePerRequestFilter.java:107)
2024-02-17 17:08:04,257 ERROR [http-nio-8080-exec-9] c.n.c.c.a.ExceptionAdvice [ExceptionAdvice.java:22] org.apache.catalina.core.ApplicationFilterChain.internalDoFilter(ApplicationFilterChain.java:193)
2024-02-17 17:08:04,257 ERROR [http-nio-8080-exec-9] c.n.c.c.a.ExceptionAdvice [ExceptionAdvice.java:22] org.apache.catalina.core.ApplicationFilterChain.doFilter(ApplicationFilterChain.java:166)
2024-02-17 17:08:04,257 ERROR [http-nio-8080-exec-9] c.n.c.c.a.ExceptionAdvice [ExceptionAdvice.java:22] org.springframework.web.filter.FormContentFilter.doFilterInternal(FormContentFilter.java:92)
2024-02-17 17:08:04,257 ERROR [http-nio-8080-exec-9] c.n.c.c.a.ExceptionAdvice [ExceptionAdvice.java:22] org.springframework.web.filter.OncePerRequestFilter.doFilter(OncePerRequestFilter.java:107)
2024-02-17 17:08:04,258 ERROR [http-nio-8080-exec-9] c.n.c.c.a.ExceptionAdvice [ExceptionAdvice.java:22] org.apache.catalina.core.ApplicationFilterChain.internalDoFilter(ApplicationFilterChain.java:193)
2024-02-17 17:08:04,258 ERROR [http-nio-8080-exec-9] c.n.c.c.a.ExceptionAdvice [ExceptionAdvice.java:22] org.apache.catalina.core.ApplicationFilterChain.doFilter(ApplicationFilterChain.java:166)
2024-02-17 17:08:04,258 ERROR [http-nio-8080-exec-9] c.n.c.c.a.ExceptionAdvice [ExceptionAdvice.java:22] org.springframework.web.filter.HiddenHttpMethodFilter.doFilterInternal(HiddenHttpMethodFilter.java:93)
2024-02-17 17:08:04,258 ERROR [http-nio-8080-exec-9] c.n.c.c.a.ExceptionAdvice [ExceptionAdvice.java:22] org.springframework.web.filter.OncePerRequestFilter.doFilter(OncePerRequestFilter.java:107)
2024-02-17 17:08:04,258 ERROR [http-nio-8080-exec-9] c.n.c.c.a.ExceptionAdvice [ExceptionAdvice.java:22] org.apache.catalina.core.ApplicationFilterChain.internalDoFilter(ApplicationFilterChain.java:193)
2024-02-17 17:08:04,258 ERROR [http-nio-8080-exec-9] c.n.c.c.a.ExceptionAdvice [ExceptionAdvice.java:22] org.apache.catalina.core.ApplicationFilterChain.doFilter(ApplicationFilterChain.java:166)
2024-02-17 17:08:04,258 ERROR [http-nio-8080-exec-9] c.n.c.c.a.ExceptionAdvice [ExceptionAdvice.java:22] org.springframework.web.filter.CharacterEncodingFilter.doFilterInternal(CharacterEncodingFilter.java:200)
2024-02-17 17:08:04,258 ERROR [http-nio-8080-exec-9] c.n.c.c.a.ExceptionAdvice [ExceptionAdvice.java:22] org.springframework.web.filter.OncePerRequestFilter.doFilter(OncePerRequestFilter.java:107)
2024-02-17 17:08:04,258 ERROR [http-nio-8080-exec-9] c.n.c.c.a.ExceptionAdvice [ExceptionAdvice.java:22] org.apache.catalina.core.ApplicationFilterChain.internalDoFilter(ApplicationFilterChain.java:193)
2024-02-17 17:08:04,258 ERROR [http-nio-8080-exec-9] c.n.c.c.a.ExceptionAdvice [ExceptionAdvice.java:22] org.apache.catalina.core.ApplicationFilterChain.doFilter(ApplicationFilterChain.java:166)
2024-02-17 17:08:04,258 ERROR [http-nio-8080-exec-9] c.n.c.c.a.ExceptionAdvice [ExceptionAdvice.java:22] org.apache.catalina.core.StandardWrapperValve.invoke(StandardWrapperValve.java:200)
2024-02-17 17:08:04,259 ERROR [http-nio-8080-exec-9] c.n.c.c.a.ExceptionAdvice [ExceptionAdvice.java:22] org.apache.catalina.core.StandardContextValve.invoke(StandardContextValve.java:96)
2024-02-17 17:08:04,259 ERROR [http-nio-8080-exec-9] c.n.c.c.a.ExceptionAdvice [ExceptionAdvice.java:22] org.apache.catalina.authenticator.AuthenticatorBase.invoke(AuthenticatorBase.java:490)
2024-02-17 17:08:04,259 ERROR [http-nio-8080-exec-9] c.n.c.c.a.ExceptionAdvice [ExceptionAdvice.java:22] org.apache.catalina.core.StandardHostValve.invoke(StandardHostValve.java:139)
2024-02-17 17:08:04,259 ERROR [http-nio-8080-exec-9] c.n.c.c.a.ExceptionAdvice [ExceptionAdvice.java:22] org.apache.catalina.valves.ErrorReportValve.invoke(ErrorReportValve.java:92)
2024-02-17 17:08:04,259 ERROR [http-nio-8080-exec-9] c.n.c.c.a.ExceptionAdvice [ExceptionAdvice.java:22] org.apache.catalina.core.StandardEngineValve.invoke(StandardEngineValve.java:74)
2024-02-17 17:08:04,259 ERROR [http-nio-8080-exec-9] c.n.c.c.a.ExceptionAdvice [ExceptionAdvice.java:22] org.apache.catalina.connector.CoyoteAdapter.service(CoyoteAdapter.java:343)
2024-02-17 17:08:04,259 ERROR [http-nio-8080-exec-9] c.n.c.c.a.ExceptionAdvice [ExceptionAdvice.java:22] org.apache.coyote.http11.Http11Processor.service(Http11Processor.java:408)
2024-02-17 17:08:04,259 ERROR [http-nio-8080-exec-9] c.n.c.c.a.ExceptionAdvice [ExceptionAdvice.java:22] org.apache.coyote.AbstractProcessorLight.process(AbstractProcessorLight.java:66)
2024-02-17 17:08:04,259 ERROR [http-nio-8080-exec-9] c.n.c.c.a.ExceptionAdvice [ExceptionAdvice.java:22] org.apache.coyote.AbstractProtocol$ConnectionHandler.process(AbstractProtocol.java:836)
2024-02-17 17:08:04,260 ERROR [http-nio-8080-exec-9] c.n.c.c.a.ExceptionAdvice [ExceptionAdvice.java:22] org.apache.tomcat.util.net.NioEndpoint$SocketProcessor.doRun(NioEndpoint.java:1747)
2024-02-17 17:08:04,260 ERROR [http-nio-8080-exec-9] c.n.c.c.a.ExceptionAdvice [ExceptionAdvice.java:22] org.apache.tomcat.util.net.SocketProcessorBase.run(SocketProcessorBase.java:49)
2024-02-17 17:08:04,260 ERROR [http-nio-8080-exec-9] c.n.c.c.a.ExceptionAdvice [ExceptionAdvice.java:22] java.util.concurrent.ThreadPoolExecutor.runWorker(ThreadPoolExecutor.java:1149)
2024-02-17 17:08:04,260 ERROR [http-nio-8080-exec-9] c.n.c.c.a.ExceptionAdvice [ExceptionAdvice.java:22] java.util.concurrent.ThreadPoolExecutor$Worker.run(ThreadPoolExecutor.java:624)
2024-02-17 17:08:04,260 ERROR [http-nio-8080-exec-9] c.n.c.c.a.ExceptionAdvice [ExceptionAdvice.java:22] org.apache.tomcat.util.threads.TaskThread$WrappingRunnable.run(TaskThread.java:61)
2024-02-17 17:08:04,260 ERROR [http-nio-8080-exec-9] c.n.c.c.a.ExceptionAdvice [ExceptionAdvice.java:22] java.lang.Thread.run(Thread.java:750)
